{"D:\\projects\\Nestly\\backend\\src\\modules\\auth\\auth.service.ts":{"path":"D:\\projects\\Nestly\\backend\\src\\modules\\auth\\auth.service.ts","statementMap":{"0":{"start":{"line":1,"column":0},"end":{"line":1,"column":80}},"1":{"start":{"line":1,"column":80},"end":{"line":17,"column":4}},"2":{"start":{"line":2,"column":26},"end":{"line":2,"column":39}},"3":{"start":{"line":2,"column":54},"end":{"line":2,"column":75}},"4":{"start":{"line":2,"column":97},"end":{"line":2,"column":128}},"5":{"start":{"line":2,"column":151},"end":{"line":2,"column":177}},"6":{"start":{"line":2,"column":195},"end":{"line":2,"column":216}},"7":{"start":{"line":2,"column":234},"end":{"line":2,"column":265}},"8":{"start":{"line":2,"column":277},"end":{"line":2,"column":343}},"9":{"start":{"line":2,"column":293},"end":{"line":2,"column":343}},"10":{"start":{"line":2,"column":357},"end":{"line":2,"column":447}},"11":{"start":{"line":2,"column":372},"end":{"line":2,"column":446}},"12":{"start":{"line":2,"column":392},"end":{"line":2,"column":446}},"13":{"start":{"line":2,"column":464},"end":{"line":2,"column":741}},"14":{"start":{"line":2,"column":488},"end":{"line":2,"column":731}},"15":{"start":{"line":2,"column":547},"end":{"line":2,"column":730}},"16":{"start":{"line":2,"column":586},"end":{"line":2,"column":730}},"17":{"start":{"line":2,"column":630},"end":{"line":2,"column":730}},"18":{"start":{"line":2,"column":656},"end":{"line":2,"column":665}},"19":{"start":{"line":2,"column":731},"end":{"line":2,"column":740}},"20":{"start":{"line":2,"column":754},"end":{"line":2,"column":942}},"21":{"start":{"line":2,"column":780},"end":{"line":2,"column":941}},"22":{"start":{"line":2,"column":960},"end":{"line":2,"column":1021}},"23":{"start":{"line":2,"column":965},"end":{"line":2,"column":1021}},"24":{"start":{"line":2,"column":1047},"end":{"line":2,"column":1049}},"25":{"start":{"line":2,"column":1050},"end":{"line":2,"column":1414}},"26":{"start":{"line":2,"column":1109},"end":{"line":2,"column":1145}},"27":{"start":{"line":2,"column":1163},"end":{"line":2,"column":1175}},"28":{"start":{"line":2,"column":1202},"end":{"line":2,"column":1223}},"29":{"start":{"line":2,"column":1241},"end":{"line":2,"column":1253}},"30":{"start":{"line":2,"column":1273},"end":{"line":2,"column":1287}},"31":{"start":{"line":2,"column":1308},"end":{"line":2,"column":1323}},"32":{"start":{"line":2,"column":1349},"end":{"line":2,"column":1369}},"33":{"start":{"line":2,"column":1393},"end":{"line":2,"column":1411}},"34":{"start":{"line":2,"column":1414},"end":{"line":2,"column":1464}},"35":{"start":{"line":2,"column":1484},"end":{"line":2,"column":1531}},"36":{"start":{"line":2,"column":1549},"end":{"line":2,"column":1592}},"37":{"start":{"line":2,"column":1610},"end":{"line":2,"column":1653}},"38":{"start":{"line":2,"column":1702},"end":{"line":2,"column":1761}},"39":{"start":{"line":2,"column":1762},"end":{"line":2,"column":1851}},"40":{"start":{"line":2,"column":1772},"end":{"line":2,"column":1850}},"41":{"start":{"line":2,"column":1869},"end":{"line":2,"column":1950}},"42":{"start":{"line":2,"column":1970},"end":{"line":2,"column":2052}},"43":{"start":{"line":2,"column":2063},"end":{"line":2,"column":2144}},"44":{"start":{"line":2,"column":2156},"end":{"line":9,"column":3}},"45":{"start":{"line":9,"column":4},"end":{"line":9,"column":100}},"46":{"start":{"line":9,"column":100},"end":{"line":9,"column":137}},"47":{"start":{"line":9,"column":138},"end":{"line":9,"column":180}},"48":{"start":{"line":9,"column":235},"end":{"line":9,"column":296}},"49":{"start":{"line":9,"column":297},"end":{"line":9,"column":368}},"50":{"start":{"line":9,"column":307},"end":{"line":9,"column":367}},"51":{"start":{"line":9,"column":386},"end":{"line":9,"column":467}},"52":{"start":{"line":9,"column":468},"end":{"line":9,"column":546}},"53":{"start":{"line":9,"column":485},"end":{"line":9,"column":545}},"54":{"start":{"line":9,"column":564},"end":{"line":9,"column":645}},"55":{"start":{"line":9,"column":665},"end":{"line":9,"column":747}},"56":{"start":{"line":9,"column":748},"end":{"line":9,"column":785}},"57":{"start":{"line":9,"column":786},"end":{"line":9,"column":822}},"58":{"start":{"line":9,"column":887},"end":{"line":9,"column":962}},"59":{"start":{"line":9,"column":963},"end":{"line":9,"column":1072}},"60":{"start":{"line":9,"column":983},"end":{"line":9,"column":1071}},"61":{"start":{"line":9,"column":1084},"end":{"line":9,"column":1185}},"62":{"start":{"line":9,"column":1186},"end":{"line":9,"column":1198}},"63":{"start":{"line":9,"column":1199},"end":{"line":9,"column":1239}},"64":{"start":{"line":9,"column":1285},"end":{"line":9,"column":1365}},"65":{"start":{"line":9,"column":1376},"end":{"line":9,"column":1477}},"66":{"start":{"line":9,"column":1478},"end":{"line":9,"column":1489}},"67":{"start":{"line":9,"column":1490},"end":{"line":9,"column":1538}},"68":{"start":{"line":9,"column":1593},"end":{"line":9,"column":1674}},"69":{"start":{"line":9,"column":1675},"end":{"line":9,"column":1741}},"70":{"start":{"line":9,"column":1685},"end":{"line":9,"column":1740}},"71":{"start":{"line":9,"column":1755},"end":{"line":9,"column":1833}},"72":{"start":{"line":9,"column":1845},"end":{"line":16,"column":3}},"73":{"start":{"line":16,"column":4},"end":{"line":16,"column":96}},"74":{"start":{"line":16,"column":97},"end":{"line":16,"column":151}},"75":{"start":{"line":16,"column":211},"end":{"line":16,"column":293}},"76":{"start":{"line":16,"column":314},"end":{"line":16,"column":384}},"77":{"start":{"line":16,"column":403},"end":{"line":16,"column":512}},"78":{"start":{"line":16,"column":513},"end":{"line":16,"column":604}},"79":{"start":{"line":16,"column":530},"end":{"line":16,"column":603}},"80":{"start":{"line":16,"column":604},"end":{"line":16,"column":622}},"81":{"start":{"line":16,"column":623},"end":{"line":16,"column":675}},"82":{"start":{"line":16,"column":694},"end":{"line":16,"column":801}},"83":{"start":{"line":16,"column":802},"end":{"line":16,"column":967}}},"fnMap":{"0":{"name":"(anonymous_0)","decl":{"start":{"line":1,"column":81},"end":{"line":1,"column":82}},"loc":{"start":{"line":1,"column":85},"end":{"line":17,"column":1}},"line":1},"1":{"name":"(anonymous_1)","decl":{"start":{"line":2,"column":277},"end":{"line":2,"column":278}},"loc":{"start":{"line":2,"column":293},"end":{"line":2,"column":343}},"line":2},"2":{"name":"(anonymous_2)","decl":{"start":{"line":2,"column":357},"end":{"line":2,"column":358}},"loc":{"start":{"line":2,"column":371},"end":{"line":2,"column":447}},"line":2},"3":{"name":"(anonymous_3)","decl":{"start":{"line":2,"column":464},"end":{"line":2,"column":465}},"loc":{"start":{"line":2,"column":487},"end":{"line":2,"column":741}},"line":2},"4":{"name":"(anonymous_4)","decl":{"start":{"line":2,"column":652},"end":{"line":2,"column":653}},"loc":{"start":{"line":2,"column":656},"end":{"line":2,"column":665}},"line":2},"5":{"name":"(anonymous_5)","decl":{"start":{"line":2,"column":754},"end":{"line":2,"column":755}},"loc":{"start":{"line":2,"column":780},"end":{"line":2,"column":941}},"line":2},"6":{"name":"(anonymous_6)","decl":{"start":{"line":2,"column":960},"end":{"line":2,"column":961}},"loc":{"start":{"line":2,"column":965},"end":{"line":2,"column":1021}},"line":2},"7":{"name":"(anonymous_7)","decl":{"start":{"line":2,"column":1105},"end":{"line":2,"column":1106}},"loc":{"start":{"line":2,"column":1109},"end":{"line":2,"column":1145}},"line":2},"8":{"name":"(anonymous_8)","decl":{"start":{"line":2,"column":1159},"end":{"line":2,"column":1160}},"loc":{"start":{"line":2,"column":1163},"end":{"line":2,"column":1175}},"line":2},"9":{"name":"(anonymous_9)","decl":{"start":{"line":2,"column":1198},"end":{"line":2,"column":1199}},"loc":{"start":{"line":2,"column":1202},"end":{"line":2,"column":1223}},"line":2},"10":{"name":"(anonymous_10)","decl":{"start":{"line":2,"column":1237},"end":{"line":2,"column":1238}},"loc":{"start":{"line":2,"column":1241},"end":{"line":2,"column":1253}},"line":2},"11":{"name":"(anonymous_11)","decl":{"start":{"line":2,"column":1269},"end":{"line":2,"column":1270}},"loc":{"start":{"line":2,"column":1273},"end":{"line":2,"column":1287}},"line":2},"12":{"name":"(anonymous_12)","decl":{"start":{"line":2,"column":1304},"end":{"line":2,"column":1305}},"loc":{"start":{"line":2,"column":1308},"end":{"line":2,"column":1323}},"line":2},"13":{"name":"(anonymous_13)","decl":{"start":{"line":2,"column":1345},"end":{"line":2,"column":1346}},"loc":{"start":{"line":2,"column":1349},"end":{"line":2,"column":1369}},"line":2},"14":{"name":"(anonymous_14)","decl":{"start":{"line":2,"column":1389},"end":{"line":2,"column":1390}},"loc":{"start":{"line":2,"column":1393},"end":{"line":2,"column":1411}},"line":2},"15":{"name":"registerService","decl":{"start":{"line":2,"column":1669},"end":{"line":2,"column":1684}},"loc":{"start":{"line":2,"column":1690},"end":{"line":9,"column":138}},"line":2},"16":{"name":"loginService","decl":{"start":{"line":9,"column":195},"end":{"line":9,"column":207}},"loc":{"start":{"line":9,"column":223},"end":{"line":9,"column":786}},"line":9},"17":{"name":"refreshService","decl":{"start":{"line":9,"column":837},"end":{"line":9,"column":851}},"loc":{"start":{"line":9,"column":865},"end":{"line":9,"column":1199}},"line":9},"18":{"name":"verifyEmailService","decl":{"start":{"line":9,"column":1254},"end":{"line":9,"column":1272}},"loc":{"start":{"line":9,"column":1284},"end":{"line":9,"column":1490}},"line":9},"19":{"name":"forgotPasswordService","decl":{"start":{"line":9,"column":1553},"end":{"line":9,"column":1574}},"loc":{"start":{"line":9,"column":1581},"end":{"line":16,"column":97}},"line":9},"20":{"name":"resetPasswordService","decl":{"start":{"line":16,"column":166},"end":{"line":16,"column":186}},"loc":{"start":{"line":16,"column":210},"end":{"line":16,"column":623}},"line":16}},"branchMap":{"0":{"loc":{"start":{"line":2,"column":488},"end":{"line":2,"column":731}},"type":"if","locations":[{"start":{"line":2,"column":488},"end":{"line":2,"column":731}},{"start":{},"end":{}}],"line":2},"1":{"loc":{"start":{"line":2,"column":491},"end":{"line":2,"column":545}},"type":"binary-expr","locations":[{"start":{"line":2,"column":491},"end":{"line":2,"column":495}},{"start":{"line":2,"column":497},"end":{"line":2,"column":519}},{"start":{"line":2,"column":521},"end":{"line":2,"column":545}}],"line":2},"2":{"loc":{"start":{"line":2,"column":586},"end":{"line":2,"column":730}},"type":"if","locations":[{"start":{"line":2,"column":586},"end":{"line":2,"column":730}},{"start":{},"end":{}}],"line":2},"3":{"loc":{"start":{"line":2,"column":589},"end":{"line":2,"column":629}},"type":"binary-expr","locations":[{"start":{"line":2,"column":589},"end":{"line":2,"column":615}},{"start":{"line":2,"column":617},"end":{"line":2,"column":629}}],"line":2},"4":{"loc":{"start":{"line":2,"column":677},"end":{"line":2,"column":728}},"type":"binary-expr","locations":[{"start":{"line":2,"column":677},"end":{"line":2,"column":711}},{"start":{"line":2,"column":713},"end":{"line":2,"column":728}}],"line":2},"5":{"loc":{"start":{"line":2,"column":787},"end":{"line":2,"column":827}},"type":"cond-expr","locations":[{"start":{"line":2,"column":797},"end":{"line":2,"column":824}},{"start":{"line":2,"column":825},"end":{"line":2,"column":827}}],"line":2},"6":{"loc":{"start":{"line":2,"column":840},"end":{"line":2,"column":936}},"type":"cond-expr","locations":[{"start":{"line":2,"column":874},"end":{"line":2,"column":929}},{"start":{"line":2,"column":930},"end":{"line":2,"column":936}}],"line":2},"7":{"loc":{"start":{"line":2,"column":840},"end":{"line":2,"column":873}},"type":"binary-expr","locations":[{"start":{"line":2,"column":840},"end":{"line":2,"column":850}},{"start":{"line":2,"column":852},"end":{"line":2,"column":856}},{"start":{"line":2,"column":858},"end":{"line":2,"column":873}}],"line":2},"8":{"loc":{"start":{"line":2,"column":1762},"end":{"line":2,"column":1851}},"type":"if","locations":[{"start":{"line":2,"column":1762},"end":{"line":2,"column":1851}},{"start":{},"end":{}}],"line":2},"9":{"loc":{"start":{"line":9,"column":297},"end":{"line":9,"column":368}},"type":"if","locations":[{"start":{"line":9,"column":297},"end":{"line":9,"column":368}},{"start":{},"end":{}}],"line":9},"10":{"loc":{"start":{"line":9,"column":468},"end":{"line":9,"column":546}},"type":"if","locations":[{"start":{"line":9,"column":468},"end":{"line":9,"column":546}},{"start":{},"end":{}}],"line":9},"11":{"loc":{"start":{"line":9,"column":963},"end":{"line":9,"column":1072}},"type":"if","locations":[{"start":{"line":9,"column":963},"end":{"line":9,"column":1072}},{"start":{},"end":{}}],"line":9},"12":{"loc":{"start":{"line":9,"column":1675},"end":{"line":9,"column":1741}},"type":"if","locations":[{"start":{"line":9,"column":1675},"end":{"line":9,"column":1741}},{"start":{},"end":{}}],"line":9},"13":{"loc":{"start":{"line":16,"column":513},"end":{"line":16,"column":604}},"type":"if","locations":[{"start":{"line":16,"column":513},"end":{"line":16,"column":604}},{"start":{},"end":{}}],"line":16},"14":{"loc":{"start":{"line":16,"column":802},"end":{"line":16,"column":966}},"type":"binary-expr","locations":[{"start":{"line":16,"column":802},"end":{"line":16,"column":803}},{"start":{"line":16,"column":806},"end":{"line":16,"column":965}}],"line":16}},"s":{"0":1,"1":1,"2":1,"3":1,"4":1,"5":1,"6":1,"7":1,"8":1,"9":6,"10":1,"11":1,"12":8,"13":1,"14":2,"15":2,"16":10,"17":10,"18":69,"19":2,"20":1,"21":1,"22":1,"23":1,"24":1,"25":1,"26":27,"27":24,"28":2,"29":3,"30":2,"31":2,"32":2,"33":2,"34":1,"35":1,"36":1,"37":1,"38":2,"39":2,"40":1,"41":1,"42":1,"43":1,"44":1,"45":1,"46":1,"47":1,"48":3,"49":3,"50":1,"51":2,"52":2,"53":1,"54":1,"55":1,"56":1,"57":1,"58":2,"59":2,"60":1,"61":1,"62":1,"63":1,"64":2,"65":1,"66":1,"67":1,"68":2,"69":2,"70":1,"71":1,"72":1,"73":1,"74":1,"75":2,"76":1,"77":1,"78":1,"79":0,"80":1,"81":1,"82":1,"83":1},"f":{"0":1,"1":6,"2":1,"3":2,"4":69,"5":1,"6":1,"7":27,"8":24,"9":2,"10":3,"11":2,"12":2,"13":2,"14":2,"15":2,"16":3,"17":2,"18":2,"19":2,"20":2},"b":{"0":[2,0],"1":[2,2,0],"2":[10,0],"3":[10,10],"4":[10,10],"5":[1,0],"6":[0,1],"7":[1,1,1],"8":[1,1],"9":[1,2],"10":[1,1],"11":[1,1],"12":[1,1],"13":[0,1],"14":[1,0]},"inputSourceMap":{"version":3,"mappings":";8/BAAA,8cAAqB,gDAErB,IAAAA,aAAwC,4CAExC,IAAAA,aAAwC,4CAExC,eAAsB,gBAAgB,KAAmB,CACvD,MAAM,KAAO,MAAM,qCAAwB,WAAW,IAAI,EAC1D,GAAI,CAAC,KAAM,CACT,MAAM,IAAI,gBAAAC,QAAS,IAAK,uCAAuC,CACjE,CAEA,MAAM,YAAc,qCAAwB,gBAAgB,CAC1D,GAAI,KAAK,GACT,KAAM,KAAK,IACb,CAAC,EACD,MAAM,aAAe,qCAAwB,iBAAiB,CAC5D,GAAI,KAAK,GACT,KAAM,KAAK,IACb,CAAC,EACD,MAAM,IAAM,MAAM,qCAAwB,YACxC,KAAK,MACL,cACF,EAEA,MAAM,KAAO;AAAA;AAAA;AAAA;AAAA,qDAIsC,GAAG;AAAA;AAAA;AAAA,IAKtD,qCAAwB,SAAS,CAC/B,GAAI,KAAK,MACT,QAAS,oBACT,IACF,CAAC,EAED,MAAO,CAAE,YAAa,aAAc,IAAK,CAC3C,CAnCsB,0CAqCtB,eAAsB,aAAa,MAAe,SAAkB,CAClE,MAAM,KAAO,MAAM,qCAAwB,YAAY,KAAK,EAE5D,GAAI,CAAC,KAAM,CACT,MAAM,IAAI,gBAAAA,QAAS,IAAK,qBAAqB,CAC/C,CAEA,MAAM,YAAc,MAAM,qCAAwB,OAAO,QACvD,SACA,KAAK,QACP,EAEA,GAAI,CAAC,YAAa,CAChB,MAAM,IAAI,gBAAAA,QAAS,IAAK,qBAAqB,CAC/C,CAEA,MAAM,YAAc,qCAAwB,gBAAgB,CAC1D,GAAI,KAAK,GACT,KAAM,KAAK,IACb,CAAC,EACD,MAAM,aAAe,qCAAwB,iBAAiB,CAC5D,GAAI,KAAK,GACT,KAAM,KAAK,IACb,CAAC,EAED,MAAO,CAAE,YAAa,aAAc,IAAK,CAC3C,CA1BsB,oCA4BtB,eAAsB,eAAe,aAAsB,CACzD,MAAM,eACJ,MAAM,qCAAwB,mBAAmB,YAAY,EAE/D,GAAI,CAAC,eAAgB,CACnB,MAAM,IAAI,gBAAAA,QAAS,IAAK,iDAAiD,CAC3E,CAEA,MAAM,MAAQ,qCAAwB,gBAAgB,CACpD,GAAI,eAAe,GACnB,KAAM,eAAe,IACvB,CAAC,EACD,OAAO,KACT,CAbsB,wCAetB,eAAsB,mBAAmB,MAAe,KAAc,CACpE,MAAM,qCAAwB,UAAU,MAAO,KAAM,cAAc,EAEnE,MAAM,KAAO,MAAM,qCAAwB,OAAO,KAAK,OAAO,CAC5D,MAAO,CAAE,KAAa,EACtB,KAAM,CAAE,WAAY,IAAK,CAC3B,CAAC,EAED,OAAO,IACT,CATsB,gDAWtB,eAAsB,sBAAsB,MAAe,CACzD,MAAM,KAAO,MAAM,qCAAwB,OAAO,KAAK,UAAU,CAC/D,MAAO,CAAE,KAAa,CACxB,CAAC,EAED,GAAI,CAAC,KAAM,CACT,MAAM,IAAI,gBAAAA,QAAS,IAAK,gBAAgB,CAC1C,CAEA,MAAM,QAAU,MAAM,qCAAwB,YAC5C,MACA,gBACF,EAEA,MAAM,KAAO;AAAA;AAAA;AAAA;AAAA,qDAIsC,OAAO;AAAA;AAAA;AAAA,IAK1D,qCAAwB,SAAS,CAC/B,GAAI,KAAK,MACT,QAAS,iBACT,IACF,CAAC,CACH,CA5BsB,sDA8BtB,eAAsB,qBACpB,MACA,KACA,YACA,CACA,MAAM,qCAAwB,UAAU,MAAO,KAAM,gBAAgB,EAErE,MAAM,eAAiB,MAAM,qCAAwB,OAAO,KAC1D,YACA,EACF,EAEA,MAAM,YAAc,MAAM,qCAAwB,OAAO,KAAK,OAAO,CACnE,MAAO,CAAE,KAAM,EACf,KAAM,CAAE,SAAU,cAAe,CACnC,CAAC,EAED,GAAI,CAAC,YAAa,CAChB,MAAM,IAAI,gBAAAA,QAAS,IAAK,kCAAkC,CAC5D,CAIA,OAAO,WACT,CAxBsB,oDA0Bf,MAAM,aAAe,CAC1B,gBACA,aACA,eACA,mBACA,sBACA,oBACF","names":["import_auth","ApiError"],"ignoreList":[],"sources":["D:\\projects\\Nestly\\backend\\src\\modules\\auth\\auth.service.ts"],"sourcesContent":[null]},"_coverageSchema":"1a1c01bbd47fc00a2c39e90264f33305004495a9","hash":"3075384bfcfe6c193b02b25adae6566ab3d1e458","contentHash":"25a67e95ba7bc1480e3ac3889529b254f129cac0f5a356246e71526c3ed22619"},"D:\\projects\\Nestly\\backend\\src\\common\\utils\\ApiError.ts":{"path":"D:\\projects\\Nestly\\backend\\src\\common\\utils\\ApiError.ts","statementMap":{"0":{"start":{"line":1,"column":0},"end":{"line":1,"column":76}},"1":{"start":{"line":1,"column":76},"end":{"line":3,"column":4}},"2":{"start":{"line":2,"column":27},"end":{"line":2,"column":48}},"3":{"start":{"line":2,"column":70},"end":{"line":2,"column":101}},"4":{"start":{"line":2,"column":124},"end":{"line":2,"column":150}},"5":{"start":{"line":2,"column":168},"end":{"line":2,"column":199}},"6":{"start":{"line":2,"column":211},"end":{"line":2,"column":277}},"7":{"start":{"line":2,"column":227},"end":{"line":2,"column":277}},"8":{"start":{"line":2,"column":291},"end":{"line":2,"column":381}},"9":{"start":{"line":2,"column":306},"end":{"line":2,"column":380}},"10":{"start":{"line":2,"column":326},"end":{"line":2,"column":380}},"11":{"start":{"line":2,"column":398},"end":{"line":2,"column":675}},"12":{"start":{"line":2,"column":422},"end":{"line":2,"column":665}},"13":{"start":{"line":2,"column":481},"end":{"line":2,"column":664}},"14":{"start":{"line":2,"column":520},"end":{"line":2,"column":664}},"15":{"start":{"line":2,"column":564},"end":{"line":2,"column":664}},"16":{"start":{"line":2,"column":590},"end":{"line":2,"column":599}},"17":{"start":{"line":2,"column":665},"end":{"line":2,"column":674}},"18":{"start":{"line":2,"column":693},"end":{"line":2,"column":754}},"19":{"start":{"line":2,"column":698},"end":{"line":2,"column":754}},"20":{"start":{"line":2,"column":776},"end":{"line":2,"column":778}},"21":{"start":{"line":2,"column":779},"end":{"line":2,"column":837}},"22":{"start":{"line":2,"column":818},"end":{"line":2,"column":834}},"23":{"start":{"line":2,"column":837},"end":{"line":2,"column":883}},"24":{"start":{"line":2,"column":944},"end":{"line":2,"column":959}},"25":{"start":{"line":2,"column":959},"end":{"line":2,"column":986}},"26":{"start":{"line":2,"column":986},"end":{"line":2,"column":1006}},"27":{"start":{"line":2,"column":1014},"end":{"line":2,"column":1037}},"28":{"start":{"line":2,"column":1060},"end":{"line":2,"column":1068}}},"fnMap":{"0":{"name":"(anonymous_0)","decl":{"start":{"line":1,"column":77},"end":{"line":1,"column":78}},"loc":{"start":{"line":1,"column":81},"end":{"line":3,"column":1}},"line":1},"1":{"name":"(anonymous_1)","decl":{"start":{"line":2,"column":211},"end":{"line":2,"column":212}},"loc":{"start":{"line":2,"column":227},"end":{"line":2,"column":277}},"line":2},"2":{"name":"(anonymous_2)","decl":{"start":{"line":2,"column":291},"end":{"line":2,"column":292}},"loc":{"start":{"line":2,"column":305},"end":{"line":2,"column":381}},"line":2},"3":{"name":"(anonymous_3)","decl":{"start":{"line":2,"column":398},"end":{"line":2,"column":399}},"loc":{"start":{"line":2,"column":421},"end":{"line":2,"column":675}},"line":2},"4":{"name":"(anonymous_4)","decl":{"start":{"line":2,"column":586},"end":{"line":2,"column":587}},"loc":{"start":{"line":2,"column":590},"end":{"line":2,"column":599}},"line":2},"5":{"name":"(anonymous_5)","decl":{"start":{"line":2,"column":693},"end":{"line":2,"column":694}},"loc":{"start":{"line":2,"column":698},"end":{"line":2,"column":754}},"line":2},"6":{"name":"(anonymous_6)","decl":{"start":{"line":2,"column":814},"end":{"line":2,"column":815}},"loc":{"start":{"line":2,"column":818},"end":{"line":2,"column":834}},"line":2},"7":{"name":"(anonymous_7)","decl":{"start":{"line":2,"column":912},"end":{"line":2,"column":913}},"loc":{"start":{"line":2,"column":943},"end":{"line":2,"column":1007}},"line":2}},"branchMap":{"0":{"loc":{"start":{"line":2,"column":422},"end":{"line":2,"column":665}},"type":"if","locations":[{"start":{"line":2,"column":422},"end":{"line":2,"column":665}},{"start":{},"end":{}}],"line":2},"1":{"loc":{"start":{"line":2,"column":425},"end":{"line":2,"column":479}},"type":"binary-expr","locations":[{"start":{"line":2,"column":425},"end":{"line":2,"column":429}},{"start":{"line":2,"column":431},"end":{"line":2,"column":453}},{"start":{"line":2,"column":455},"end":{"line":2,"column":479}}],"line":2},"2":{"loc":{"start":{"line":2,"column":520},"end":{"line":2,"column":664}},"type":"if","locations":[{"start":{"line":2,"column":520},"end":{"line":2,"column":664}},{"start":{},"end":{}}],"line":2},"3":{"loc":{"start":{"line":2,"column":523},"end":{"line":2,"column":563}},"type":"binary-expr","locations":[{"start":{"line":2,"column":523},"end":{"line":2,"column":549}},{"start":{"line":2,"column":551},"end":{"line":2,"column":563}}],"line":2},"4":{"loc":{"start":{"line":2,"column":611},"end":{"line":2,"column":662}},"type":"binary-expr","locations":[{"start":{"line":2,"column":611},"end":{"line":2,"column":645}},{"start":{"line":2,"column":647},"end":{"line":2,"column":662}}],"line":2}},"s":{"0":1,"1":1,"2":1,"3":1,"4":1,"5":1,"6":1,"7":1,"8":1,"9":1,"10":1,"11":1,"12":1,"13":1,"14":1,"15":1,"16":28,"17":1,"18":1,"19":1,"20":1,"21":1,"22":28,"23":1,"24":28,"25":28,"26":28,"27":1,"28":1},"f":{"0":1,"1":1,"2":1,"3":1,"4":28,"5":1,"6":28,"7":28},"b":{"0":[1,0],"1":[1,1,0],"2":[1,0],"3":[1,1],"4":[1,1]},"inputSourceMap":{"version":3,"mappings":";mvBAAA,sIAAM,iBAAiB,KAAM,CAC3B,YACS,WACA,QACP,CACA,MAAM,OAAO,EAHN,2BACA,oBAGT,CANF,MAA6B,yBAO7B,CAEA,IAAO,iBAAQ","names":[],"ignoreList":[],"sources":["D:\\projects\\Nestly\\backend\\src\\common\\utils\\ApiError.ts"],"sourcesContent":[null]},"_coverageSchema":"1a1c01bbd47fc00a2c39e90264f33305004495a9","hash":"b8400e4674fc0d538a7527e52258b8187db95960","contentHash":"7ce6827fca9eece63b24441cfc3fda36eb06230e642223d9a8e1fd98b8a21691"},"D:\\projects\\Nestly\\backend\\src\\modules\\auth\\dependencies\\auth.dependencies.ts":{"path":"D:\\projects\\Nestly\\backend\\src\\modules\\auth\\dependencies\\auth.dependencies.ts","statementMap":{"0":{"start":{"line":1,"column":0},"end":{"line":1,"column":99}},"1":{"start":{"line":1,"column":99},"end":{"line":3,"column":4}},"2":{"start":{"line":2,"column":26},"end":{"line":2,"column":39}},"3":{"start":{"line":2,"column":54},"end":{"line":2,"column":75}},"4":{"start":{"line":2,"column":97},"end":{"line":2,"column":128}},"5":{"start":{"line":2,"column":151},"end":{"line":2,"column":177}},"6":{"start":{"line":2,"column":195},"end":{"line":2,"column":216}},"7":{"start":{"line":2,"column":234},"end":{"line":2,"column":265}},"8":{"start":{"line":2,"column":277},"end":{"line":2,"column":343}},"9":{"start":{"line":2,"column":293},"end":{"line":2,"column":343}},"10":{"start":{"line":2,"column":357},"end":{"line":2,"column":447}},"11":{"start":{"line":2,"column":372},"end":{"line":2,"column":446}},"12":{"start":{"line":2,"column":392},"end":{"line":2,"column":446}},"13":{"start":{"line":2,"column":464},"end":{"line":2,"column":741}},"14":{"start":{"line":2,"column":488},"end":{"line":2,"column":731}},"15":{"start":{"line":2,"column":547},"end":{"line":2,"column":730}},"16":{"start":{"line":2,"column":586},"end":{"line":2,"column":730}},"17":{"start":{"line":2,"column":630},"end":{"line":2,"column":730}},"18":{"start":{"line":2,"column":656},"end":{"line":2,"column":665}},"19":{"start":{"line":2,"column":731},"end":{"line":2,"column":740}},"20":{"start":{"line":2,"column":754},"end":{"line":2,"column":942}},"21":{"start":{"line":2,"column":780},"end":{"line":2,"column":941}},"22":{"start":{"line":2,"column":960},"end":{"line":2,"column":1021}},"23":{"start":{"line":2,"column":965},"end":{"line":2,"column":1021}},"24":{"start":{"line":2,"column":1052},"end":{"line":2,"column":1054}},"25":{"start":{"line":2,"column":1055},"end":{"line":2,"column":1145}},"26":{"start":{"line":2,"column":1119},"end":{"line":2,"column":1142}},"27":{"start":{"line":2,"column":1145},"end":{"line":2,"column":1200}},"28":{"start":{"line":2,"column":1220},"end":{"line":2,"column":1248}},"29":{"start":{"line":2,"column":1267},"end":{"line":2,"column":1305}},"30":{"start":{"line":2,"column":1321},"end":{"line":2,"column":1357}},"31":{"start":{"line":2,"column":1375},"end":{"line":2,"column":1411}},"32":{"start":{"line":2,"column":1427},"end":{"line":2,"column":1459}},"33":{"start":{"line":2,"column":1476},"end":{"line":2,"column":1510}},"34":{"start":{"line":2,"column":1528},"end":{"line":2,"column":1685}},"35":{"start":{"line":2,"column":1558},"end":{"line":2,"column":1600}},"36":{"start":{"line":2,"column":1634},"end":{"line":2,"column":1673}},"37":{"start":{"line":2,"column":1716},"end":{"line":2,"column":2071}},"38":{"start":{"line":2,"column":2072},"end":{"line":2,"column":2118}}},"fnMap":{"0":{"name":"(anonymous_0)","decl":{"start":{"line":1,"column":100},"end":{"line":1,"column":101}},"loc":{"start":{"line":1,"column":104},"end":{"line":3,"column":1}},"line":1},"1":{"name":"(anonymous_1)","decl":{"start":{"line":2,"column":277},"end":{"line":2,"column":278}},"loc":{"start":{"line":2,"column":293},"end":{"line":2,"column":343}},"line":2},"2":{"name":"(anonymous_2)","decl":{"start":{"line":2,"column":357},"end":{"line":2,"column":358}},"loc":{"start":{"line":2,"column":371},"end":{"line":2,"column":447}},"line":2},"3":{"name":"(anonymous_3)","decl":{"start":{"line":2,"column":464},"end":{"line":2,"column":465}},"loc":{"start":{"line":2,"column":487},"end":{"line":2,"column":741}},"line":2},"4":{"name":"(anonymous_4)","decl":{"start":{"line":2,"column":652},"end":{"line":2,"column":653}},"loc":{"start":{"line":2,"column":656},"end":{"line":2,"column":665}},"line":2},"5":{"name":"(anonymous_5)","decl":{"start":{"line":2,"column":754},"end":{"line":2,"column":755}},"loc":{"start":{"line":2,"column":780},"end":{"line":2,"column":941}},"line":2},"6":{"name":"(anonymous_6)","decl":{"start":{"line":2,"column":960},"end":{"line":2,"column":961}},"loc":{"start":{"line":2,"column":965},"end":{"line":2,"column":1021}},"line":2},"7":{"name":"(anonymous_7)","decl":{"start":{"line":2,"column":1115},"end":{"line":2,"column":1116}},"loc":{"start":{"line":2,"column":1119},"end":{"line":2,"column":1142}},"line":2},"8":{"name":"(anonymous_8)","decl":{"start":{"line":2,"column":1552},"end":{"line":2,"column":1553}},"loc":{"start":{"line":2,"column":1558},"end":{"line":2,"column":1600}},"line":2},"9":{"name":"(anonymous_9)","decl":{"start":{"line":2,"column":1628},"end":{"line":2,"column":1629}},"loc":{"start":{"line":2,"column":1634},"end":{"line":2,"column":1673}},"line":2}},"branchMap":{"0":{"loc":{"start":{"line":2,"column":488},"end":{"line":2,"column":731}},"type":"if","locations":[{"start":{"line":2,"column":488},"end":{"line":2,"column":731}},{"start":{},"end":{}}],"line":2},"1":{"loc":{"start":{"line":2,"column":491},"end":{"line":2,"column":545}},"type":"binary-expr","locations":[{"start":{"line":2,"column":491},"end":{"line":2,"column":495}},{"start":{"line":2,"column":497},"end":{"line":2,"column":519}},{"start":{"line":2,"column":521},"end":{"line":2,"column":545}}],"line":2},"2":{"loc":{"start":{"line":2,"column":586},"end":{"line":2,"column":730}},"type":"if","locations":[{"start":{"line":2,"column":586},"end":{"line":2,"column":730}},{"start":{},"end":{}}],"line":2},"3":{"loc":{"start":{"line":2,"column":589},"end":{"line":2,"column":629}},"type":"binary-expr","locations":[{"start":{"line":2,"column":589},"end":{"line":2,"column":615}},{"start":{"line":2,"column":617},"end":{"line":2,"column":629}}],"line":2},"4":{"loc":{"start":{"line":2,"column":677},"end":{"line":2,"column":728}},"type":"binary-expr","locations":[{"start":{"line":2,"column":677},"end":{"line":2,"column":711}},{"start":{"line":2,"column":713},"end":{"line":2,"column":728}}],"line":2},"5":{"loc":{"start":{"line":2,"column":787},"end":{"line":2,"column":827}},"type":"cond-expr","locations":[{"start":{"line":2,"column":797},"end":{"line":2,"column":824}},{"start":{"line":2,"column":825},"end":{"line":2,"column":827}}],"line":2},"6":{"loc":{"start":{"line":2,"column":840},"end":{"line":2,"column":936}},"type":"cond-expr","locations":[{"start":{"line":2,"column":874},"end":{"line":2,"column":929}},{"start":{"line":2,"column":930},"end":{"line":2,"column":936}}],"line":2},"7":{"loc":{"start":{"line":2,"column":840},"end":{"line":2,"column":873}},"type":"binary-expr","locations":[{"start":{"line":2,"column":840},"end":{"line":2,"column":850}},{"start":{"line":2,"column":852},"end":{"line":2,"column":856}},{"start":{"line":2,"column":858},"end":{"line":2,"column":873}}],"line":2},"8":{"loc":{"start":{"line":2,"column":2072},"end":{"line":2,"column":2117}},"type":"binary-expr","locations":[{"start":{"line":2,"column":2072},"end":{"line":2,"column":2073}},{"start":{"line":2,"column":2076},"end":{"line":2,"column":2116}}],"line":2}},"s":{"0":1,"1":1,"2":1,"3":1,"4":1,"5":1,"6":1,"7":1,"8":1,"9":2,"10":1,"11":1,"12":1,"13":1,"14":3,"15":3,"16":15,"17":15,"18":54,"19":3,"20":1,"21":2,"22":1,"23":1,"24":1,"25":1,"26":54,"27":1,"28":1,"29":1,"30":1,"31":1,"32":1,"33":1,"34":1,"35":0,"36":0,"37":1,"38":1},"f":{"0":1,"1":2,"2":1,"3":3,"4":54,"5":2,"6":1,"7":54,"8":0,"9":0},"b":{"0":[3,0],"1":[3,3,0],"2":[15,0],"3":[15,15],"4":[15,15],"5":[2,0],"6":[1,1],"7":[2,2,2],"8":[1,0]},"inputSourceMap":{"version":3,"mappings":";8/BAAA,sMAAmB,6BACnB,kBAAmB,uCACnB,eAIO,qCACP,iBAAwC,qCACxC,eAAuC,iCACvC,gBAAyB,mCAGzB,MAAM,WAAyB,CAC7B,KAAM,CACJ,UAAW,OAAC,MACV,cAAAA,QAAO,KAAK,UACV,IACF,EAHS,aAIX,OAAQ,OAAC,MACP,cAAAA,QAAO,KAAK,OACV,IACF,EAHM,SAIV,CACF,EAEO,MAAM,wBAA0B,CACrC,mCACA,qCACA,2CACA,6CACA,iDACA,mCACA,+BACA,8BACA,uBAAAC,QACA,OAAQ,UACV","names":["prisma","bcrypt"],"ignoreList":[],"sources":["D:\\projects\\Nestly\\backend\\src\\modules\\auth\\dependencies\\auth.dependencies.ts"],"sourcesContent":[null]},"_coverageSchema":"1a1c01bbd47fc00a2c39e90264f33305004495a9","hash":"848621dc2d3f4a9bea9cc2e8e31cf45971569f80","contentHash":"b4df804cf0655f20c4f208fe8a9e3f695539806c2e3e3eb57f3bc0f9067b4a11"},"D:\\projects\\Nestly\\backend\\src\\db\\prisma.ts":{"path":"D:\\projects\\Nestly\\backend\\src\\db\\prisma.ts","statementMap":{"0":{"start":{"line":1,"column":0},"end":{"line":1,"column":63}},"1":{"start":{"line":1,"column":63},"end":{"line":3,"column":4}},"2":{"start":{"line":2,"column":26},"end":{"line":2,"column":39}},"3":{"start":{"line":2,"column":54},"end":{"line":2,"column":75}},"4":{"start":{"line":2,"column":97},"end":{"line":2,"column":128}},"5":{"start":{"line":2,"column":151},"end":{"line":2,"column":177}},"6":{"start":{"line":2,"column":195},"end":{"line":2,"column":216}},"7":{"start":{"line":2,"column":234},"end":{"line":2,"column":265}},"8":{"start":{"line":2,"column":279},"end":{"line":2,"column":369}},"9":{"start":{"line":2,"column":294},"end":{"line":2,"column":368}},"10":{"start":{"line":2,"column":314},"end":{"line":2,"column":368}},"11":{"start":{"line":2,"column":386},"end":{"line":2,"column":663}},"12":{"start":{"line":2,"column":410},"end":{"line":2,"column":653}},"13":{"start":{"line":2,"column":469},"end":{"line":2,"column":652}},"14":{"start":{"line":2,"column":508},"end":{"line":2,"column":652}},"15":{"start":{"line":2,"column":552},"end":{"line":2,"column":652}},"16":{"start":{"line":2,"column":578},"end":{"line":2,"column":587}},"17":{"start":{"line":2,"column":653},"end":{"line":2,"column":662}},"18":{"start":{"line":2,"column":676},"end":{"line":2,"column":864}},"19":{"start":{"line":2,"column":702},"end":{"line":2,"column":863}},"20":{"start":{"line":2,"column":882},"end":{"line":2,"column":943}},"21":{"start":{"line":2,"column":887},"end":{"line":2,"column":943}},"22":{"start":{"line":2,"column":963},"end":{"line":2,"column":965}},"23":{"start":{"line":2,"column":966},"end":{"line":2,"column":1020}},"24":{"start":{"line":2,"column":1003},"end":{"line":2,"column":1017}},"25":{"start":{"line":2,"column":1020},"end":{"line":2,"column":1064}},"26":{"start":{"line":2,"column":1082},"end":{"line":2,"column":1107}},"27":{"start":{"line":2,"column":1123},"end":{"line":2,"column":1156}},"28":{"start":{"line":2,"column":1179},"end":{"line":2,"column":1208}},"29":{"start":{"line":2,"column":1229},"end":{"line":2,"column":1310}},"30":{"start":{"line":2,"column":1324},"end":{"line":2,"column":1379}},"31":{"start":{"line":2,"column":1399},"end":{"line":2,"column":1405}}},"fnMap":{"0":{"name":"(anonymous_0)","decl":{"start":{"line":1,"column":64},"end":{"line":1,"column":65}},"loc":{"start":{"line":1,"column":68},"end":{"line":3,"column":1}},"line":1},"1":{"name":"(anonymous_1)","decl":{"start":{"line":2,"column":279},"end":{"line":2,"column":280}},"loc":{"start":{"line":2,"column":293},"end":{"line":2,"column":369}},"line":2},"2":{"name":"(anonymous_2)","decl":{"start":{"line":2,"column":386},"end":{"line":2,"column":387}},"loc":{"start":{"line":2,"column":409},"end":{"line":2,"column":663}},"line":2},"3":{"name":"(anonymous_3)","decl":{"start":{"line":2,"column":574},"end":{"line":2,"column":575}},"loc":{"start":{"line":2,"column":578},"end":{"line":2,"column":587}},"line":2},"4":{"name":"(anonymous_4)","decl":{"start":{"line":2,"column":676},"end":{"line":2,"column":677}},"loc":{"start":{"line":2,"column":702},"end":{"line":2,"column":863}},"line":2},"5":{"name":"(anonymous_5)","decl":{"start":{"line":2,"column":882},"end":{"line":2,"column":883}},"loc":{"start":{"line":2,"column":887},"end":{"line":2,"column":943}},"line":2},"6":{"name":"(anonymous_6)","decl":{"start":{"line":2,"column":999},"end":{"line":2,"column":1000}},"loc":{"start":{"line":2,"column":1003},"end":{"line":2,"column":1017}},"line":2}},"branchMap":{"0":{"loc":{"start":{"line":2,"column":410},"end":{"line":2,"column":653}},"type":"if","locations":[{"start":{"line":2,"column":410},"end":{"line":2,"column":653}},{"start":{},"end":{}}],"line":2},"1":{"loc":{"start":{"line":2,"column":413},"end":{"line":2,"column":467}},"type":"binary-expr","locations":[{"start":{"line":2,"column":413},"end":{"line":2,"column":417}},{"start":{"line":2,"column":419},"end":{"line":2,"column":441}},{"start":{"line":2,"column":443},"end":{"line":2,"column":467}}],"line":2},"2":{"loc":{"start":{"line":2,"column":508},"end":{"line":2,"column":652}},"type":"if","locations":[{"start":{"line":2,"column":508},"end":{"line":2,"column":652}},{"start":{},"end":{}}],"line":2},"3":{"loc":{"start":{"line":2,"column":511},"end":{"line":2,"column":551}},"type":"binary-expr","locations":[{"start":{"line":2,"column":511},"end":{"line":2,"column":537}},{"start":{"line":2,"column":539},"end":{"line":2,"column":551}}],"line":2},"4":{"loc":{"start":{"line":2,"column":599},"end":{"line":2,"column":650}},"type":"binary-expr","locations":[{"start":{"line":2,"column":599},"end":{"line":2,"column":633}},{"start":{"line":2,"column":635},"end":{"line":2,"column":650}}],"line":2},"5":{"loc":{"start":{"line":2,"column":709},"end":{"line":2,"column":749}},"type":"cond-expr","locations":[{"start":{"line":2,"column":719},"end":{"line":2,"column":746}},{"start":{"line":2,"column":747},"end":{"line":2,"column":749}}],"line":2},"6":{"loc":{"start":{"line":2,"column":762},"end":{"line":2,"column":858}},"type":"cond-expr","locations":[{"start":{"line":2,"column":796},"end":{"line":2,"column":851}},{"start":{"line":2,"column":852},"end":{"line":2,"column":858}}],"line":2},"7":{"loc":{"start":{"line":2,"column":762},"end":{"line":2,"column":795}},"type":"binary-expr","locations":[{"start":{"line":2,"column":762},"end":{"line":2,"column":772}},{"start":{"line":2,"column":774},"end":{"line":2,"column":778}},{"start":{"line":2,"column":780},"end":{"line":2,"column":795}}],"line":2}},"s":{"0":1,"1":1,"2":1,"3":1,"4":1,"5":1,"6":1,"7":1,"8":1,"9":1,"10":1,"11":1,"12":2,"13":2,"14":3,"15":3,"16":1,"17":2,"18":1,"19":1,"20":1,"21":1,"22":1,"23":1,"24":0,"25":1,"26":1,"27":1,"28":1,"29":1,"30":1,"31":1},"f":{"0":1,"1":1,"2":2,"3":1,"4":1,"5":1,"6":0},"b":{"0":[2,0],"1":[2,2,0],"2":[3,0],"3":[3,3],"4":[3,3],"5":[1,0],"6":[0,1],"7":[1,1,1]},"inputSourceMap":{"version":3,"mappings":";g7BAAA,0IAA6B,0BAC7B,eAAmB,kCACnB,sBAAyB,8BAEzB,MAAM,cAAgB,IAAI,2BAAS,CAAE,iBAAkB,WAAAA,QAAO,WAAY,CAAC,EAE3E,MAAM,OAAS,IAAI,2BAAa,CAAE,QAAS,aAAc,CAAC,EAE1D,IAAO,eAAQ","names":["config"],"ignoreList":[],"sources":["D:\\projects\\Nestly\\backend\\src\\db\\prisma.ts"],"sourcesContent":[null]},"_coverageSchema":"1a1c01bbd47fc00a2c39e90264f33305004495a9","hash":"affc636717a83d99635599080dfda43f7859ec0b","contentHash":"3c59025d7d67f8082e99c278dbf4b2b4d6ca67b54fb1a4c860870d398e232ea0"},"D:\\projects\\Nestly\\backend\\src\\config\\env.ts":{"path":"D:\\projects\\Nestly\\backend\\src\\config\\env.ts","statementMap":{"0":{"start":{"line":1,"column":0},"end":{"line":1,"column":64}},"1":{"start":{"line":1,"column":64},"end":{"line":3,"column":4}},"2":{"start":{"line":2,"column":27},"end":{"line":2,"column":48}},"3":{"start":{"line":2,"column":70},"end":{"line":2,"column":101}},"4":{"start":{"line":2,"column":124},"end":{"line":2,"column":150}},"5":{"start":{"line":2,"column":168},"end":{"line":2,"column":199}},"6":{"start":{"line":2,"column":213},"end":{"line":2,"column":303}},"7":{"start":{"line":2,"column":228},"end":{"line":2,"column":302}},"8":{"start":{"line":2,"column":248},"end":{"line":2,"column":302}},"9":{"start":{"line":2,"column":320},"end":{"line":2,"column":597}},"10":{"start":{"line":2,"column":344},"end":{"line":2,"column":587}},"11":{"start":{"line":2,"column":403},"end":{"line":2,"column":586}},"12":{"start":{"line":2,"column":442},"end":{"line":2,"column":586}},"13":{"start":{"line":2,"column":486},"end":{"line":2,"column":586}},"14":{"start":{"line":2,"column":512},"end":{"line":2,"column":521}},"15":{"start":{"line":2,"column":587},"end":{"line":2,"column":596}},"16":{"start":{"line":2,"column":615},"end":{"line":2,"column":676}},"17":{"start":{"line":2,"column":620},"end":{"line":2,"column":676}},"18":{"start":{"line":2,"column":693},"end":{"line":2,"column":695}},"19":{"start":{"line":2,"column":696},"end":{"line":2,"column":744}},"20":{"start":{"line":2,"column":730},"end":{"line":2,"column":741}},"21":{"start":{"line":2,"column":744},"end":{"line":2,"column":785}},"22":{"start":{"line":2,"column":803},"end":{"line":2,"column":827}},"23":{"start":{"line":2,"column":828},"end":{"line":2,"column":1119}},"24":{"start":{"line":2,"column":1043},"end":{"line":2,"column":1118}},"25":{"start":{"line":2,"column":1132},"end":{"line":2,"column":1607}},"26":{"start":{"line":2,"column":1624},"end":{"line":2,"column":1630}}},"fnMap":{"0":{"name":"(anonymous_0)","decl":{"start":{"line":1,"column":65},"end":{"line":1,"column":66}},"loc":{"start":{"line":1,"column":69},"end":{"line":3,"column":1}},"line":1},"1":{"name":"(anonymous_1)","decl":{"start":{"line":2,"column":213},"end":{"line":2,"column":214}},"loc":{"start":{"line":2,"column":227},"end":{"line":2,"column":303}},"line":2},"2":{"name":"(anonymous_2)","decl":{"start":{"line":2,"column":320},"end":{"line":2,"column":321}},"loc":{"start":{"line":2,"column":343},"end":{"line":2,"column":597}},"line":2},"3":{"name":"(anonymous_3)","decl":{"start":{"line":2,"column":508},"end":{"line":2,"column":509}},"loc":{"start":{"line":2,"column":512},"end":{"line":2,"column":521}},"line":2},"4":{"name":"(anonymous_4)","decl":{"start":{"line":2,"column":615},"end":{"line":2,"column":616}},"loc":{"start":{"line":2,"column":620},"end":{"line":2,"column":676}},"line":2},"5":{"name":"(anonymous_5)","decl":{"start":{"line":2,"column":726},"end":{"line":2,"column":727}},"loc":{"start":{"line":2,"column":730},"end":{"line":2,"column":741}},"line":2}},"branchMap":{"0":{"loc":{"start":{"line":2,"column":344},"end":{"line":2,"column":587}},"type":"if","locations":[{"start":{"line":2,"column":344},"end":{"line":2,"column":587}},{"start":{},"end":{}}],"line":2},"1":{"loc":{"start":{"line":2,"column":347},"end":{"line":2,"column":401}},"type":"binary-expr","locations":[{"start":{"line":2,"column":347},"end":{"line":2,"column":351}},{"start":{"line":2,"column":353},"end":{"line":2,"column":375}},{"start":{"line":2,"column":377},"end":{"line":2,"column":401}}],"line":2},"2":{"loc":{"start":{"line":2,"column":442},"end":{"line":2,"column":586}},"type":"if","locations":[{"start":{"line":2,"column":442},"end":{"line":2,"column":586}},{"start":{},"end":{}}],"line":2},"3":{"loc":{"start":{"line":2,"column":445},"end":{"line":2,"column":485}},"type":"binary-expr","locations":[{"start":{"line":2,"column":445},"end":{"line":2,"column":471}},{"start":{"line":2,"column":473},"end":{"line":2,"column":485}}],"line":2},"4":{"loc":{"start":{"line":2,"column":533},"end":{"line":2,"column":584}},"type":"binary-expr","locations":[{"start":{"line":2,"column":533},"end":{"line":2,"column":567}},{"start":{"line":2,"column":569},"end":{"line":2,"column":584}}],"line":2},"5":{"loc":{"start":{"line":2,"column":828},"end":{"line":2,"column":1119}},"type":"if","locations":[{"start":{"line":2,"column":828},"end":{"line":2,"column":1119}},{"start":{},"end":{}}],"line":2},"6":{"loc":{"start":{"line":2,"column":831},"end":{"line":2,"column":1041}},"type":"binary-expr","locations":[{"start":{"line":2,"column":831},"end":{"line":2,"column":856}},{"start":{"line":2,"column":858},"end":{"line":2,"column":888}},{"start":{"line":2,"column":890},"end":{"line":2,"column":924}},{"start":{"line":2,"column":926},"end":{"line":2,"column":957}},{"start":{"line":2,"column":959},"end":{"line":2,"column":993}},{"start":{"line":2,"column":995},"end":{"line":2,"column":1017}},{"start":{"line":2,"column":1019},"end":{"line":2,"column":1041}}],"line":2},"7":{"loc":{"start":{"line":2,"column":1138},"end":{"line":2,"column":1172}},"type":"binary-expr","locations":[{"start":{"line":2,"column":1138},"end":{"line":2,"column":1167}},{"start":{"line":2,"column":1169},"end":{"line":2,"column":1172}}],"line":2}},"s":{"0":1,"1":1,"2":1,"3":1,"4":1,"5":1,"6":1,"7":1,"8":1,"9":1,"10":1,"11":1,"12":1,"13":1,"14":6,"15":1,"16":1,"17":1,"18":1,"19":1,"20":6,"21":1,"22":1,"23":1,"24":0,"25":1,"26":1},"f":{"0":1,"1":1,"2":1,"3":6,"4":1,"5":6},"b":{"0":[1,0],"1":[1,1,0],"2":[1,0],"3":[1,1],"4":[1,1],"5":[0,1],"6":[1,1,1,1,1,1,1],"7":[1,0]},"inputSourceMap":{"version":3,"mappings":";qqBAAA,8HAAO,yBAEP,GACE,CAAC,QAAQ,IAAI,cACb,CAAC,QAAQ,IAAI,mBACb,CAAC,QAAQ,IAAI,uBACb,CAAC,QAAQ,IAAI,oBACb,CAAC,QAAQ,IAAI,uBACb,CAAC,QAAQ,IAAI,WACb,CAAC,QAAQ,IAAI,UACb,CACA,MAAM,IAAI,MAAM,0DAA0D,CAC5E,CAgBA,MAAM,OAAoB,CACxB,KAAM,SAAS,QAAQ,IAAI,KAAgB,EAAE,GAAK,IAClD,YAAa,QAAQ,IAAI,aACzB,gBAAiB,QAAQ,IAAI,kBAC7B,iBAAkB,QAAQ,IAAI,mBAC9B,WAAY,QAAQ,IAAI,mBACxB,cAAe,QAAQ,IAAI,sBAC3B,eAAgB,QAAQ,IAAI,sBAC5B,iBAAkB,QAAQ,IAAI,mBAC9B,oBAAqB,QAAQ,IAAI,sBACjC,SAAU,QAAQ,IAAI,UACtB,SAAU,QAAQ,IAAI,SACxB,EAEA,IAAO,YAAQ","names":[],"ignoreList":[],"sources":["D:\\projects\\Nestly\\backend\\src\\config\\env.ts"],"sourcesContent":[null]},"_coverageSchema":"1a1c01bbd47fc00a2c39e90264f33305004495a9","hash":"a8f7e6d675c0bdb65994e34bfeabd41f6cd5f019","contentHash":"ea3b5ddfa603a291b14195c655b7007bab38cb909bf22784346c1ba7747fc1ea"},"D:\\projects\\Nestly\\backend\\src\\common\\utils\\jwt.ts":{"path":"D:\\projects\\Nestly\\backend\\src\\common\\utils\\jwt.ts","statementMap":{"0":{"start":{"line":1,"column":0},"end":{"line":1,"column":71}},"1":{"start":{"line":1,"column":71},"end":{"line":3,"column":4}},"2":{"start":{"line":2,"column":26},"end":{"line":2,"column":39}},"3":{"start":{"line":2,"column":54},"end":{"line":2,"column":75}},"4":{"start":{"line":2,"column":97},"end":{"line":2,"column":128}},"5":{"start":{"line":2,"column":151},"end":{"line":2,"column":177}},"6":{"start":{"line":2,"column":195},"end":{"line":2,"column":216}},"7":{"start":{"line":2,"column":234},"end":{"line":2,"column":265}},"8":{"start":{"line":2,"column":277},"end":{"line":2,"column":343}},"9":{"start":{"line":2,"column":293},"end":{"line":2,"column":343}},"10":{"start":{"line":2,"column":357},"end":{"line":2,"column":447}},"11":{"start":{"line":2,"column":372},"end":{"line":2,"column":446}},"12":{"start":{"line":2,"column":392},"end":{"line":2,"column":446}},"13":{"start":{"line":2,"column":464},"end":{"line":2,"column":741}},"14":{"start":{"line":2,"column":488},"end":{"line":2,"column":731}},"15":{"start":{"line":2,"column":547},"end":{"line":2,"column":730}},"16":{"start":{"line":2,"column":586},"end":{"line":2,"column":730}},"17":{"start":{"line":2,"column":630},"end":{"line":2,"column":730}},"18":{"start":{"line":2,"column":656},"end":{"line":2,"column":665}},"19":{"start":{"line":2,"column":731},"end":{"line":2,"column":740}},"20":{"start":{"line":2,"column":754},"end":{"line":2,"column":942}},"21":{"start":{"line":2,"column":780},"end":{"line":2,"column":941}},"22":{"start":{"line":2,"column":960},"end":{"line":2,"column":1021}},"23":{"start":{"line":2,"column":965},"end":{"line":2,"column":1021}},"24":{"start":{"line":2,"column":1038},"end":{"line":2,"column":1040}},"25":{"start":{"line":2,"column":1041},"end":{"line":2,"column":1221}},"26":{"start":{"line":2,"column":1083},"end":{"line":2,"column":1098}},"27":{"start":{"line":2,"column":1120},"end":{"line":2,"column":1136}},"28":{"start":{"line":2,"column":1159},"end":{"line":2,"column":1176}},"29":{"start":{"line":2,"column":1200},"end":{"line":2,"column":1218}},"30":{"start":{"line":2,"column":1221},"end":{"line":2,"column":1262}},"31":{"start":{"line":2,"column":1286},"end":{"line":2,"column":1318}},"32":{"start":{"line":2,"column":1334},"end":{"line":2,"column":1370}},"33":{"start":{"line":2,"column":1417},"end":{"line":2,"column":1513}},"34":{"start":{"line":2,"column":1514},"end":{"line":2,"column":1526}},"35":{"start":{"line":2,"column":1527},"end":{"line":2,"column":1569}},"36":{"start":{"line":2,"column":1616},"end":{"line":2,"column":1710}},"37":{"start":{"line":2,"column":1711},"end":{"line":2,"column":1723}},"38":{"start":{"line":2,"column":1724},"end":{"line":2,"column":1768}},"39":{"start":{"line":2,"column":1816},"end":{"line":2,"column":1892}},"40":{"start":{"line":2,"column":1893},"end":{"line":2,"column":1907}},"41":{"start":{"line":2,"column":1908},"end":{"line":2,"column":1954}},"42":{"start":{"line":2,"column":2003},"end":{"line":2,"column":2080}},"43":{"start":{"line":2,"column":2081},"end":{"line":2,"column":2095}},"44":{"start":{"line":2,"column":2096},"end":{"line":2,"column":2144}},"45":{"start":{"line":2,"column":2144},"end":{"line":2,"column":2236}}},"fnMap":{"0":{"name":"(anonymous_0)","decl":{"start":{"line":1,"column":72},"end":{"line":1,"column":73}},"loc":{"start":{"line":1,"column":76},"end":{"line":3,"column":1}},"line":1},"1":{"name":"(anonymous_1)","decl":{"start":{"line":2,"column":277},"end":{"line":2,"column":278}},"loc":{"start":{"line":2,"column":293},"end":{"line":2,"column":343}},"line":2},"2":{"name":"(anonymous_2)","decl":{"start":{"line":2,"column":357},"end":{"line":2,"column":358}},"loc":{"start":{"line":2,"column":371},"end":{"line":2,"column":447}},"line":2},"3":{"name":"(anonymous_3)","decl":{"start":{"line":2,"column":464},"end":{"line":2,"column":465}},"loc":{"start":{"line":2,"column":487},"end":{"line":2,"column":741}},"line":2},"4":{"name":"(anonymous_4)","decl":{"start":{"line":2,"column":652},"end":{"line":2,"column":653}},"loc":{"start":{"line":2,"column":656},"end":{"line":2,"column":665}},"line":2},"5":{"name":"(anonymous_5)","decl":{"start":{"line":2,"column":754},"end":{"line":2,"column":755}},"loc":{"start":{"line":2,"column":780},"end":{"line":2,"column":941}},"line":2},"6":{"name":"(anonymous_6)","decl":{"start":{"line":2,"column":960},"end":{"line":2,"column":961}},"loc":{"start":{"line":2,"column":965},"end":{"line":2,"column":1021}},"line":2},"7":{"name":"(anonymous_7)","decl":{"start":{"line":2,"column":1079},"end":{"line":2,"column":1080}},"loc":{"start":{"line":2,"column":1083},"end":{"line":2,"column":1098}},"line":2},"8":{"name":"(anonymous_8)","decl":{"start":{"line":2,"column":1116},"end":{"line":2,"column":1117}},"loc":{"start":{"line":2,"column":1120},"end":{"line":2,"column":1136}},"line":2},"9":{"name":"(anonymous_9)","decl":{"start":{"line":2,"column":1155},"end":{"line":2,"column":1156}},"loc":{"start":{"line":2,"column":1159},"end":{"line":2,"column":1176}},"line":2},"10":{"name":"(anonymous_10)","decl":{"start":{"line":2,"column":1196},"end":{"line":2,"column":1197}},"loc":{"start":{"line":2,"column":1200},"end":{"line":2,"column":1218}},"line":2},"11":{"name":"signAccessToken","decl":{"start":{"line":2,"column":1380},"end":{"line":2,"column":1395}},"loc":{"start":{"line":2,"column":1404},"end":{"line":2,"column":1527}},"line":2},"12":{"name":"signRefreshToken","decl":{"start":{"line":2,"column":1578},"end":{"line":2,"column":1594}},"loc":{"start":{"line":2,"column":1603},"end":{"line":2,"column":1724}},"line":2},"13":{"name":"verifyAccessToken","decl":{"start":{"line":2,"column":1777},"end":{"line":2,"column":1794}},"loc":{"start":{"line":2,"column":1801},"end":{"line":2,"column":1908}},"line":2},"14":{"name":"verifyRefreshToken","decl":{"start":{"line":2,"column":1963},"end":{"line":2,"column":1981}},"loc":{"start":{"line":2,"column":1988},"end":{"line":2,"column":2096}},"line":2}},"branchMap":{"0":{"loc":{"start":{"line":2,"column":488},"end":{"line":2,"column":731}},"type":"if","locations":[{"start":{"line":2,"column":488},"end":{"line":2,"column":731}},{"start":{},"end":{}}],"line":2},"1":{"loc":{"start":{"line":2,"column":491},"end":{"line":2,"column":545}},"type":"binary-expr","locations":[{"start":{"line":2,"column":491},"end":{"line":2,"column":495}},{"start":{"line":2,"column":497},"end":{"line":2,"column":519}},{"start":{"line":2,"column":521},"end":{"line":2,"column":545}}],"line":2},"2":{"loc":{"start":{"line":2,"column":586},"end":{"line":2,"column":730}},"type":"if","locations":[{"start":{"line":2,"column":586},"end":{"line":2,"column":730}},{"start":{},"end":{}}],"line":2},"3":{"loc":{"start":{"line":2,"column":589},"end":{"line":2,"column":629}},"type":"binary-expr","locations":[{"start":{"line":2,"column":589},"end":{"line":2,"column":615}},{"start":{"line":2,"column":617},"end":{"line":2,"column":629}}],"line":2},"4":{"loc":{"start":{"line":2,"column":677},"end":{"line":2,"column":728}},"type":"binary-expr","locations":[{"start":{"line":2,"column":677},"end":{"line":2,"column":711}},{"start":{"line":2,"column":713},"end":{"line":2,"column":728}}],"line":2},"5":{"loc":{"start":{"line":2,"column":787},"end":{"line":2,"column":827}},"type":"cond-expr","locations":[{"start":{"line":2,"column":797},"end":{"line":2,"column":824}},{"start":{"line":2,"column":825},"end":{"line":2,"column":827}}],"line":2},"6":{"loc":{"start":{"line":2,"column":840},"end":{"line":2,"column":936}},"type":"cond-expr","locations":[{"start":{"line":2,"column":874},"end":{"line":2,"column":929}},{"start":{"line":2,"column":930},"end":{"line":2,"column":936}}],"line":2},"7":{"loc":{"start":{"line":2,"column":840},"end":{"line":2,"column":873}},"type":"binary-expr","locations":[{"start":{"line":2,"column":840},"end":{"line":2,"column":850}},{"start":{"line":2,"column":852},"end":{"line":2,"column":856}},{"start":{"line":2,"column":858},"end":{"line":2,"column":873}}],"line":2},"8":{"loc":{"start":{"line":2,"column":2144},"end":{"line":2,"column":2235}},"type":"binary-expr","locations":[{"start":{"line":2,"column":2144},"end":{"line":2,"column":2145}},{"start":{"line":2,"column":2148},"end":{"line":2,"column":2234}}],"line":2}},"s":{"0":1,"1":1,"2":1,"3":1,"4":1,"5":1,"6":1,"7":1,"8":1,"9":4,"10":1,"11":1,"12":4,"13":1,"14":3,"15":3,"16":12,"17":12,"18":3,"19":3,"20":1,"21":2,"22":1,"23":1,"24":1,"25":1,"26":1,"27":1,"28":0,"29":1,"30":1,"31":1,"32":1,"33":0,"34":0,"35":1,"36":0,"37":0,"38":1,"39":0,"40":0,"41":1,"42":0,"43":0,"44":1,"45":1},"f":{"0":1,"1":4,"2":1,"3":3,"4":3,"5":2,"6":1,"7":1,"8":1,"9":0,"10":1,"11":0,"12":0,"13":0,"14":0},"b":{"0":[3,0],"1":[3,3,0],"2":[12,0],"3":[12,12],"4":[12,12],"5":[2,0],"6":[1,1],"7":[2,2,2],"8":[1,0]},"inputSourceMap":{"version":3,"mappings":";8/BAAA,wQAAgB,iCAChB,eAAmB,qCASZ,SAAS,gBAAgB,QAA6B,CAC3D,MAAM,MAAQ,oBAAAA,QAAI,KAAK,QAAS,WAAAC,QAAO,gBAAiB,CACtD,UAAW,OACb,CAAC,EACD,OAAO,KACT,CALgB,0CAOT,SAAS,iBAAiB,QAA6B,CAC5D,MAAM,MAAQ,oBAAAD,QAAI,KAAK,QAAS,WAAAC,QAAO,iBAAkB,CACvD,UAAW,IACb,CAAC,EACD,OAAO,KACT,CALgB,4CAOT,SAAS,kBAAkB,MAA2B,CAC3D,MAAM,QAAU,oBAAAD,QAAI,OAAO,MAAO,WAAAC,QAAO,eAAe,EACxD,OAAO,OACT,CAHgB,8CAKT,SAAS,mBAAmB,MAA2B,CAC5D,MAAM,QAAU,oBAAAD,QAAI,OAAO,MAAO,WAAAC,QAAO,gBAAgB,EACzD,OAAO,OACT,CAHgB","names":["jwt","config"],"ignoreList":[],"sources":["D:\\projects\\Nestly\\backend\\src\\common\\utils\\jwt.ts"],"sourcesContent":[null]},"_coverageSchema":"1a1c01bbd47fc00a2c39e90264f33305004495a9","hash":"f57c6c920b253d683c8432298db7eb7b1b22815d","contentHash":"98e099c4f49de34d99f3fc6d513854754e6056f0a175d882aca47e17955f5496"},"D:\\projects\\Nestly\\backend\\src\\modules\\users\\users.service.ts":{"path":"D:\\projects\\Nestly\\backend\\src\\modules\\users\\users.service.ts","statementMap":{"0":{"start":{"line":1,"column":0},"end":{"line":1,"column":82}},"1":{"start":{"line":1,"column":82},"end":{"line":3,"column":4}},"2":{"start":{"line":2,"column":26},"end":{"line":2,"column":39}},"3":{"start":{"line":2,"column":54},"end":{"line":2,"column":75}},"4":{"start":{"line":2,"column":97},"end":{"line":2,"column":128}},"5":{"start":{"line":2,"column":151},"end":{"line":2,"column":177}},"6":{"start":{"line":2,"column":195},"end":{"line":2,"column":216}},"7":{"start":{"line":2,"column":234},"end":{"line":2,"column":265}},"8":{"start":{"line":2,"column":277},"end":{"line":2,"column":343}},"9":{"start":{"line":2,"column":293},"end":{"line":2,"column":343}},"10":{"start":{"line":2,"column":357},"end":{"line":2,"column":447}},"11":{"start":{"line":2,"column":372},"end":{"line":2,"column":446}},"12":{"start":{"line":2,"column":392},"end":{"line":2,"column":446}},"13":{"start":{"line":2,"column":464},"end":{"line":2,"column":741}},"14":{"start":{"line":2,"column":488},"end":{"line":2,"column":731}},"15":{"start":{"line":2,"column":547},"end":{"line":2,"column":730}},"16":{"start":{"line":2,"column":586},"end":{"line":2,"column":730}},"17":{"start":{"line":2,"column":630},"end":{"line":2,"column":730}},"18":{"start":{"line":2,"column":656},"end":{"line":2,"column":665}},"19":{"start":{"line":2,"column":731},"end":{"line":2,"column":740}},"20":{"start":{"line":2,"column":754},"end":{"line":2,"column":942}},"21":{"start":{"line":2,"column":780},"end":{"line":2,"column":941}},"22":{"start":{"line":2,"column":960},"end":{"line":2,"column":1021}},"23":{"start":{"line":2,"column":965},"end":{"line":2,"column":1021}},"24":{"start":{"line":2,"column":1048},"end":{"line":2,"column":1050}},"25":{"start":{"line":2,"column":1051},"end":{"line":2,"column":1161}},"26":{"start":{"line":2,"column":1098},"end":{"line":2,"column":1108}},"27":{"start":{"line":2,"column":1125},"end":{"line":2,"column":1136}},"28":{"start":{"line":2,"column":1150},"end":{"line":2,"column":1158}},"29":{"start":{"line":2,"column":1161},"end":{"line":2,"column":1212}},"30":{"start":{"line":2,"column":1232},"end":{"line":2,"column":1260}},"31":{"start":{"line":2,"column":1281},"end":{"line":2,"column":1328}},"32":{"start":{"line":2,"column":1347},"end":{"line":2,"column":1382}},"33":{"start":{"line":2,"column":1400},"end":{"line":2,"column":1738}},"34":{"start":{"line":2,"column":1420},"end":{"line":2,"column":1723}},"35":{"start":{"line":2,"column":1440},"end":{"line":2,"column":1444}},"36":{"start":{"line":2,"column":1466},"end":{"line":2,"column":1513}},"37":{"start":{"line":2,"column":1525},"end":{"line":2,"column":1606}},"38":{"start":{"line":2,"column":1607},"end":{"line":2,"column":1618}},"39":{"start":{"line":2,"column":1630},"end":{"line":2,"column":1722}},"40":{"start":{"line":2,"column":1757},"end":{"line":2,"column":1864}},"41":{"start":{"line":2,"column":1783},"end":{"line":2,"column":1836}},"42":{"start":{"line":2,"column":1837},"end":{"line":2,"column":1848}},"43":{"start":{"line":2,"column":1880},"end":{"line":2,"column":1979}},"44":{"start":{"line":2,"column":1903},"end":{"line":2,"column":1954}},"45":{"start":{"line":2,"column":1955},"end":{"line":2,"column":1966}},"46":{"start":{"line":2,"column":1980},"end":{"line":2,"column":2034}}},"fnMap":{"0":{"name":"(anonymous_0)","decl":{"start":{"line":1,"column":83},"end":{"line":1,"column":84}},"loc":{"start":{"line":1,"column":87},"end":{"line":3,"column":1}},"line":1},"1":{"name":"(anonymous_1)","decl":{"start":{"line":2,"column":277},"end":{"line":2,"column":278}},"loc":{"start":{"line":2,"column":293},"end":{"line":2,"column":343}},"line":2},"2":{"name":"(anonymous_2)","decl":{"start":{"line":2,"column":357},"end":{"line":2,"column":358}},"loc":{"start":{"line":2,"column":371},"end":{"line":2,"column":447}},"line":2},"3":{"name":"(anonymous_3)","decl":{"start":{"line":2,"column":464},"end":{"line":2,"column":465}},"loc":{"start":{"line":2,"column":487},"end":{"line":2,"column":741}},"line":2},"4":{"name":"(anonymous_4)","decl":{"start":{"line":2,"column":652},"end":{"line":2,"column":653}},"loc":{"start":{"line":2,"column":656},"end":{"line":2,"column":665}},"line":2},"5":{"name":"(anonymous_5)","decl":{"start":{"line":2,"column":754},"end":{"line":2,"column":755}},"loc":{"start":{"line":2,"column":780},"end":{"line":2,"column":941}},"line":2},"6":{"name":"(anonymous_6)","decl":{"start":{"line":2,"column":960},"end":{"line":2,"column":961}},"loc":{"start":{"line":2,"column":965},"end":{"line":2,"column":1021}},"line":2},"7":{"name":"(anonymous_7)","decl":{"start":{"line":2,"column":1094},"end":{"line":2,"column":1095}},"loc":{"start":{"line":2,"column":1098},"end":{"line":2,"column":1108}},"line":2},"8":{"name":"(anonymous_8)","decl":{"start":{"line":2,"column":1121},"end":{"line":2,"column":1122}},"loc":{"start":{"line":2,"column":1125},"end":{"line":2,"column":1136}},"line":2},"9":{"name":"(anonymous_9)","decl":{"start":{"line":2,"column":1146},"end":{"line":2,"column":1147}},"loc":{"start":{"line":2,"column":1150},"end":{"line":2,"column":1158}},"line":2},"10":{"name":"(anonymous_10)","decl":{"start":{"line":2,"column":1407},"end":{"line":2,"column":1408}},"loc":{"start":{"line":2,"column":1419},"end":{"line":2,"column":1724}},"line":2},"11":{"name":"(anonymous_11)","decl":{"start":{"line":2,"column":1764},"end":{"line":2,"column":1765}},"loc":{"start":{"line":2,"column":1771},"end":{"line":2,"column":1849}},"line":2},"12":{"name":"(anonymous_12)","decl":{"start":{"line":2,"column":1887},"end":{"line":2,"column":1888}},"loc":{"start":{"line":2,"column":1891},"end":{"line":2,"column":1967}},"line":2}},"branchMap":{"0":{"loc":{"start":{"line":2,"column":488},"end":{"line":2,"column":731}},"type":"if","locations":[{"start":{"line":2,"column":488},"end":{"line":2,"column":731}},{"start":{},"end":{}}],"line":2},"1":{"loc":{"start":{"line":2,"column":491},"end":{"line":2,"column":545}},"type":"binary-expr","locations":[{"start":{"line":2,"column":491},"end":{"line":2,"column":495}},{"start":{"line":2,"column":497},"end":{"line":2,"column":519}},{"start":{"line":2,"column":521},"end":{"line":2,"column":545}}],"line":2},"2":{"loc":{"start":{"line":2,"column":586},"end":{"line":2,"column":730}},"type":"if","locations":[{"start":{"line":2,"column":586},"end":{"line":2,"column":730}},{"start":{},"end":{}}],"line":2},"3":{"loc":{"start":{"line":2,"column":589},"end":{"line":2,"column":629}},"type":"binary-expr","locations":[{"start":{"line":2,"column":589},"end":{"line":2,"column":615}},{"start":{"line":2,"column":617},"end":{"line":2,"column":629}}],"line":2},"4":{"loc":{"start":{"line":2,"column":677},"end":{"line":2,"column":728}},"type":"binary-expr","locations":[{"start":{"line":2,"column":677},"end":{"line":2,"column":711}},{"start":{"line":2,"column":713},"end":{"line":2,"column":728}}],"line":2},"5":{"loc":{"start":{"line":2,"column":787},"end":{"line":2,"column":827}},"type":"cond-expr","locations":[{"start":{"line":2,"column":797},"end":{"line":2,"column":824}},{"start":{"line":2,"column":825},"end":{"line":2,"column":827}}],"line":2},"6":{"loc":{"start":{"line":2,"column":840},"end":{"line":2,"column":936}},"type":"cond-expr","locations":[{"start":{"line":2,"column":874},"end":{"line":2,"column":929}},{"start":{"line":2,"column":930},"end":{"line":2,"column":936}}],"line":2},"7":{"loc":{"start":{"line":2,"column":840},"end":{"line":2,"column":873}},"type":"binary-expr","locations":[{"start":{"line":2,"column":840},"end":{"line":2,"column":850}},{"start":{"line":2,"column":852},"end":{"line":2,"column":856}},{"start":{"line":2,"column":858},"end":{"line":2,"column":873}}],"line":2},"8":{"loc":{"start":{"line":2,"column":1980},"end":{"line":2,"column":2033}},"type":"binary-expr","locations":[{"start":{"line":2,"column":1980},"end":{"line":2,"column":1981}},{"start":{"line":2,"column":1984},"end":{"line":2,"column":2032}}],"line":2}},"s":{"0":1,"1":1,"2":1,"3":1,"4":1,"5":1,"6":1,"7":1,"8":1,"9":3,"10":1,"11":1,"12":3,"13":1,"14":4,"15":4,"16":19,"17":19,"18":2,"19":4,"20":1,"21":3,"22":1,"23":1,"24":1,"25":1,"26":1,"27":1,"28":0,"29":1,"30":1,"31":1,"32":1,"33":1,"34":0,"35":0,"36":0,"37":0,"38":0,"39":0,"40":1,"41":0,"42":0,"43":1,"44":0,"45":0,"46":1},"f":{"0":1,"1":3,"2":1,"3":4,"4":2,"5":3,"6":1,"7":1,"8":1,"9":0,"10":0,"11":0,"12":0},"b":{"0":[4,0],"1":[4,4,0],"2":[19,0],"3":[19,19],"4":[19,19],"5":[3,0],"6":[1,2],"7":[3,3,3],"8":[1,0]},"inputSourceMap":{"version":3,"mappings":";8/BAAA,kNAAmB,6BAEnB,oBAAqB,gDACrB,kBAAmB,oCAEZ,MAAM,WAAa,aAAO,MAK3B,CACJ,GAAI,CACF,KAAM,CAAE,QAAS,EAAI,KACrB,MAAM,eAAiB,MAAM,gBAAAA,QAAO,KAAK,SAAU,EAAE,EAErD,MAAM,KAAO,MAAM,cAAAC,QAAO,KAAK,OAAO,CACpC,KAAM,CAAE,GAAG,KAAM,SAAU,cAAe,CAC5C,CAAC,EACD,OAAO,IACT,OAAS,IAAK,CACZ,MAAM,IAAI,gBAAAC,QACR,IACA,qDACF,CACF,CACF,EApB0B,cAsBnB,MAAM,YAAc,OAAC,OAAwC,CAClE,MAAM,KAAO,cAAAD,QAAO,KAAK,UAAU,CAAE,MAAO,CAAE,KAAa,CAAE,CAAC,EAC9D,OAAO,IACT,EAH2B,eAKpB,MAAM,SAAW,OAAC,IAAqC,CAC5D,MAAM,KAAO,cAAAA,QAAO,KAAK,WAAW,CAAE,MAAO,CAAE,EAAO,CAAE,CAAC,EACzD,OAAO,IACT,EAHwB","names":["bcrypt","prisma","ApiError"],"ignoreList":[],"sources":["D:\\projects\\Nestly\\backend\\src\\modules\\users\\users.service.ts"],"sourcesContent":[null]},"_coverageSchema":"1a1c01bbd47fc00a2c39e90264f33305004495a9","hash":"46b5eb993aa6d946510ff0e54de10f9061e11edc","contentHash":"135846caff8a33ab694c544603b37f5ac1d104cc5dab7df9ed7ee57fd8bf88c8"},"D:\\projects\\Nestly\\backend\\src\\modules\\otp\\otp.service.ts":{"path":"D:\\projects\\Nestly\\backend\\src\\modules\\otp\\otp.service.ts","statementMap":{"0":{"start":{"line":1,"column":0},"end":{"line":1,"column":78}},"1":{"start":{"line":1,"column":78},"end":{"line":3,"column":4}},"2":{"start":{"line":2,"column":26},"end":{"line":2,"column":39}},"3":{"start":{"line":2,"column":54},"end":{"line":2,"column":75}},"4":{"start":{"line":2,"column":97},"end":{"line":2,"column":128}},"5":{"start":{"line":2,"column":151},"end":{"line":2,"column":177}},"6":{"start":{"line":2,"column":195},"end":{"line":2,"column":216}},"7":{"start":{"line":2,"column":234},"end":{"line":2,"column":265}},"8":{"start":{"line":2,"column":277},"end":{"line":2,"column":343}},"9":{"start":{"line":2,"column":293},"end":{"line":2,"column":343}},"10":{"start":{"line":2,"column":357},"end":{"line":2,"column":447}},"11":{"start":{"line":2,"column":372},"end":{"line":2,"column":446}},"12":{"start":{"line":2,"column":392},"end":{"line":2,"column":446}},"13":{"start":{"line":2,"column":464},"end":{"line":2,"column":741}},"14":{"start":{"line":2,"column":488},"end":{"line":2,"column":731}},"15":{"start":{"line":2,"column":547},"end":{"line":2,"column":730}},"16":{"start":{"line":2,"column":586},"end":{"line":2,"column":730}},"17":{"start":{"line":2,"column":630},"end":{"line":2,"column":730}},"18":{"start":{"line":2,"column":656},"end":{"line":2,"column":665}},"19":{"start":{"line":2,"column":731},"end":{"line":2,"column":740}},"20":{"start":{"line":2,"column":754},"end":{"line":2,"column":942}},"21":{"start":{"line":2,"column":780},"end":{"line":2,"column":941}},"22":{"start":{"line":2,"column":960},"end":{"line":2,"column":1021}},"23":{"start":{"line":2,"column":965},"end":{"line":2,"column":1021}},"24":{"start":{"line":2,"column":1046},"end":{"line":2,"column":1048}},"25":{"start":{"line":2,"column":1049},"end":{"line":2,"column":1195}},"26":{"start":{"line":2,"column":1095},"end":{"line":2,"column":1106}},"27":{"start":{"line":2,"column":1134},"end":{"line":2,"column":1168}},"28":{"start":{"line":2,"column":1183},"end":{"line":2,"column":1192}},"29":{"start":{"line":2,"column":1195},"end":{"line":2,"column":1244}},"30":{"start":{"line":2,"column":1264},"end":{"line":2,"column":1311}},"31":{"start":{"line":2,"column":1327},"end":{"line":2,"column":1369}},"32":{"start":{"line":2,"column":1386},"end":{"line":2,"column":1428}},"33":{"start":{"line":2,"column":1491},"end":{"line":2,"column":1564}},"34":{"start":{"line":2,"column":1582},"end":{"line":2,"column":1651}},"35":{"start":{"line":2,"column":1662},"end":{"line":2,"column":1848}},"36":{"start":{"line":2,"column":1849},"end":{"line":2,"column":1912}},"37":{"start":{"line":2,"column":1858},"end":{"line":2,"column":1911}},"38":{"start":{"line":2,"column":1912},"end":{"line":2,"column":1927}},"39":{"start":{"line":2,"column":1928},"end":{"line":2,"column":1962}},"40":{"start":{"line":2,"column":2017},"end":{"line":2,"column":2174}},"41":{"start":{"line":2,"column":2175},"end":{"line":2,"column":2248}},"42":{"start":{"line":2,"column":2184},"end":{"line":2,"column":2247}},"43":{"start":{"line":2,"column":2248},"end":{"line":2,"column":2350}},"44":{"start":{"line":2,"column":2350},"end":{"line":2,"column":2361}},"45":{"start":{"line":2,"column":2362},"end":{"line":2,"column":2392}},"46":{"start":{"line":2,"column":2392},"end":{"line":2,"column":2459}}},"fnMap":{"0":{"name":"(anonymous_0)","decl":{"start":{"line":1,"column":79},"end":{"line":1,"column":80}},"loc":{"start":{"line":1,"column":83},"end":{"line":3,"column":1}},"line":1},"1":{"name":"(anonymous_1)","decl":{"start":{"line":2,"column":277},"end":{"line":2,"column":278}},"loc":{"start":{"line":2,"column":293},"end":{"line":2,"column":343}},"line":2},"2":{"name":"(anonymous_2)","decl":{"start":{"line":2,"column":357},"end":{"line":2,"column":358}},"loc":{"start":{"line":2,"column":371},"end":{"line":2,"column":447}},"line":2},"3":{"name":"(anonymous_3)","decl":{"start":{"line":2,"column":464},"end":{"line":2,"column":465}},"loc":{"start":{"line":2,"column":487},"end":{"line":2,"column":741}},"line":2},"4":{"name":"(anonymous_4)","decl":{"start":{"line":2,"column":652},"end":{"line":2,"column":653}},"loc":{"start":{"line":2,"column":656},"end":{"line":2,"column":665}},"line":2},"5":{"name":"(anonymous_5)","decl":{"start":{"line":2,"column":754},"end":{"line":2,"column":755}},"loc":{"start":{"line":2,"column":780},"end":{"line":2,"column":941}},"line":2},"6":{"name":"(anonymous_6)","decl":{"start":{"line":2,"column":960},"end":{"line":2,"column":961}},"loc":{"start":{"line":2,"column":965},"end":{"line":2,"column":1021}},"line":2},"7":{"name":"(anonymous_7)","decl":{"start":{"line":2,"column":1091},"end":{"line":2,"column":1092}},"loc":{"start":{"line":2,"column":1095},"end":{"line":2,"column":1106}},"line":2},"8":{"name":"(anonymous_8)","decl":{"start":{"line":2,"column":1130},"end":{"line":2,"column":1131}},"loc":{"start":{"line":2,"column":1134},"end":{"line":2,"column":1168}},"line":2},"9":{"name":"(anonymous_9)","decl":{"start":{"line":2,"column":1179},"end":{"line":2,"column":1180}},"loc":{"start":{"line":2,"column":1183},"end":{"line":2,"column":1192}},"line":2},"10":{"name":"generateOtp","decl":{"start":{"line":2,"column":1444},"end":{"line":2,"column":1455}},"loc":{"start":{"line":2,"column":1470},"end":{"line":2,"column":1928}},"line":2},"11":{"name":"verifyOtp","decl":{"start":{"line":2,"column":1977},"end":{"line":2,"column":1986}},"loc":{"start":{"line":2,"column":2006},"end":{"line":2,"column":2362}},"line":2}},"branchMap":{"0":{"loc":{"start":{"line":2,"column":488},"end":{"line":2,"column":731}},"type":"if","locations":[{"start":{"line":2,"column":488},"end":{"line":2,"column":731}},{"start":{},"end":{}}],"line":2},"1":{"loc":{"start":{"line":2,"column":491},"end":{"line":2,"column":545}},"type":"binary-expr","locations":[{"start":{"line":2,"column":491},"end":{"line":2,"column":495}},{"start":{"line":2,"column":497},"end":{"line":2,"column":519}},{"start":{"line":2,"column":521},"end":{"line":2,"column":545}}],"line":2},"2":{"loc":{"start":{"line":2,"column":586},"end":{"line":2,"column":730}},"type":"if","locations":[{"start":{"line":2,"column":586},"end":{"line":2,"column":730}},{"start":{},"end":{}}],"line":2},"3":{"loc":{"start":{"line":2,"column":589},"end":{"line":2,"column":629}},"type":"binary-expr","locations":[{"start":{"line":2,"column":589},"end":{"line":2,"column":615}},{"start":{"line":2,"column":617},"end":{"line":2,"column":629}}],"line":2},"4":{"loc":{"start":{"line":2,"column":677},"end":{"line":2,"column":728}},"type":"binary-expr","locations":[{"start":{"line":2,"column":677},"end":{"line":2,"column":711}},{"start":{"line":2,"column":713},"end":{"line":2,"column":728}}],"line":2},"5":{"loc":{"start":{"line":2,"column":787},"end":{"line":2,"column":827}},"type":"cond-expr","locations":[{"start":{"line":2,"column":797},"end":{"line":2,"column":824}},{"start":{"line":2,"column":825},"end":{"line":2,"column":827}}],"line":2},"6":{"loc":{"start":{"line":2,"column":840},"end":{"line":2,"column":936}},"type":"cond-expr","locations":[{"start":{"line":2,"column":874},"end":{"line":2,"column":929}},{"start":{"line":2,"column":930},"end":{"line":2,"column":936}}],"line":2},"7":{"loc":{"start":{"line":2,"column":840},"end":{"line":2,"column":873}},"type":"binary-expr","locations":[{"start":{"line":2,"column":840},"end":{"line":2,"column":850}},{"start":{"line":2,"column":852},"end":{"line":2,"column":856}},{"start":{"line":2,"column":858},"end":{"line":2,"column":873}}],"line":2},"8":{"loc":{"start":{"line":2,"column":1849},"end":{"line":2,"column":1912}},"type":"if","locations":[{"start":{"line":2,"column":1849},"end":{"line":2,"column":1912}},{"start":{},"end":{}}],"line":2},"9":{"loc":{"start":{"line":2,"column":2175},"end":{"line":2,"column":2248}},"type":"if","locations":[{"start":{"line":2,"column":2175},"end":{"line":2,"column":2248}},{"start":{},"end":{}}],"line":2},"10":{"loc":{"start":{"line":2,"column":2392},"end":{"line":2,"column":2458}},"type":"binary-expr","locations":[{"start":{"line":2,"column":2392},"end":{"line":2,"column":2393}},{"start":{"line":2,"column":2396},"end":{"line":2,"column":2457}}],"line":2}},"s":{"0":1,"1":1,"2":1,"3":1,"4":1,"5":1,"6":1,"7":1,"8":1,"9":2,"10":1,"11":1,"12":3,"13":1,"14":2,"15":2,"16":5,"17":5,"18":13,"19":2,"20":1,"21":1,"22":1,"23":1,"24":1,"25":1,"26":2,"27":7,"28":3,"29":1,"30":1,"31":1,"32":1,"33":1,"34":1,"35":1,"36":1,"37":0,"38":1,"39":1,"40":2,"41":2,"42":1,"43":1,"44":1,"45":1,"46":1},"f":{"0":1,"1":2,"2":1,"3":2,"4":13,"5":1,"6":1,"7":2,"8":7,"9":3,"10":1,"11":2},"b":{"0":[2,0],"1":[2,2,0],"2":[5,0],"3":[5,5],"4":[5,5],"5":[1,0],"6":[0,1],"7":[1,1,1],"8":[0,1],"9":[1,1],"10":[1,0]},"inputSourceMap":{"version":3,"mappings":";8/BAAA,kPAAqB,gDACrB,eAAuC,2CACvC,IAAAA,YAAuC,2CAEvC,eAAsB,YAAY,MAAe,QAAiB,CAChE,MAAM,cAAgB,KAAK,MAAM,IAAS,kCAAuB,OAAO,EAAI,GAAM,EAAE,SAAS,EAE7F,MAAM,WAAa,IAAI,KAAK,kCAAuB,IAAI,EAAE,QAAQ,EAAI,GAAK,GAAK,GAAI,EAEnF,MAAM,IAAM,MAAM,kCAAuB,OAAO,IAAI,OAAO,CACzD,OAAQ,CACN,MACA,KAAM,cACN,QACA,UAAW,UACb,EACA,OAAQ,CACN,KAAM,cACN,UAAW,UACb,EACA,MAAO,CACL,KACF,CACF,CAAC,EAED,GAAI,CAAC,IAAK,CACR,MAAM,IAAI,gBAAAC,QAAS,IAAK,cAAc,CACxC,CACA,OAAO,IAAI,IACb,CAzBsB,kCA2BtB,eAAsB,UAAU,MAAe,KAAc,QAAiB,CAC5E,MAAM,IAAM,MAAM,kCAAuB,OAAO,IAAI,UAAU,CAC5D,MAAO,CACL,MACA,KACA,QACA,OAAQ,KACR,UAAW,CAAE,GAAI,kCAAuB,IAAI,CAAE,CAChD,CACF,CAAC,EAED,GAAI,CAAC,IAAK,CACR,MAAM,IAAI,gBAAAA,QAAS,IAAK,wBAAwB,CAClD,CAEA,MAAM,kCAAuB,OAAO,IAAI,OAAO,CAC7C,MAAO,CAAE,GAAI,IAAI,EAAG,EACpB,KAAM,CAAE,OAAQ,IAAI,IAAO,CAC7B,CAAC,EAED,MAAO,KACT,CArBsB","names":["import_otp","ApiError"],"ignoreList":[],"sources":["D:\\projects\\Nestly\\backend\\src\\modules\\otp\\otp.service.ts"],"sourcesContent":[null]},"_coverageSchema":"1a1c01bbd47fc00a2c39e90264f33305004495a9","hash":"5732d54de9c5df6a29e92873d28cc46927ea6e42","contentHash":"1fac4ccf1189eaadbaf31fc58118ec2332637f4020b0719552b8a4161e943727"},"D:\\projects\\Nestly\\backend\\src\\modules\\otp\\dependencies\\otp.dependencies.ts":{"path":"D:\\projects\\Nestly\\backend\\src\\modules\\otp\\dependencies\\otp.dependencies.ts","statementMap":{"0":{"start":{"line":1,"column":0},"end":{"line":1,"column":97}},"1":{"start":{"line":1,"column":97},"end":{"line":3,"column":4}},"2":{"start":{"line":2,"column":26},"end":{"line":2,"column":39}},"3":{"start":{"line":2,"column":54},"end":{"line":2,"column":75}},"4":{"start":{"line":2,"column":97},"end":{"line":2,"column":128}},"5":{"start":{"line":2,"column":151},"end":{"line":2,"column":177}},"6":{"start":{"line":2,"column":195},"end":{"line":2,"column":216}},"7":{"start":{"line":2,"column":234},"end":{"line":2,"column":265}},"8":{"start":{"line":2,"column":277},"end":{"line":2,"column":343}},"9":{"start":{"line":2,"column":293},"end":{"line":2,"column":343}},"10":{"start":{"line":2,"column":357},"end":{"line":2,"column":447}},"11":{"start":{"line":2,"column":372},"end":{"line":2,"column":446}},"12":{"start":{"line":2,"column":392},"end":{"line":2,"column":446}},"13":{"start":{"line":2,"column":464},"end":{"line":2,"column":741}},"14":{"start":{"line":2,"column":488},"end":{"line":2,"column":731}},"15":{"start":{"line":2,"column":547},"end":{"line":2,"column":730}},"16":{"start":{"line":2,"column":586},"end":{"line":2,"column":730}},"17":{"start":{"line":2,"column":630},"end":{"line":2,"column":730}},"18":{"start":{"line":2,"column":656},"end":{"line":2,"column":665}},"19":{"start":{"line":2,"column":731},"end":{"line":2,"column":740}},"20":{"start":{"line":2,"column":754},"end":{"line":2,"column":942}},"21":{"start":{"line":2,"column":780},"end":{"line":2,"column":941}},"22":{"start":{"line":2,"column":960},"end":{"line":2,"column":1021}},"23":{"start":{"line":2,"column":965},"end":{"line":2,"column":1021}},"24":{"start":{"line":2,"column":1051},"end":{"line":2,"column":1053}},"25":{"start":{"line":2,"column":1054},"end":{"line":2,"column":1141}},"26":{"start":{"line":2,"column":1116},"end":{"line":2,"column":1138}},"27":{"start":{"line":2,"column":1141},"end":{"line":2,"column":1195}},"28":{"start":{"line":2,"column":1213},"end":{"line":2,"column":1251}},"29":{"start":{"line":2,"column":1281},"end":{"line":2,"column":1586}},"30":{"start":{"line":2,"column":1315},"end":{"line":2,"column":1353}},"31":{"start":{"line":2,"column":1387},"end":{"line":2,"column":1428}},"32":{"start":{"line":2,"column":1462},"end":{"line":2,"column":1500}},"33":{"start":{"line":2,"column":1528},"end":{"line":2,"column":1536}},"34":{"start":{"line":2,"column":1562},"end":{"line":2,"column":1575}},"35":{"start":{"line":2,"column":1587},"end":{"line":2,"column":1632}}},"fnMap":{"0":{"name":"(anonymous_0)","decl":{"start":{"line":1,"column":98},"end":{"line":1,"column":99}},"loc":{"start":{"line":1,"column":102},"end":{"line":3,"column":1}},"line":1},"1":{"name":"(anonymous_1)","decl":{"start":{"line":2,"column":277},"end":{"line":2,"column":278}},"loc":{"start":{"line":2,"column":293},"end":{"line":2,"column":343}},"line":2},"2":{"name":"(anonymous_2)","decl":{"start":{"line":2,"column":357},"end":{"line":2,"column":358}},"loc":{"start":{"line":2,"column":371},"end":{"line":2,"column":447}},"line":2},"3":{"name":"(anonymous_3)","decl":{"start":{"line":2,"column":464},"end":{"line":2,"column":465}},"loc":{"start":{"line":2,"column":487},"end":{"line":2,"column":741}},"line":2},"4":{"name":"(anonymous_4)","decl":{"start":{"line":2,"column":652},"end":{"line":2,"column":653}},"loc":{"start":{"line":2,"column":656},"end":{"line":2,"column":665}},"line":2},"5":{"name":"(anonymous_5)","decl":{"start":{"line":2,"column":754},"end":{"line":2,"column":755}},"loc":{"start":{"line":2,"column":780},"end":{"line":2,"column":941}},"line":2},"6":{"name":"(anonymous_6)","decl":{"start":{"line":2,"column":960},"end":{"line":2,"column":961}},"loc":{"start":{"line":2,"column":965},"end":{"line":2,"column":1021}},"line":2},"7":{"name":"(anonymous_7)","decl":{"start":{"line":2,"column":1112},"end":{"line":2,"column":1113}},"loc":{"start":{"line":2,"column":1116},"end":{"line":2,"column":1138}},"line":2},"8":{"name":"(anonymous_8)","decl":{"start":{"line":2,"column":1309},"end":{"line":2,"column":1310}},"loc":{"start":{"line":2,"column":1315},"end":{"line":2,"column":1353}},"line":2},"9":{"name":"(anonymous_9)","decl":{"start":{"line":2,"column":1381},"end":{"line":2,"column":1382}},"loc":{"start":{"line":2,"column":1387},"end":{"line":2,"column":1428}},"line":2},"10":{"name":"(anonymous_10)","decl":{"start":{"line":2,"column":1456},"end":{"line":2,"column":1457}},"loc":{"start":{"line":2,"column":1462},"end":{"line":2,"column":1500}},"line":2},"11":{"name":"(anonymous_11)","decl":{"start":{"line":2,"column":1524},"end":{"line":2,"column":1525}},"loc":{"start":{"line":2,"column":1528},"end":{"line":2,"column":1536}},"line":2},"12":{"name":"(anonymous_12)","decl":{"start":{"line":2,"column":1558},"end":{"line":2,"column":1559}},"loc":{"start":{"line":2,"column":1562},"end":{"line":2,"column":1575}},"line":2}},"branchMap":{"0":{"loc":{"start":{"line":2,"column":488},"end":{"line":2,"column":731}},"type":"if","locations":[{"start":{"line":2,"column":488},"end":{"line":2,"column":731}},{"start":{},"end":{}}],"line":2},"1":{"loc":{"start":{"line":2,"column":491},"end":{"line":2,"column":545}},"type":"binary-expr","locations":[{"start":{"line":2,"column":491},"end":{"line":2,"column":495}},{"start":{"line":2,"column":497},"end":{"line":2,"column":519}},{"start":{"line":2,"column":521},"end":{"line":2,"column":545}}],"line":2},"2":{"loc":{"start":{"line":2,"column":586},"end":{"line":2,"column":730}},"type":"if","locations":[{"start":{"line":2,"column":586},"end":{"line":2,"column":730}},{"start":{},"end":{}}],"line":2},"3":{"loc":{"start":{"line":2,"column":589},"end":{"line":2,"column":629}},"type":"binary-expr","locations":[{"start":{"line":2,"column":589},"end":{"line":2,"column":615}},{"start":{"line":2,"column":617},"end":{"line":2,"column":629}}],"line":2},"4":{"loc":{"start":{"line":2,"column":677},"end":{"line":2,"column":728}},"type":"binary-expr","locations":[{"start":{"line":2,"column":677},"end":{"line":2,"column":711}},{"start":{"line":2,"column":713},"end":{"line":2,"column":728}}],"line":2},"5":{"loc":{"start":{"line":2,"column":787},"end":{"line":2,"column":827}},"type":"cond-expr","locations":[{"start":{"line":2,"column":797},"end":{"line":2,"column":824}},{"start":{"line":2,"column":825},"end":{"line":2,"column":827}}],"line":2},"6":{"loc":{"start":{"line":2,"column":840},"end":{"line":2,"column":936}},"type":"cond-expr","locations":[{"start":{"line":2,"column":874},"end":{"line":2,"column":929}},{"start":{"line":2,"column":930},"end":{"line":2,"column":936}}],"line":2},"7":{"loc":{"start":{"line":2,"column":840},"end":{"line":2,"column":873}},"type":"binary-expr","locations":[{"start":{"line":2,"column":840},"end":{"line":2,"column":850}},{"start":{"line":2,"column":852},"end":{"line":2,"column":856}},{"start":{"line":2,"column":858},"end":{"line":2,"column":873}}],"line":2},"8":{"loc":{"start":{"line":2,"column":1587},"end":{"line":2,"column":1631}},"type":"binary-expr","locations":[{"start":{"line":2,"column":1587},"end":{"line":2,
[...]
mn":652},"end":{"line":2,"column":653}},"loc":{"start":{"line":2,"column":656},"end":{"line":2,"column":665}},"line":2},"5":{"name":"(anonymous_5)","decl":{"start":{"line":2,"column":754},"end":{"line":2,"column":755}},"loc":{"start":{"line":2,"column":780},"end":{"line":2,"column":941}},"line":2},"6":{"name":"(anonymous_6)","decl":{"start":{"line":2,"column":960},"end":{"line":2,"column":961}},"loc":{"start":{"line":2,"column":965},"end":{"line":2,"column":1021}},"line":2},"7":{"name":"(anonymous_7)","decl":{"start":{"line":2,"column":1102},"end":{"line":2,"column":1103}},"loc":{"start":{"line":2,"column":1106},"end":{"line":2,"column":1118}},"line":2},"8":{"name":"(anonymous_8)","decl":{"start":{"line":2,"column":1130},"end":{"line":2,"column":1131}},"loc":{"start":{"line":2,"column":1134},"end":{"line":2,"column":1144}},"line":2},"9":{"name":"(anonymous_9)","decl":{"start":{"line":2,"column":1160},"end":{"line":2,"column":1161}},"loc":{"start":{"line":2,"column":1164},"end":{"line":2,"column":1178}},"line":2},"10":{"name":"(anonymous_10)","decl":{"start":{"line":2,"column":1191},"end":{"line":2,"column":1192}},"loc":{"start":{"line":2,"column":1195},"end":{"line":2,"column":1206}},"line":2},"11":{"name":"(anonymous_11)","decl":{"start":{"line":2,"column":1219},"end":{"line":2,"column":1220}},"loc":{"start":{"line":2,"column":1223},"end":{"line":2,"column":1234}},"line":2},"12":{"name":"(anonymous_12)","decl":{"start":{"line":2,"column":1245},"end":{"line":2,"column":1246}},"loc":{"start":{"line":2,"column":1249},"end":{"line":2,"column":1258}},"line":2},"13":{"name":"(anonymous_13)","decl":{"start":{"line":2,"column":1274},"end":{"line":2,"column":1275}},"loc":{"start":{"line":2,"column":1278},"end":{"line":2,"column":1292}},"line":2},"14":{"name":"(anonymous_14)","decl":{"start":{"line":2,"column":1304},"end":{"line":2,"column":1305}},"loc":{"start":{"line":2,"column":1308},"end":{"line":2,"column":1318}},"line":2},"15":{"name":"(anonymous_15)","decl":{"start":{"line":2,"column":1638},"end":{"line":2,"column":1639}},"loc":{"start":{"line":2,"column":1643},"end":{"line":2,"column":1885}},"line":2},"16":{"name":"(anonymous_16)","decl":{"start":{"line":2,"column":1952},"end":{"line":2,"column":1953}},"loc":{"start":{"line":2,"column":1973},"end":{"line":2,"column":2224}},"line":2},"17":{"name":"(anonymous_17)","decl":{"start":{"line":2,"column":2275},"end":{"line":2,"column":2276}},"loc":{"start":{"line":2,"column":2296},"end":{"line":2,"column":2678}},"line":2},"18":{"name":"(anonymous_18)","decl":{"start":{"line":2,"column":2728},"end":{"line":2,"column":2729}},"loc":{"start":{"line":2,"column":2749},"end":{"line":2,"column":3155}},"line":2},"19":{"name":"(anonymous_19)","decl":{"start":{"line":2,"column":3207},"end":{"line":2,"column":3208}},"loc":{"start":{"line":2,"column":3228},"end":{"line":2,"column":3496}},"line":2},"20":{"name":"(anonymous_20)","decl":{"start":{"line":2,"column":3548},"end":{"line":2,"column":3549}},"loc":{"start":{"line":2,"column":3569},"end":{"line":2,"column":3826}},"line":2},"21":{"name":"(anonymous_21)","decl":{"start":{"line":2,"column":3879},"end":{"line":2,"column":3880}},"loc":{"start":{"line":2,"column":3900},"end":{"line":2,"column":4107}},"line":2},"22":{"name":"(anonymous_22)","decl":{"start":{"line":2,"column":4162},"end":{"line":2,"column":4163}},"loc":{"start":{"line":2,"column":4183},"end":{"line":2,"column":4392}},"line":2},"23":{"name":"(anonymous_23)","decl":{"start":{"line":2,"column":4447},"end":{"line":2,"column":4448}},"loc":{"start":{"line":2,"column":4468},"end":{"line":2,"column":4677}},"line":2}},"branchMap":{"0":{"loc":{"start":{"line":2,"column":488},"end":{"line":2,"column":731}},"type":"if","locations":[{"start":{"line":2,"column":488},"end":{"line":2,"column":731}},{"start":{},"end":{}}],"line":2},"1":{"loc":{"start":{"line":2,"column":491},"end":{"line":2,"column":545}},"type":"binary-expr","locations":[{"start":{"line":2,"column":491},"end":{"line":2,"column":495}},{"start":{"line":2,"column":497},"end":{"line":2,"column":519}},{"start":{"line":2,"column":521},"end":{"line":2,"column":545}}],"line":2},"2":{"loc":{"start":{"line":2,"column":586},"end":{"line":2,"column":730}},"type":"if","locations":[{"start":{"line":2,"column":586},"end":{"line":2,"column":730}},{"start":{},"end":{}}],"line":2},"3":{"loc":{"start":{"line":2,"column":589},"end":{"line":2,"column":629}},"type":"binary-expr","locations":[{"start":{"line":2,"column":589},"end":{"line":2,"column":615}},{"start":{"line":2,"column":617},"end":{"line":2,"column":629}}],"line":2},"4":{"loc":{"start":{"line":2,"column":677},"end":{"line":2,"column":728}},"type":"binary-expr","locations":[{"start":{"line":2,"column":677},"end":{"line":2,"column":711}},{"start":{"line":2,"column":713},"end":{"line":2,"column":728}}],"line":2},"5":{"loc":{"start":{"line":2,"column":787},"end":{"line":2,"column":827}},"type":"cond-expr","locations":[{"start":{"line":2,"column":797},"end":{"line":2,"column":824}},{"start":{"line":2,"column":825},"end":{"line":2,"column":827}}],"line":2},"6":{"loc":{"start":{"line":2,"column":840},"end":{"line":2,"column":936}},"type":"cond-expr","locations":[{"start":{"line":2,"column":874},"end":{"line":2,"column":929}},{"start":{"line":2,"column":930},"end":{"line":2,"column":936}}],"line":2},"7":{"loc":{"start":{"line":2,"column":840},"end":{"line":2,"column":873}},"type":"binary-expr","locations":[{"start":{"line":2,"column":840},"end":{"line":2,"column":850}},{"start":{"line":2,"column":852},"end":{"line":2,"column":856}},{"start":{"line":2,"column":858},"end":{"line":2,"column":873}}],"line":2},"8":{"loc":{"start":{"line":2,"column":1698},"end":{"line":2,"column":1771}},"type":"if","locations":[{"start":{"line":2,"column":1698},"end":{"line":2,"column":1771}},{"start":{},"end":{}}],"line":2},"9":{"loc":{"start":{"line":2,"column":1771},"end":{"line":2,"column":1863}},"type":"if","locations":[{"start":{"line":2,"column":1771},"end":{"line":2,"column":1863}},{"start":{},"end":{}}],"line":2},"10":{"loc":{"start":{"line":2,"column":1774},"end":{"line":2,"column":1804}},"type":"binary-expr","locations":[{"start":{"line":2,"column":1774},"end":{"line":2,"column":1781}},{"start":{"line":2,"column":1783},"end":{"line":2,"column":1804}}],"line":2},"11":{"loc":{"start":{"line":2,"column":1974},"end":{"line":2,"column":2053}},"type":"if","locations":[{"start":{"line":2,"column":1974},"end":{"line":2,"column":2053}},{"start":{},"end":{}}],"line":2},"12":{"loc":{"start":{"line":2,"column":2325},"end":{"line":2,"column":2421}},"type":"if","locations":[{"start":{"line":2,"column":2325},"end":{"line":2,"column":2421}},{"start":{},"end":{}}],"line":2},"13":{"loc":{"start":{"line":2,"column":2328},"end":{"line":2,"column":2358}},"type":"binary-expr","locations":[{"start":{"line":2,"column":2328},"end":{"line":2,"column":2335}},{"start":{"line":2,"column":2337},"end":{"line":2,"column":2358}}],"line":2},"14":{"loc":{"start":{"line":2,"column":2421},"end":{"line":2,"column":2500}},"type":"if","locations":[{"start":{"line":2,"column":2421},"end":{"line":2,"column":2500}},{"start":{},"end":{}}],"line":2},"15":{"loc":{"start":{"line":2,"column":2819},"end":{"line":2,"column":2970}},"type":"if","locations":[{"start":{"line":2,"column":2819},"end":{"line":2,"column":2970}},{"start":{},"end":{}}],"line":2},"16":{"loc":{"start":{"line":2,"column":2858},"end":{"line":2,"column":2917}},"type":"binary-expr","locations":[{"start":{"line":2,"column":2858},"end":{"line":2,"column":2889}},{"start":{"line":2,"column":2891},"end":{"line":2,"column":2917}}],"line":2},"17":{"loc":{"start":{"line":2,"column":3253},"end":{"line":2,"column":3341}},"type":"if","locations":[{"start":{"line":2,"column":3253},"end":{"line":2,"column":3341}},{"start":{},"end":{}}],"line":2},"18":{"loc":{"start":{"line":2,"column":3256},"end":{"line":2,"column":3278}},"type":"binary-expr","locations":[{"start":{"line":2,"column":3256},"end":{"line":2,"column":3259}},{"start":{"line":2,"column":3261},"end":{"line":2,"column":3278}}],"line":2},"19":{"loc":{"start":{"line":2,"column":3570},"end":{"line":2,"column":3649}},"type":"if","locations":[{"start":{"line":2,"column":3570},"end":{"line":2,"column":3649}},{"start":{},"end":{}}],"line":2},"20":{"loc":{"start":{"line":2,"column":4679},"end":{"line":2,"column":4799}},"type":"binary-expr","locations":[{"start":{"line":2,"column":4679},"end":{"line":2,"column":4680}},{"start":{"line":2,"column":4683},"end":{"line":2,"column":4798}}],"line":2}},"s":{"0":1,"1":1,"2":1,"3":1,"4":1,"5":1,"6":1,"7":1,"8":1,"9":1,"10":1,"11":1,"12":8,"13":1,"14":3,"15":3,"16":12,"17":12,"18":19,"19":3,"20":1,"21":2,"22":1,"23":1,"24":1,"25":1,"26":1,"27":1,"28":1,"29":2,"30":1,"31":2,"32":1,"33":1,"34":1,"35":1,"36":1,"37":1,"38":1,"39":1,"40":3,"41":3,"42":3,"43":0,"44":3,"45":0,"46":3,"47":1,"48":1,"49":0,"50":1,"51":1,"52":1,"53":1,"54":1,"55":0,"56":1,"57":0,"58":1,"59":1,"60":1,"61":2,"62":2,"63":1,"64":1,"65":1,"66":1,"67":1,"68":1,"69":2,"70":2,"71":0,"72":2,"73":1,"74":1,"75":1,"76":0,"77":1,"78":1,"79":1,"80":1,"81":1,"82":1,"83":1,"84":1,"85":1,"86":1,"87":1,"88":1,"89":1,"90":1,"91":1},"f":{"0":1,"1":1,"2":1,"3":3,"4":19,"5":2,"6":1,"7":1,"8":1,"9":1,"10":2,"11":1,"12":2,"13":1,"14":1,"15":3,"16":1,"17":1,"18":2,"19":2,"20":1,"21":1,"22":1,"23":1},"b":{"0":[3,0],"1":[3,3,0],"2":[12,0],"3":[12,12],"4":[12,12],"5":[2,0],"6":[0,2],"7":[2,2,2],"8":[0,3],"9":[0,3],"10":[3,3],"11":[0,1],"12":[0,1],"13":[1,1],"14":[0,1],"15":[1,1],"16":[1,0],"17":[0,2],"18":[2,2],"19":[0,1],"20":[1,0]},"inputSourceMap":{"version":3,"mappings":";8/BAAA,iWACA,wBAAyB,oDACzB,oBAAqB,gDACrB,iBAA6B,2BAC7B,IAAAA,cAAqC,8BAErC,MAAM,cAAgB,OAAC,KAAiB,CACtC,MAAM,OAAS,IAAI,MAAM,GACzB,MAAM,OAAS,IAAI,QAAQ,GAE3B,GAAI,CAAC,OAAQ,CACX,MAAM,IAAI,gBAAAC,QAAS,IAAK,qBAAqB,CAC/C,CAEA,GAAI,CAAC,QAAU,MAAM,QAAQ,MAAM,EAAG,CACpC,MAAM,IAAI,gBAAAA,QAAS,IAAK,iBAAiB,CAC3C,CAEA,MAAO,CAAE,OAAQ,MAAO,CAC1B,EAbsB,iBAef,MAAM,cAAa,oBAAAC,SACxB,MAAO,IAAc,IAAe,OAAuB,CACzD,GAAI,CAAC,IAAI,MAAM,GAAI,CACjB,MAAM,IAAI,gBAAAD,QAAS,IAAK,qBAAqB,CAC/C,CAEA,MAAM,KAAO,MAAM,0BAAa,kBAAkB,IAAI,KAAK,GAAI,IAAI,IAAI,EAEvE,OAAO,IAAI,OAAO,GAAG,EAAE,KAAK,CAC1B,OAAQ,IACR,QAAS,4BACT,KAAM,IACR,CAAC,CACH,CACF,EAEO,MAAM,cAAa,oBAAAC,SACxB,MAAO,IAAc,IAAe,OAAuB,CACzD,MAAM,OAAS,IAAI,QAAQ,GAE3B,GAAI,CAAC,QAAU,MAAM,QAAQ,MAAM,EAAG,CACpC,MAAM,IAAI,gBAAAD,QAAS,IAAK,qBAAqB,CAC/C,CAEA,GAAI,CAAC,IAAI,MAAM,GAAI,CACjB,MAAM,IAAI,gBAAAA,QAAS,IAAK,qBAAqB,CAC/C,CAEA,MAAM,KAAO,MAAM,0BAAa,kBAC9B,OACA,IAAI,KAAK,GACT,IAAI,IACN,EAEA,OAAO,IAAI,OAAO,GAAG,EAAE,KAAK,CAC1B,OAAQ,IACR,QAAS,4BACT,KAAM,IACR,CAAC,CACH,CACF,EAEO,MAAM,aAAY,oBAAAC,SACvB,MAAO,IAAc,IAAe,OAAuB,CACzD,MAAM,OAAS,mCAAqB,UAAU,IAAI,KAAK,EACvD,GAAI,CAAC,OAAO,QAAS,CACnB,MAAM,aACJ,OAAO,MAAM,OAAO,CAAC,GAAG,SAAW,2BACrC,MAAM,IAAI,gBAAAD,QAAS,IAAK,YAAY,CACtC,CAEA,MAAM,QAAU,OAAO,KAEvB,MAAM,MAAQ,MAAM,0BAAa,iBAAiB,OAAO,EAEzD,OAAO,IAAI,OAAO,GAAG,EAAE,KAAK,CAC1B,OAAQ,IACR,QAAS,4BACT,KAAM,KACR,CAAC,CACH,CACF,EAEO,MAAM,eAAc,oBAAAC,SACzB,MAAO,IAAc,IAAe,OAAuB,CACzD,MAAM,GAAK,IAAI,QAAQ,GACvB,GAAI,CAAC,IAAM,MAAM,QAAQ,EAAE,EAAG,CAC5B,MAAM,IAAI,gBAAAD,QAAS,IAAK,qBAAqB,CAC/C,CAEA,MAAM,KAAO,MAAM,0BAAa,mBAAmB,EAAE,EAErD,OAAO,IAAI,OAAO,GAAG,EAAE,KAAK,CAC1B,OAAQ,IACR,QAAS,6BACT,KAAM,IACR,CAAC,CACH,CACF,EAEO,MAAM,eAAc,oBAAAC,SACzB,MAAO,IAAc,IAAe,OAAuB,CACzD,GAAI,CAAC,IAAI,MAAM,GAAI,CACjB,MAAM,IAAI,gBAAAD,QAAS,IAAK,qBAAqB,CAC/C,CAEA,MAAM,YAAc,MAAM,0BAAa,mBAAmB,IAAI,KAAK,EAAE,EAErE,OAAO,IAAI,OAAO,GAAG,EAAE,KAAK,CAC1B,OAAQ,IACR,QAAS,4BACT,KAAM,WACR,CAAC,CACH,CACF,EAEO,MAAM,gBAAe,oBAAAC,SAC1B,MAAO,IAAc,IAAe,OAAuB,CACzD,KAAM,CAAE,OAAQ,MAAO,EAAI,cAAc,GAAG,EAE5C,MAAM,KAAO,MAAM,0BAAa,oBAAoB,OAAQ,MAAM,EAElE,OAAO,IAAI,OAAO,GAAG,EAAE,KAAK,CAC1B,OAAQ,IACR,QAAS,4BACT,KAAM,IACR,CAAC,CACH,CACF,EAEO,MAAM,kBAAiB,oBAAAA,SAC5B,MAAO,IAAc,IAAe,OAAuB,CACzD,KAAM,CAAE,OAAQ,MAAO,EAAI,cAAc,GAAG,EAE5C,MAAM,KAAO,MAAM,0BAAa,sBAAsB,OAAQ,MAAM,EAEpE,OAAO,IAAI,OAAO,GAAG,EAAE,KAAK,CAC1B,OAAQ,IACR,QAAS,4BACT,KAAM,IACR,CAAC,CACH,CACF,EAEO,MAAM,kBAAiB,oBAAAA,SAC5B,MAAO,IAAc,IAAe,OAAuB,CACzD,KAAM,CAAE,OAAQ,MAAO,EAAI,cAAc,GAAG,EAE5C,MAAM,KAAO,MAAM,0BAAa,sBAAsB,OAAQ,MAAM,EAEpE,OAAO,IAAI,OAAO,GAAG,EAAE,KAAK,CAC1B,OAAQ,IACR,QAAS,4BACT,KAAM,IACR,CAAC,CACH,CACF","names":["import_units","ApiError","asyncHandler"],"ignoreList":[],"sources":["D:\\projects\\Nestly\\backend\\src\\modules\\units\\units.controller.ts"],"sourcesContent":[null]},"_coverageSchema":"1a1c01bbd47fc00a2c39e90264f33305004495a9","hash":"c92fb9da981c5cc0b0d220db2a59e92eeea2fbd1","contentHash":"fc2d4ed8d92956c07b818b20e176a430eb96d000c4dc11a160b905acaf1d011d"},"D:\\projects\\Nestly\\backend\\src\\modules\\units\\units.validation.ts":{"path":"D:\\projects\\Nestly\\backend\\src\\modules\\units\\units.validation.ts","statementMap":{"0":{"start":{"line":1,"column":0},"end":{"line":1,"column":85}},"1":{"start":{"line":1,"column":85},"end":{"line":3,"column":4}},"2":{"start":{"line":2,"column":26},"end":{"line":2,"column":39}},"3":{"start":{"line":2,"column":54},"end":{"line":2,"column":75}},"4":{"start":{"line":2,"column":97},"end":{"line":2,"column":128}},"5":{"start":{"line":2,"column":151},"end":{"line":2,"column":177}},"6":{"start":{"line":2,"column":195},"end":{"line":2,"column":216}},"7":{"start":{"line":2,"column":234},"end":{"line":2,"column":265}},"8":{"start":{"line":2,"column":279},"end":{"line":2,"column":369}},"9":{"start":{"line":2,"column":294},"end":{"line":2,"column":368}},"10":{"start":{"line":2,"column":314},"end":{"line":2,"column":368}},"11":{"start":{"line":2,"column":386},"end":{"line":2,"column":663}},"12":{"start":{"line":2,"column":410},"end":{"line":2,"column":653}},"13":{"start":{"line":2,"column":469},"end":{"line":2,"column":652}},"14":{"start":{"line":2,"column":508},"end":{"line":2,"column":652}},"15":{"start":{"line":2,"column":552},"end":{"line":2,"column":652}},"16":{"start":{"line":2,"column":578},"end":{"line":2,"column":587}},"17":{"start":{"line":2,"column":653},"end":{"line":2,"column":662}},"18":{"start":{"line":2,"column":676},"end":{"line":2,"column":864}},"19":{"start":{"line":2,"column":702},"end":{"line":2,"column":863}},"20":{"start":{"line":2,"column":882},"end":{"line":2,"column":943}},"21":{"start":{"line":2,"column":887},"end":{"line":2,"column":943}},"22":{"start":{"line":2,"column":973},"end":{"line":2,"column":975}},"23":{"start":{"line":2,"column":976},"end":{"line":2,"column":1087}},"24":{"start":{"line":2,"column":1036},"end":{"line":2,"column":1056}},"25":{"start":{"line":2,"column":1073},"end":{"line":2,"column":1084}},"26":{"start":{"line":2,"column":1087},"end":{"line":2,"column":1141}},"27":{"start":{"line":2,"column":1156},"end":{"line":2,"column":1179}},"28":{"start":{"line":2,"column":1198},"end":{"line":2,"column":1567}},"29":{"start":{"line":2,"column":1595},"end":{"line":2,"column":1999}},"30":{"start":{"line":2,"column":2000},"end":{"line":2,"column":2055}}},"fnMap":{"0":{"name":"(anonymous_0)","decl":{"start":{"line":1,"column":86},"end":{"line":1,"column":87}},"loc":{"start":{"line":1,"column":90},"end":{"line":3,"column":1}},"line":1},"1":{"name":"(anonymous_1)","decl":{"start":{"line":2,"column":279},"end":{"line":2,"column":280}},"loc":{"start":{"line":2,"column":293},"end":{"line":2,"column":369}},"line":2},"2":{"name":"(anonymous_2)","decl":{"start":{"line":2,"column":386},"end":{"line":2,"column":387}},"loc":{"start":{"line":2,"column":409},"end":{"line":2,"column":663}},"line":2},"3":{"name":"(anonymous_3)","decl":{"start":{"line":2,"column":574},"end":{"line":2,"column":575}},"loc":{"start":{"line":2,"column":578},"end":{"line":2,"column":587}},"line":2},"4":{"name":"(anonymous_4)","decl":{"start":{"line":2,"column":676},"end":{"line":2,"column":677}},"loc":{"start":{"line":2,"column":702},"end":{"line":2,"column":863}},"line":2},"5":{"name":"(anonymous_5)","decl":{"start":{"line":2,"column":882},"end":{"line":2,"column":883}},"loc":{"start":{"line":2,"column":887},"end":{"line":2,"column":943}},"line":2},"6":{"name":"(anonymous_6)","decl":{"start":{"line":2,"column":1032},"end":{"line":2,"column":1033}},"loc":{"start":{"line":2,"column":1036},"end":{"line":2,"column":1056}},"line":2},"7":{"name":"(anonymous_7)","decl":{"start":{"line":2,"column":1069},"end":{"line":2,"column":1070}},"loc":{"start":{"line":2,"column":1073},"end":{"line":2,"column":1084}},"line":2}},"branchMap":{"0":{"loc":{"start":{"line":2,"column":410},"end":{"line":2,"column":653}},"type":"if","locations":[{"start":{"line":2,"column":410},"end":{"line":2,"column":653}},{"start":{},"end":{}}],"line":2},"1":{"loc":{"start":{"line":2,"column":413},"end":{"line":2,"column":467}},"type":"binary-expr","locations":[{"start":{"line":2,"column":413},"end":{"line":2,"column":417}},{"start":{"line":2,"column":419},"end":{"line":2,"column":441}},{"start":{"line":2,"column":443},"end":{"line":2,"column":467}}],"line":2},"2":{"loc":{"start":{"line":2,"column":508},"end":{"line":2,"column":652}},"type":"if","locations":[{"start":{"line":2,"column":508},"end":{"line":2,"column":652}},{"start":{},"end":{}}],"line":2},"3":{"loc":{"start":{"line":2,"column":511},"end":{"line":2,"column":551}},"type":"binary-expr","locations":[{"start":{"line":2,"column":511},"end":{"line":2,"column":537}},{"start":{"line":2,"column":539},"end":{"line":2,"column":551}}],"line":2},"4":{"loc":{"start":{"line":2,"column":599},"end":{"line":2,"column":650}},"type":"binary-expr","locations":[{"start":{"line":2,"column":599},"end":{"line":2,"column":633}},{"start":{"line":2,"column":635},"end":{"line":2,"column":650}}],"line":2},"5":{"loc":{"start":{"line":2,"column":709},"end":{"line":2,"column":749}},"type":"cond-expr","locations":[{"start":{"line":2,"column":719},"end":{"line":2,"column":746}},{"start":{"line":2,"column":747},"end":{"line":2,"column":749}}],"line":2},"6":{"loc":{"start":{"line":2,"column":762},"end":{"line":2,"column":858}},"type":"cond-expr","locations":[{"start":{"line":2,"column":796},"end":{"line":2,"column":851}},{"start":{"line":2,"column":852},"end":{"line":2,"column":858}}],"line":2},"7":{"loc":{"start":{"line":2,"column":762},"end":{"line":2,"column":795}},"type":"binary-expr","locations":[{"start":{"line":2,"column":762},"end":{"line":2,"column":772}},{"start":{"line":2,"column":774},"end":{"line":2,"column":778}},{"start":{"line":2,"column":780},"end":{"line":2,"column":795}}],"line":2},"8":{"loc":{"start":{"line":2,"column":2000},"end":{"line":2,"column":2054}},"type":"binary-expr","locations":[{"start":{"line":2,"column":2000},"end":{"line":2,"column":2001}},{"start":{"line":2,"column":2004},"end":{"line":2,"column":2053}}],"line":2}},"s":{"0":1,"1":1,"2":1,"3":1,"4":1,"5":1,"6":1,"7":1,"8":1,"9":1,"10":2,"11":1,"12":2,"13":2,"14":243,"15":243,"16":17,"17":2,"18":1,"19":1,"20":1,"21":1,"22":1,"23":1,"24":2,"25":0,"26":1,"27":1,"28":1,"29":1,"30":1},"f":{"0":1,"1":1,"2":2,"3":17,"4":1,"5":1,"6":2,"7":0},"b":{"0":[2,0],"1":[2,2,0],"2":[243,0],"3":[243,243],"4":[243,243],"5":[1,0],"6":[0,1],"7":[1,1,1],"8":[1,0]},"inputSourceMap":{"version":3,"mappings":";g7BAAA,oNAAc,wBAEP,MAAM,YAAc,WAAAA,QAAE,OAAO,CAClC,MAAO,WAAAA,QAAE,OAAO,EAChB,YAAa,WAAAA,QACV,OAAO,EACP,IAAI,EAAG,kDAAkD,EAC5D,cAAe,WAAAA,QAAE,OAAO,EAAE,SAAS,EACnC,UAAW,WAAAA,QAAE,OAAO,EAAE,SAAS,EAC/B,OAAQ,WAAAA,QAAE,KAAK,EACf,WAAY,WAAAA,QAAE,KAAK,EACnB,WAAY,WAAAA,QAAE,KAAK,CACrB,CAAC,EAKM,MAAM,qBAAuB,WAAAA,QAAE,OAAO,CAC3C,OAAQ,WAAAA,QAAE,KAAK,EAAE,SAAS,EAC1B,WAAY,WAAAA,QAAE,KAAK,EAAE,SAAS,EAC9B,SAAU,WAAAA,QAAE,OAAO,OAAO,EAAE,YAAY,EAAE,SAAS,EACnD,SAAU,WAAAA,QAAE,OAAO,OAAO,EAAE,YAAY,EAAE,SAAS,EACnD,KAAM,WAAAA,QAAE,OAAO,OAAO,EAAE,IAAI,EAAE,SAAS,EAAE,QAAQ,CAAC,EAClD,MAAO,WAAAA,QAAE,OAAO,OAAO,EAAE,IAAI,EAAE,SAAS,EAAE,IAAI,EAAE,EAAE,QAAQ,EAAE,CAC9D,CAAC","names":["z"],"ignoreList":[],"sources":["D:\\projects\\Nestly\\backend\\src\\modules\\units\\units.validation.ts"],"sourcesContent":[null]},"_coverageSchema":"1a1c01bbd47fc00a2c39e90264f33305004495a9","hash":"c1757ea5423aec1aa666ae28687416dc11d06863","contentHash":"13e83631a8c021be3ada8705c5afcc7546eb0967ac80002f17c8d20ce3251a68"}}