{"D:\\projects\\Nestly\\backend\\src\\modules\\auth\\auth.service.ts":{"path":"D:\\projects\\Nestly\\backend\\src\\modules\\auth\\auth.service.ts","statementMap":{"0":{"start":{"line":1,"column":0},"end":{"line":1,"column":80}},"1":{"start":{"line":1,"column":80},"end":{"line":17,"column":4}},"2":{"start":{"line":2,"column":26},"end":{"line":2,"column":39}},"3":{"start":{"line":2,"column":54},"end":{"line":2,"column":75}},"4":{"start":{"line":2,"column":97},"end":{"line":2,"column":128}},"5":{"start":{"line":2,"column":151},"end":{"line":2,"column":177}},"6":{"start":{"line":2,"column":195},"end":{"line":2,"column":216}},"7":{"start":{"line":2,"column":234},"end":{"line":2,"column":265}},"8":{"start":{"line":2,"column":277},"end":{"line":2,"column":343}},"9":{"start":{"line":2,"column":293},"end":{"line":2,"column":343}},"10":{"start":{"line":2,"column":357},"end":{"line":2,"column":447}},"11":{"start":{"line":2,"column":372},"end":{"line":2,"column":446}},"12":{"start":{"line":2,"column":392},"end":{"line":2,"column":446}},"13":{"start":{"line":2,"column":464},"end":{"line":2,"column":741}},"14":{"start":{"line":2,"column":488},"end":{"line":2,"column":731}},"15":{"start":{"line":2,"column":547},"end":{"line":2,"column":730}},"16":{"start":{"line":2,"column":586},"end":{"line":2,"column":730}},"17":{"start":{"line":2,"column":630},"end":{"line":2,"column":730}},"18":{"start":{"line":2,"column":656},"end":{"line":2,"column":665}},"19":{"start":{"line":2,"column":731},"end":{"line":2,"column":740}},"20":{"start":{"line":2,"column":754},"end":{"line":2,"column":942}},"21":{"start":{"line":2,"column":780},"end":{"line":2,"column":941}},"22":{"start":{"line":2,"column":960},"end":{"line":2,"column":1021}},"23":{"start":{"line":2,"column":965},"end":{"line":2,"column":1021}},"24":{"start":{"line":2,"column":1047},"end":{"line":2,"column":1049}},"25":{"start":{"line":2,"column":1050},"end":{"line":2,"column":1414}},"26":{"start":{"line":2,"column":1109},"end":{"line":2,"column":1145}},"27":{"start":{"line":2,"column":1163},"end":{"line":2,"column":1175}},"28":{"start":{"line":2,"column":1202},"end":{"line":2,"column":1223}},"29":{"start":{"line":2,"column":1241},"end":{"line":2,"column":1253}},"30":{"start":{"line":2,"column":1273},"end":{"line":2,"column":1287}},"31":{"start":{"line":2,"column":1308},"end":{"line":2,"column":1323}},"32":{"start":{"line":2,"column":1349},"end":{"line":2,"column":1369}},"33":{"start":{"line":2,"column":1393},"end":{"line":2,"column":1411}},"34":{"start":{"line":2,"column":1414},"end":{"line":2,"column":1464}},"35":{"start":{"line":2,"column":1484},"end":{"line":2,"column":1531}},"36":{"start":{"line":2,"column":1549},"end":{"line":2,"column":1592}},"37":{"start":{"line":2,"column":1610},"end":{"line":2,"column":1653}},"38":{"start":{"line":2,"column":1702},"end":{"line":2,"column":1761}},"39":{"start":{"line":2,"column":1762},"end":{"line":2,"column":1851}},"40":{"start":{"line":2,"column":1772},"end":{"line":2,"column":1850}},"41":{"start":{"line":2,"column":1869},"end":{"line":2,"column":1950}},"42":{"start":{"line":2,"column":1970},"end":{"line":2,"column":2052}},"43":{"start":{"line":2,"column":2063},"end":{"line":2,"column":2144}},"44":{"start":{"line":2,"column":2156},"end":{"line":9,"column":3}},"45":{"start":{"line":9,"column":4},"end":{"line":9,"column":100}},"46":{"start":{"line":9,"column":100},"end":{"line":9,"column":137}},"47":{"start":{"line":9,"column":138},"end":{"line":9,"column":180}},"48":{"start":{"line":9,"column":235},"end":{"line":9,"column":296}},"49":{"start":{"line":9,"column":297},"end":{"line":9,"column":368}},"50":{"start":{"line":9,"column":307},"end":{"line":9,"column":367}},"51":{"start":{"line":9,"column":386},"end":{"line":9,"column":467}},"52":{"start":{"line":9,"column":468},"end":{"line":9,"column":546}},"53":{"start":{"line":9,"column":485},"end":{"line":9,"column":545}},"54":{"start":{"line":9,"column":564},"end":{"line":9,"column":645}},"55":{"start":{"line":9,"column":665},"end":{"line":9,"column":747}},"56":{"start":{"line":9,"column":748},"end":{"line":9,"column":785}},"57":{"start":{"line":9,"column":786},"end":{"line":9,"column":822}},"58":{"start":{"line":9,"column":887},"end":{"line":9,"column":962}},"59":{"start":{"line":9,"column":963},"end":{"line":9,"column":1072}},"60":{"start":{"line":9,"column":983},"end":{"line":9,"column":1071}},"61":{"start":{"line":9,"column":1084},"end":{"line":9,"column":1185}},"62":{"start":{"line":9,"column":1186},"end":{"line":9,"column":1198}},"63":{"start":{"line":9,"column":1199},"end":{"line":9,"column":1239}},"64":{"start":{"line":9,"column":1285},"end":{"line":9,"column":1365}},"65":{"start":{"line":9,"column":1376},"end":{"line":9,"column":1477}},"66":{"start":{"line":9,"column":1478},"end":{"line":9,"column":1489}},"67":{"start":{"line":9,"column":1490},"end":{"line":9,"column":1538}},"68":{"start":{"line":9,"column":1593},"end":{"line":9,"column":1674}},"69":{"start":{"line":9,"column":1675},"end":{"line":9,"column":1741}},"70":{"start":{"line":9,"column":1685},"end":{"line":9,"column":1740}},"71":{"start":{"line":9,"column":1755},"end":{"line":9,"column":1833}},"72":{"start":{"line":9,"column":1845},"end":{"line":16,"column":3}},"73":{"start":{"line":16,"column":4},"end":{"line":16,"column":96}},"74":{"start":{"line":16,"column":97},"end":{"line":16,"column":151}},"75":{"start":{"line":16,"column":211},"end":{"line":16,"column":293}},"76":{"start":{"line":16,"column":314},"end":{"line":16,"column":384}},"77":{"start":{"line":16,"column":403},"end":{"line":16,"column":512}},"78":{"start":{"line":16,"column":513},"end":{"line":16,"column":604}},"79":{"start":{"line":16,"column":530},"end":{"line":16,"column":603}},"80":{"start":{"line":16,"column":604},"end":{"line":16,"column":622}},"81":{"start":{"line":16,"column":623},"end":{"line":16,"column":675}},"82":{"start":{"line":16,"column":694},"end":{"line":16,"column":801}},"83":{"start":{"line":16,"column":802},"end":{"line":16,"column":967}}},"fnMap":{"0":{"name":"(anonymous_0)","decl":{"start":{"line":1,"column":81},"end":{"line":1,"column":82}},"loc":{"start":{"line":1,"column":85},"end":{"line":17,"column":1}},"line":1},"1":{"name":"(anonymous_1)","decl":{"start":{"line":2,"column":277},"end":{"line":2,"column":278}},"loc":{"start":{"line":2,"column":293},"end":{"line":2,"column":343}},"line":2},"2":{"name":"(anonymous_2)","decl":{"start":{"line":2,"column":357},"end":{"line":2,"column":358}},"loc":{"start":{"line":2,"column":371},"end":{"line":2,"column":447}},"line":2},"3":{"name":"(anonymous_3)","decl":{"start":{"line":2,"column":464},"end":{"line":2,"column":465}},"loc":{"start":{"line":2,"column":487},"end":{"line":2,"column":741}},"line":2},"4":{"name":"(anonymous_4)","decl":{"start":{"line":2,"column":652},"end":{"line":2,"column":653}},"loc":{"start":{"line":2,"column":656},"end":{"line":2,"column":665}},"line":2},"5":{"name":"(anonymous_5)","decl":{"start":{"line":2,"column":754},"end":{"line":2,"column":755}},"loc":{"start":{"line":2,"column":780},"end":{"line":2,"column":941}},"line":2},"6":{"name":"(anonymous_6)","decl":{"start":{"line":2,"column":960},"end":{"line":2,"column":961}},"loc":{"start":{"line":2,"column":965},"end":{"line":2,"column":1021}},"line":2},"7":{"name":"(anonymous_7)","decl":{"start":{"line":2,"column":1105},"end":{"line":2,"column":1106}},"loc":{"start":{"line":2,"column":1109},"end":{"line":2,"column":1145}},"line":2},"8":{"name":"(anonymous_8)","decl":{"start":{"line":2,"column":1159},"end":{"line":2,"column":1160}},"loc":{"start":{"line":2,"column":1163},"end":{"line":2,"column":1175}},"line":2},"9":{"name":"(anonymous_9)","decl":{"start":{"line":2,"column":1198},"end":{"line":2,"column":1199}},"loc":{"start":{"line":2,"column":1202},"end":{"line":2,"column":1223}},"line":2},"10":{"name":"(anonymous_10)","decl":{"start":{"line":2,"column":1237},"end":{"line":2,"column":1238}},"loc":{"start":{"line":2,"column":1241},"end":{"line":2,"column":1253}},"line":2},"11":{"name":"(anonymous_11)","decl":{"start":{"line":2,"column":1269},"end":{"line":2,"column":1270}},"loc":{"start":{"line":2,"column":1273},"end":{"line":2,"column":1287}},"line":2},"12":{"name":"(anonymous_12)","decl":{"start":{"line":2,"column":1304},"end":{"line":2,"column":1305}},"loc":{"start":{"line":2,"column":1308},"end":{"line":2,"column":1323}},"line":2},"13":{"name":"(anonymous_13)","decl":{"start":{"line":2,"column":1345},"end":{"line":2,"column":1346}},"loc":{"start":{"line":2,"column":1349},"end":{"line":2,"column":1369}},"line":2},"14":{"name":"(anonymous_14)","decl":{"start":{"line":2,"column":1389},"end":{"line":2,"column":1390}},"loc":{"start":{"line":2,"column":1393},"end":{"line":2,"column":1411}},"line":2},"15":{"name":"registerService","decl":{"start":{"line":2,"column":1669},"end":{"line":2,"column":1684}},"loc":{"start":{"line":2,"column":1690},"end":{"line":9,"column":138}},"line":2},"16":{"name":"loginService","decl":{"start":{"line":9,"column":195},"end":{"line":9,"column":207}},"loc":{"start":{"line":9,"column":223},"end":{"line":9,"column":786}},"line":9},"17":{"name":"refreshService","decl":{"start":{"line":9,"column":837},"end":{"line":9,"column":851}},"loc":{"start":{"line":9,"column":865},"end":{"line":9,"column":1199}},"line":9},"18":{"name":"verifyEmailService","decl":{"start":{"line":9,"column":1254},"end":{"line":9,"column":1272}},"loc":{"start":{"line":9,"column":1284},"end":{"line":9,"column":1490}},"line":9},"19":{"name":"forgotPasswordService","decl":{"start":{"line":9,"column":1553},"end":{"line":9,"column":1574}},"loc":{"start":{"line":9,"column":1581},"end":{"line":16,"column":97}},"line":9},"20":{"name":"resetPasswordService","decl":{"start":{"line":16,"column":166},"end":{"line":16,"column":186}},"loc":{"start":{"line":16,"column":210},"end":{"line":16,"column":623}},"line":16}},"branchMap":{"0":{"loc":{"start":{"line":2,"column":488},"end":{"line":2,"column":731}},"type":"if","locations":[{"start":{"line":2,"column":488},"end":{"line":2,"column":731}},{"start":{},"end":{}}],"line":2},"1":{"loc":{"start":{"line":2,"column":491},"end":{"line":2,"column":545}},"type":"binary-expr","locations":[{"start":{"line":2,"column":491},"end":{"line":2,"column":495}},{"start":{"line":2,"column":497},"end":{"line":2,"column":519}},{"start":{"line":2,"column":521},"end":{"line":2,"column":545}}],"line":2},"2":{"loc":{"start":{"line":2,"column":586},"end":{"line":2,"column":730}},"type":"if","locations":[{"start":{"line":2,"column":586},"end":{"line":2,"column":730}},{"start":{},"end":{}}],"line":2},"3":{"loc":{"start":{"line":2,"column":589},"end":{"line":2,"column":629}},"type":"binary-expr","locations":[{"start":{"line":2,"column":589},"end":{"line":2,"column":615}},{"start":{"line":2,"column":617},"end":{"line":2,"column":629}}],"line":2},"4":{"loc":{"start":{"line":2,"column":677},"end":{"line":2,"column":728}},"type":"binary-expr","locations":[{"start":{"line":2,"column":677},"end":{"line":2,"column":711}},{"start":{"line":2,"column":713},"end":{"line":2,"column":728}}],"line":2},"5":{"loc":{"start":{"line":2,"column":787},"end":{"line":2,"column":827}},"type":"cond-expr","locations":[{"start":{"line":2,"column":797},"end":{"line":2,"column":824}},{"start":{"line":2,"column":825},"end":{"line":2,"column":827}}],"line":2},"6":{"loc":{"start":{"line":2,"column":840},"end":{"line":2,"column":936}},"type":"cond-expr","locations":[{"start":{"line":2,"column":874},"end":{"line":2,"column":929}},{"start":{"line":2,"column":930},"end":{"line":2,"column":936}}],"line":2},"7":{"loc":{"start":{"line":2,"column":840},"end":{"line":2,"column":873}},"type":"binary-expr","locations":[{"start":{"line":2,"column":840},"end":{"line":2,"column":850}},{"start":{"line":2,"column":852},"end":{"line":2,"column":856}},{"start":{"line":2,"column":858},"end":{"line":2,"column":873}}],"line":2},"8":{"loc":{"start":{"line":2,"column":1762},"end":{"line":2,"column":1851}},"type":"if","locations":[{"start":{"line":2,"column":1762},"end":{"line":2,"column":1851}},{"start":{},"end":{}}],"line":2},"9":{"loc":{"start":{"line":9,"column":297},"end":{"line":9,"column":368}},"type":"if","locations":[{"start":{"line":9,"column":297},"end":{"line":9,"column":368}},{"start":{},"end":{}}],"line":9},"10":{"loc":{"start":{"line":9,"column":468},"end":{"line":9,"column":546}},"type":"if","locations":[{"start":{"line":9,"column":468},"end":{"line":9,"column":546}},{"start":{},"end":{}}],"line":9},"11":{"loc":{"start":{"line":9,"column":963},"end":{"line":9,"column":1072}},"type":"if","locations":[{"start":{"line":9,"column":963},"end":{"line":9,"column":1072}},{"start":{},"end":{}}],"line":9},"12":{"loc":{"start":{"line":9,"column":1675},"end":{"line":9,"column":1741}},"type":"if","locations":[{"start":{"line":9,"column":1675},"end":{"line":9,"column":1741}},{"start":{},"end":{}}],"line":9},"13":{"loc":{"start":{"line":16,"column":513},"end":{"line":16,"column":604}},"type":"if","locations":[{"start":{"line":16,"column":513},"end":{"line":16,"column":604}},{"start":{},"end":{}}],"line":16},"14":{"loc":{"start":{"line":16,"column":802},"end":{"line":16,"column":966}},"type":"binary-expr","locations":[{"start":{"line":16,"column":802},"end":{"line":16,"column":803}},{"start":{"line":16,"column":806},"end":{"line":16,"column":965}}],"line":16}},"s":{"0":1,"1":1,"2":1,"3":1,"4":1,"5":1,"6":1,"7":1,"8":1,"9":6,"10":1,"11":1,"12":8,"13":1,"14":2,"15":2,"16":10,"17":10,"18":69,"19":2,"20":1,"21":1,"22":1,"23":1,"24":1,"25":1,"26":27,"27":24,"28":2,"29":3,"30":2,"31":2,"32":2,"33":2,"34":1,"35":1,"36":1,"37":1,"38":2,"39":2,"40":1,"41":1,"42":1,"43":1,"44":1,"45":1,"46":1,"47":1,"48":3,"49":3,"50":1,"51":2,"52":2,"53":1,"54":1,"55":1,"56":1,"57":1,"58":2,"59":2,"60":1,"61":1,"62":1,"63":1,"64":2,"65":1,"66":1,"67":1,"68":2,"69":2,"70":1,"71":1,"72":1,"73":1,"74":1,"75":2,"76":1,"77":1,"78":1,"79":0,"80":1,"81":1,"82":1,"83":1},"f":{"0":1,"1":6,"2":1,"3":2,"4":69,"5":1,"6":1,"7":27,"8":24,"9":2,"10":3,"11":2,"12":2,"13":2,"14":2,"15":2,"16":3,"17":2,"18":2,"19":2,"20":2},"b":{"0":[2,0],"1":[2,2,0],"2":[10,0],"3":[10,10],"4":[10,10],"5":[1,0],"6":[0,1],"7":[1,1,1],"8":[1,1],"9":[1,2],"10":[1,1],"11":[1,1],"12":[1,1],"13":[0,1],"14":[1,0]},"inputSourceMap":{"version":3,"mappings":";8/BAAA,8cAAqB,gDAErB,IAAAA,aAAwC,4CAExC,IAAAA,aAAwC,4CAExC,eAAsB,gBAAgB,KAAmB,CACvD,MAAM,KAAO,MAAM,qCAAwB,WAAW,IAAI,EAC1D,GAAI,CAAC,KAAM,CACT,MAAM,IAAI,gBAAAC,QAAS,IAAK,uCAAuC,CACjE,CAEA,MAAM,YAAc,qCAAwB,gBAAgB,CAC1D,GAAI,KAAK,GACT,KAAM,KAAK,IACb,CAAC,EACD,MAAM,aAAe,qCAAwB,iBAAiB,CAC5D,GAAI,KAAK,GACT,KAAM,KAAK,IACb,CAAC,EACD,MAAM,IAAM,MAAM,qCAAwB,YACxC,KAAK,MACL,cACF,EAEA,MAAM,KAAO;AAAA;AAAA;AAAA;AAAA,qDAIsC,GAAG;AAAA;AAAA;AAAA,IAKtD,qCAAwB,SAAS,CAC/B,GAAI,KAAK,MACT,QAAS,oBACT,IACF,CAAC,EAED,MAAO,CAAE,YAAa,aAAc,IAAK,CAC3C,CAnCsB,0CAqCtB,eAAsB,aAAa,MAAe,SAAkB,CAClE,MAAM,KAAO,MAAM,qCAAwB,YAAY,KAAK,EAE5D,GAAI,CAAC,KAAM,CACT,MAAM,IAAI,gBAAAA,QAAS,IAAK,qBAAqB,CAC/C,CAEA,MAAM,YAAc,MAAM,qCAAwB,OAAO,QACvD,SACA,KAAK,QACP,EAEA,GAAI,CAAC,YAAa,CAChB,MAAM,IAAI,gBAAAA,QAAS,IAAK,qBAAqB,CAC/C,CAEA,MAAM,YAAc,qCAAwB,gBAAgB,CAC1D,GAAI,KAAK,GACT,KAAM,KAAK,IACb,CAAC,EACD,MAAM,aAAe,qCAAwB,iBAAiB,CAC5D,GAAI,KAAK,GACT,KAAM,KAAK,IACb,CAAC,EAED,MAAO,CAAE,YAAa,aAAc,IAAK,CAC3C,CA1BsB,oCA4BtB,eAAsB,eAAe,aAAsB,CACzD,MAAM,eACJ,MAAM,qCAAwB,mBAAmB,YAAY,EAE/D,GAAI,CAAC,eAAgB,CACnB,MAAM,IAAI,gBAAAA,QAAS,IAAK,iDAAiD,CAC3E,CAEA,MAAM,MAAQ,qCAAwB,gBAAgB,CACpD,GAAI,eAAe,GACnB,KAAM,eAAe,IACvB,CAAC,EACD,OAAO,KACT,CAbsB,wCAetB,eAAsB,mBAAmB,MAAe,KAAc,CACpE,MAAM,qCAAwB,UAAU,MAAO,KAAM,cAAc,EAEnE,MAAM,KAAO,MAAM,qCAAwB,OAAO,KAAK,OAAO,CAC5D,MAAO,CAAE,KAAa,EACtB,KAAM,CAAE,WAAY,IAAK,CAC3B,CAAC,EAED,OAAO,IACT,CATsB,gDAWtB,eAAsB,sBAAsB,MAAe,CACzD,MAAM,KAAO,MAAM,qCAAwB,OAAO,KAAK,UAAU,CAC/D,MAAO,CAAE,KAAa,CACxB,CAAC,EAED,GAAI,CAAC,KAAM,CACT,MAAM,IAAI,gBAAAA,QAAS,IAAK,gBAAgB,CAC1C,CAEA,MAAM,QAAU,MAAM,qCAAwB,YAC5C,MACA,gBACF,EAEA,MAAM,KAAO;AAAA;AAAA;AAAA;AAAA,qDAIsC,OAAO;AAAA;AAAA;AAAA,IAK1D,qCAAwB,SAAS,CAC/B,GAAI,KAAK,MACT,QAAS,iBACT,IACF,CAAC,CACH,CA5BsB,sDA8BtB,eAAsB,qBACpB,MACA,KACA,YACA,CACA,MAAM,qCAAwB,UAAU,MAAO,KAAM,gBAAgB,EAErE,MAAM,eAAiB,MAAM,qCAAwB,OAAO,KAC1D,YACA,EACF,EAEA,MAAM,YAAc,MAAM,qCAAwB,OAAO,KAAK,OAAO,CACnE,MAAO,CAAE,KAAM,EACf,KAAM,CAAE,SAAU,cAAe,CACnC,CAAC,EAED,GAAI,CAAC,YAAa,CAChB,MAAM,IAAI,gBAAAA,QAAS,IAAK,kCAAkC,CAC5D,CAIA,OAAO,WACT,CAxBsB,oDA0Bf,MAAM,aAAe,CAC1B,gBACA,aACA,eACA,mBACA,sBACA,oBACF","names":["import_auth","ApiError"],"ignoreList":[],"sources":["D:\\projects\\Nestly\\backend\\src\\modules\\auth\\auth.service.ts"],"sourcesContent":[null]},"_coverageSchema":"1a1c01bbd47fc00a2c39e90264f33305004495a9","hash":"3075384bfcfe6c193b02b25adae6566ab3d1e458","contentHash":"25a67e95ba7bc1480e3ac3889529b254f129cac0f5a356246e71526c3ed22619"},"D:\\projects\\Nestly\\backend\\src\\modules\\auth\\dependencies\\auth.dependencies.ts":{"path":"D:\\projects\\Nestly\\backend\\src\\modules\\auth\\dependencies\\auth.dependencies.ts","statementMap":{"0":{"start":{"line":1,"column":0},"end":{"line":1,"column":99}},"1":{"start":{"line":1,"column":99},"end":{"line":3,"column":4}},"2":{"start":{"line":2,"column":26},"end":{"line":2,"column":39}},"3":{"start":{"line":2,"column":54},"end":{"line":2,"column":75}},"4":{"start":{"line":2,"column":97},"end":{"line":2,"column":128}},"5":{"start":{"line":2,"column":151},"end":{"line":2,"column":177}},"6":{"start":{"line":2,"column":195},"end":{"line":2,"column":216}},"7":{"start":{"line":2,"column":234},"end":{"line":2,"column":265}},"8":{"start":{"line":2,"column":277},"end":{"line":2,"column":343}},"9":{"start":{"line":2,"column":293},"end":{"line":2,"column":343}},"10":{"start":{"line":2,"column":357},"end":{"line":2,"column":447}},"11":{"start":{"line":2,"column":372},"end":{"line":2,"column":446}},"12":{"start":{"line":2,"column":392},"end":{"line":2,"column":446}},"13":{"start":{"line":2,"column":464},"end":{"line":2,"column":741}},"14":{"start":{"line":2,"column":488},"end":{"line":2,"column":731}},"15":{"start":{"line":2,"column":547},"end":{"line":2,"column":730}},"16":{"start":{"line":2,"column":586},"end":{"line":2,"column":730}},"17":{"start":{"line":2,"column":630},"end":{"line":2,"column":730}},"18":{"start":{"line":2,"column":656},"end":{"line":2,"column":665}},"19":{"start":{"line":2,"column":731},"end":{"line":2,"column":740}},"20":{"start":{"line":2,"column":754},"end":{"line":2,"column":942}},"21":{"start":{"line":2,"column":780},"end":{"line":2,"column":941}},"22":{"start":{"line":2,"column":960},"end":{"line":2,"column":1021}},"23":{"start":{"line":2,"column":965},"end":{"line":2,"column":1021}},"24":{"start":{"line":2,"column":1052},"end":{"line":2,"column":1054}},"25":{"start":{"line":2,"column":1055},"end":{"line":2,"column":1145}},"26":{"start":{"line":2,"column":1119},"end":{"line":2,"column":1142}},"27":{"start":{"line":2,"column":1145},"end":{"line":2,"column":1200}},"28":{"start":{"line":2,"column":1220},"end":{"line":2,"column":1248}},"29":{"start":{"line":2,"column":1267},"end":{"line":2,"column":1305}},"30":{"start":{"line":2,"column":1321},"end":{"line":2,"column":1357}},"31":{"start":{"line":2,"column":1375},"end":{"line":2,"column":1411}},"32":{"start":{"line":2,"column":1427},"end":{"line":2,"column":1459}},"33":{"start":{"line":2,"column":1476},"end":{"line":2,"column":1510}},"34":{"start":{"line":2,"column":1528},"end":{"line":2,"column":1685}},"35":{"start":{"line":2,"column":1558},"end":{"line":2,"column":1600}},"36":{"start":{"line":2,"column":1634},"end":{"line":2,"column":1673}},"37":{"start":{"line":2,"column":1716},"end":{"line":2,"column":2071}},"38":{"start":{"line":2,"column":2072},"end":{"line":2,"column":2118}}},"fnMap":{"0":{"name":"(anonymous_0)","decl":{"start":{"line":1,"column":100},"end":{"line":1,"column":101}},"loc":{"start":{"line":1,"column":104},"end":{"line":3,"column":1}},"line":1},"1":{"name":"(anonymous_1)","decl":{"start":{"line":2,"column":277},"end":{"line":2,"column":278}},"loc":{"start":{"line":2,"column":293},"end":{"line":2,"column":343}},"line":2},"2":{"name":"(anonymous_2)","decl":{"start":{"line":2,"column":357},"end":{"line":2,"column":358}},"loc":{"start":{"line":2,"column":371},"end":{"line":2,"column":447}},"line":2},"3":{"name":"(anonymous_3)","decl":{"start":{"line":2,"column":464},"end":{"line":2,"column":465}},"loc":{"start":{"line":2,"column":487},"end":{"line":2,"column":741}},"line":2},"4":{"name":"(anonymous_4)","decl":{"start":{"line":2,"column":652},"end":{"line":2,"column":653}},"loc":{"start":{"line":2,"column":656},"end":{"line":2,"column":665}},"line":2},"5":{"name":"(anonymous_5)","decl":{"start":{"line":2,"column":754},"end":{"line":2,"column":755}},"loc":{"start":{"line":2,"column":780},"end":{"line":2,"column":941}},"line":2},"6":{"name":"(anonymous_6)","decl":{"start":{"line":2,"column":960},"end":{"line":2,"column":961}},"loc":{"start":{"line":2,"column":965},"end":{"line":2,"column":1021}},"line":2},"7":{"name":"(anonymous_7)","decl":{"start":{"line":2,"column":1115},"end":{"line":2,"column":1116}},"loc":{"start":{"line":2,"column":1119},"end":{"line":2,"column":1142}},"line":2},"8":{"name":"(anonymous_8)","decl":{"start":{"line":2,"column":1552},"end":{"line":2,"column":1553}},"loc":{"start":{"line":2,"column":1558},"end":{"line":2,"column":1600}},"line":2},"9":{"name":"(anonymous_9)","decl":{"start":{"line":2,"column":1628},"end":{"line":2,"column":1629}},"loc":{"start":{"line":2,"column":1634},"end":{"line":2,"column":1673}},"line":2}},"branchMap":{"0":{"loc":{"start":{"line":2,"column":488},"end":{"line":2,"column":731}},"type":"if","locations":[{"start":{"line":2,"column":488},"end":{"line":2,"column":731}},{"start":{},"end":{}}],"line":2},"1":{"loc":{"start":{"line":2,"column":491},"end":{"line":2,"column":545}},"type":"binary-expr","locations":[{"start":{"line":2,"column":491},"end":{"line":2,"column":495}},{"start":{"line":2,"column":497},"end":{"line":2,"column":519}},{"start":{"line":2,"column":521},"end":{"line":2,"column":545}}],"line":2},"2":{"loc":{"start":{"line":2,"column":586},"end":{"line":2,"column":730}},"type":"if","locations":[{"start":{"line":2,"column":586},"end":{"line":2,"column":730}},{"start":{},"end":{}}],"line":2},"3":{"loc":{"start":{"line":2,"column":589},"end":{"line":2,"column":629}},"type":"binary-expr","locations":[{"start":{"line":2,"column":589},"end":{"line":2,"column":615}},{"start":{"line":2,"column":617},"end":{"line":2,"column":629}}],"line":2},"4":{"loc":{"start":{"line":2,"column":677},"end":{"line":2,"column":728}},"type":"binary-expr","locations":[{"start":{"line":2,"column":677},"end":{"line":2,"column":711}},{"start":{"line":2,"column":713},"end":{"line":2,"column":728}}],"line":2},"5":{"loc":{"start":{"line":2,"column":787},"end":{"line":2,"column":827}},"type":"cond-expr","locations":[{"start":{"line":2,"column":797},"end":{"line":2,"column":824}},{"start":{"line":2,"column":825},"end":{"line":2,"column":827}}],"line":2},"6":{"loc":{"start":{"line":2,"column":840},"end":{"line":2,"column":936}},"type":"cond-expr","locations":[{"start":{"line":2,"column":874},"end":{"line":2,"column":929}},{"start":{"line":2,"column":930},"end":{"line":2,"column":936}}],"line":2},"7":{"loc":{"start":{"line":2,"column":840},"end":{"line":2,"column":873}},"type":"binary-expr","locations":[{"start":{"line":2,"column":840},"end":{"line":2,"column":850}},{"start":{"line":2,"column":852},"end":{"line":2,"column":856}},{"start":{"line":2,"column":858},"end":{"line":2,"column":873}}],"line":2},"8":{"loc":{"start":{"line":2,"column":2072},"end":{"line":2,"column":2117}},"type":"binary-expr","locations":[{"start":{"line":2,"column":2072},"end":{"line":2,"column":2073}},{"start":{"line":2,"column":2076},"end":{"line":2,"column":2116}}],"line":2}},"s":{"0":1,"1":1,"2":1,"3":1,"4":1,"5":1,"6":1,"7":1,"8":1,"9":2,"10":1,"11":1,"12":1,"13":1,"14":3,"15":3,"16":15,"17":15,"18":54,"19":3,"20":1,"21":2,"22":1,"23":1,"24":1,"25":1,"26":54,"27":1,"28":1,"29":1,"30":1,"31":1,"32":1,"33":1,"34":1,"35":0,"36":0,"37":1,"38":1},"f":{"0":1,"1":2,"2":1,"3":3,"4":54,"5":2,"6":1,"7":54,"8":0,"9":0},"b":{"0":[3,0],"1":[3,3,0],"2":[15,0],"3":[15,15],"4":[15,15],"5":[2,0],"6":[1,1],"7":[2,2,2],"8":[1,0]},"inputSourceMap":{"version":3,"mappings":";8/BAAA,sMAAmB,6BACnB,kBAAmB,uCACnB,eAIO,qCACP,iBAAwC,qCACxC,eAAuC,iCACvC,gBAAyB,mCAGzB,MAAM,WAAyB,CAC7B,KAAM,CACJ,UAAW,OAAC,MACV,cAAAA,QAAO,KAAK,UACV,IACF,EAHS,aAIX,OAAQ,OAAC,MACP,cAAAA,QAAO,KAAK,OACV,IACF,EAHM,SAIV,CACF,EAEO,MAAM,wBAA0B,CACrC,mCACA,qCACA,2CACA,6CACA,iDACA,mCACA,+BACA,8BACA,uBAAAC,QACA,OAAQ,UACV","names":["prisma","bcrypt"],"ignoreList":[],"sources":["D:\\projects\\Nestly\\backend\\src\\modules\\auth\\dependencies\\auth.dependencies.ts"],"sourcesContent":[null]},"_coverageSchema":"1a1c01bbd47fc00a2c39e90264f33305004495a9","hash":"848621dc2d3f4a9bea9cc2e8e31cf45971569f80","contentHash":"b4df804cf0655f20c4f208fe8a9e3f695539806c2e3e3eb57f3bc0f9067b4a11"},"D:\\projects\\Nestly\\backend\\src\\modules\\auth\\auth.controller.ts":{"path":"D:\\projects\\Nestly\\backend\\src\\modules\\auth\\auth.controller.ts","statementMap":{"0":{"start":{"line":1,"column":0},"end":{"line":1,"column":83}},"1":{"start":{"line":1,"column":83},"end":{"line":3,"column":4}},"2":{"start":{"line":2,"column":26},"end":{"line":2,"column":39}},"3":{"start":{"line":2,"column":54},"end":{"line":2,"column":75}},"4":{"start":{"line":2,"column":97},"end":{"line":2,"column":128}},"5":{"start":{"line":2,"column":151},"end":{"line":2,"column":177}},"6":{"start":{"line":2,"column":195},"end":{"line":2,"column":216}},"7":{"start":{"line":2,"column":234},"end":{"line":2,"column":265}},"8":{"start":{"line":2,"column":279},"end":{"line":2,"column":369}},"9":{"start":{"line":2,"column":294},"end":{"line":2,"column":368}},"10":{"start":{"line":2,"column":314},"end":{"line":2,"column":368}},"11":{"start":{"line":2,"column":386},"end":{"line":2,"column":663}},"12":{"start":{"line":2,"column":410},"end":{"line":2,"column":653}},"13":{"start":{"line":2,"column":469},"end":{"line":2,"column":652}},"14":{"start":{"line":2,"column":508},"end":{"line":2,"column":652}},"15":{"start":{"line":2,"column":552},"end":{"line":2,"column":652}},"16":{"start":{"line":2,"column":578},"end":{"line":2,"column":587}},"17":{"start":{"line":2,"column":653},"end":{"line":2,"column":662}},"18":{"start":{"line":2,"column":676},"end":{"line":2,"column":864}},"19":{"start":{"line":2,"column":702},"end":{"line":2,"column":863}},"20":{"start":{"line":2,"column":882},"end":{"line":2,"column":943}},"21":{"start":{"line":2,"column":887},"end":{"line":2,"column":943}},"22":{"start":{"line":2,"column":972},"end":{"line":2,"column":974}},"23":{"start":{"line":2,"column":975},"end":{"line":2,"column":1179}},"24":{"start":{"line":2,"column":1028},"end":{"line":2,"column":1042}},"25":{"start":{"line":2,"column":1053},"end":{"line":2,"column":1058}},"26":{"start":{"line":2,"column":1069},"end":{"line":2,"column":1074}},"27":{"start":{"line":2,"column":1087},"end":{"line":2,"column":1094}},"28":{"start":{"line":2,"column":1108},"end":{"line":2,"column":1116}},"29":{"start":{"line":2,"column":1135},"end":{"line":2,"column":1148}},"30":{"start":{"line":2,"column":1165},"end":{"line":2,"column":1176}},"31":{"start":{"line":2,"column":1179},"end":{"line":2,"column":1232}},"32":{"start":{"line":2,"column":1256},"end":{"line":2,"column":1307}},"33":{"start":{"line":2,"column":1324},"end":{"line":2,"column":1349}},"34":{"start":{"line":2,"column":1365},"end":{"line":2,"column":1643}},"35":{"start":{"line":2,"column":1455},"end":{"line":2,"column":1463}},"36":{"start":{"line":2,"column":1475},"end":{"line":2,"column":1558}},"37":{"start":{"line":2,"column":1559},"end":{"line":2,"column":1641}},"38":{"start":{"line":2,"column":1656},"end":{"line":2,"column":1890}},"39":{"start":{"line":2,"column":1727},"end":{"line":2,"column":1735}},"40":{"start":{"line":2,"column":1747},"end":{"line":2,"column":1806}},"41":{"start":{"line":2,"column":1807},"end":{"line":2,"column":1888}},"42":{"start":{"line":2,"column":1905},"end":{"line":2,"column":2141}},"43":{"start":{"line":2,"column":1967},"end":{"line":2,"column":1975}},"44":{"start":{"line":2,"column":1994},"end":{"line":2,"column":2046}},"45":{"start":{"line":2,"column":2047},"end":{"line":2,"column":2139}},"46":{"start":{"line":2,"column":2154},"end":{"line":2,"column":2314}},"47":{"start":{"line":2,"column":2214},"end":{"line":2,"column":2222}},"48":{"start":{"line":2,"column":2223},"end":{"line":2,"column":2312}},"49":{"start":{"line":2,"column":2333},"end":{"line":2,"column":2591}},"50":{"start":{"line":2,"column":2400},"end":{"line":2,"column":2408}},"51":{"start":{"line":2,"column":2429},"end":{"line":2,"column":2490}},"52":{"start":{"line":2,"column":2491},"end":{"line":2,"column":2589}},"53":{"start":{"line":2,"column":2613},"end":{"line":2,"column":2866}},"54":{"start":{"line":2,"column":2675},"end":{"line":2,"column":2683}},"55":{"start":{"line":2,"column":2704},"end":{"line":2,"column":2763}},"56":{"start":{"line":2,"column":2764},"end":{"line":2,"column":2864}},"57":{"start":{"line":2,"column":2887},"end":{"line":2,"column":3167}},"58":{"start":{"line":2,"column":2963},"end":{"line":2,"column":2971}},"59":{"start":{"line":2,"column":2992},"end":{"line":2,"column":3064}},"60":{"start":{"line":2,"column":3065},"end":{"line":2,"column":3165}},"61":{"start":{"line":2,"column":3168},"end":{"line":2,"column":3260}}},"fnMap":{"0":{"name":"(anonymous_0)","decl":{"start":{"line":1,"column":84},"end":{"line":1,"column":85}},"loc":{"start":{"line":1,"column":88},"end":{"line":3,"column":1}},"line":1},"1":{"name":"(anonymous_1)","decl":{"start":{"line":2,"column":279},"end":{"line":2,"column":280}},"loc":{"start":{"line":2,"column":293},"end":{"line":2,"column":369}},"line":2},"2":{"name":"(anonymous_2)","decl":{"start":{"line":2,"column":386},"end":{"line":2,"column":387}},"loc":{"start":{"line":2,"column":409},"end":{"line":2,"column":663}},"line":2},"3":{"name":"(anonymous_3)","decl":{"start":{"line":2,"column":574},"end":{"line":2,"column":575}},"loc":{"start":{"line":2,"column":578},"end":{"line":2,"column":587}},"line":2},"4":{"name":"(anonymous_4)","decl":{"start":{"line":2,"column":676},"end":{"line":2,"column":677}},"loc":{"start":{"line":2,"column":702},"end":{"line":2,"column":863}},"line":2},"5":{"name":"(anonymous_5)","decl":{"start":{"line":2,"column":882},"end":{"line":2,"column":883}},"loc":{"start":{"line":2,"column":887},"end":{"line":2,"column":943}},"line":2},"6":{"name":"(anonymous_6)","decl":{"start":{"line":2,"column":1024},"end":{"line":2,"column":1025}},"loc":{"start":{"line":2,"column":1028},"end":{"line":2,"column":1042}},"line":2},"7":{"name":"(anonymous_7)","decl":{"start":{"line":2,"column":1049},"end":{"line":2,"column":1050}},"loc":{"start":{"line":2,"column":1053},"end":{"line":2,"column":1058}},"line":2},"8":{"name":"(anonymous_8)","decl":{"start":{"line":2,"column":1065},"end":{"line":2,"column":1066}},"loc":{"start":{"line":2,"column":1069},"end":{"line":2,"column":1074}},"line":2},"9":{"name":"(anonymous_9)","decl":{"start":{"line":2,"column":1083},"end":{"line":2,"column":1084}},"loc":{"start":{"line":2,"column":1087},"end":{"line":2,"column":1094}},"line":2},"10":{"name":"(anonymous_10)","decl":{"start":{"line":2,"column":1104},"end":{"line":2,"column":1105}},"loc":{"start":{"line":2,"column":1108},"end":{"line":2,"column":1116}},"line":2},"11":{"name":"(anonymous_11)","decl":{"start":{"line":2,"column":1131},"end":{"line":2,"column":1132}},"loc":{"start":{"line":2,"column":1135},"end":{"line":2,"column":1148}},"line":2},"12":{"name":"(anonymous_12)","decl":{"start":{"line":2,"column":1161},"end":{"line":2,"column":1162}},"loc":{"start":{"line":2,"column":1165},"end":{"line":2,"column":1176}},"line":2},"13":{"name":"(anonymous_13)","decl":{"start":{"line":2,"column":1397},"end":{"line":2,"column":1398}},"loc":{"start":{"line":2,"column":1413},"end":{"line":2,"column":1642}},"line":2},"14":{"name":"(anonymous_14)","decl":{"start":{"line":2,"column":1688},"end":{"line":2,"column":1689}},"loc":{"start":{"line":2,"column":1704},"end":{"line":2,"column":1889}},"line":2},"15":{"name":"(anonymous_15)","decl":{"start":{"line":2,"column":1937},"end":{"line":2,"column":1938}},"loc":{"start":{"line":2,"column":1953},"end":{"line":2,"column":2140}},"line":2},"16":{"name":"(anonymous_16)","decl":{"start":{"line":2,"column":2186},"end":{"line":2,"column":2187}},"loc":{"start":{"line":2,"column":2202},"end":{"line":2,"column":2313}},"line":2},"17":{"name":"(anonymous_17)","decl":{"start":{"line":2,"column":2365},"end":{"line":2,"column":2366}},"loc":{"start":{"line":2,"column":2381},"end":{"line":2,"column":2590}},"line":2},"18":{"name":"(anonymous_18)","decl":{"start":{"line":2,"column":2645},"end":{"line":2,"column":2646}},"loc":{"start":{"line":2,"column":2661},"end":{"line":2,"column":2865}},"line":2},"19":{"name":"(anonymous_19)","decl":{"start":{"line":2,"column":2919},"end":{"line":2,"column":2920}},"loc":{"start":{"line":2,"column":2935},"end":{"line":2,"column":3166}},"line":2}},"branchMap":{"0":{"loc":{"start":{"line":2,"column":410},"end":{"line":2,"column":653}},"type":"if","locations":[{"start":{"line":2,"column":410},"end":{"line":2,"column":653}},{"start":{},"end":{}}],"line":2},"1":{"loc":{"start":{"line":2,"column":413},"end":{"line":2,"column":467}},"type":"binary-expr","locations":[{"start":{"line":2,"column":413},"end":{"line":2,"column":417}},{"start":{"line":2,"column":419},"end":{"line":2,"column":441}},{"start":{"line":2,"column":443},"end":{"line":2,"column":467}}],"line":2},"2":{"loc":{"start":{"line":2,"column":508},"end":{"line":2,"column":652}},"type":"if","locations":[{"start":{"line":2,"column":508},"end":{"line":2,"column":652}},{"start":{},"end":{}}],"line":2},"3":{"loc":{"start":{"line":2,"column":511},"end":{"line":2,"column":551}},"type":"binary-expr","locations":[{"start":{"line":2,"column":511},"end":{"line":2,"column":537}},{"start":{"line":2,"column":539},"end":{"line":2,"column":551}}],"line":2},"4":{"loc":{"start":{"line":2,"column":599},"end":{"line":2,"column":650}},"type":"binary-expr","locations":[{"start":{"line":2,"column":599},"end":{"line":2,"column":633}},{"start":{"line":2,"column":635},"end":{"line":2,"column":650}}],"line":2},"5":{"loc":{"start":{"line":2,"column":709},"end":{"line":2,"column":749}},"type":"cond-expr","locations":[{"start":{"line":2,"column":719},"end":{"line":2,"column":746}},{"start":{"line":2,"column":747},"end":{"line":2,"column":749}}],"line":2},"6":{"loc":{"start":{"line":2,"column":762},"end":{"line":2,"column":858}},"type":"cond-expr","locations":[{"start":{"line":2,"column":796},"end":{"line":2,"column":851}},{"start":{"line":2,"column":852},"end":{"line":2,"column":858}}],"line":2},"7":{"loc":{"start":{"line":2,"column":762},"end":{"line":2,"column":795}},"type":"binary-expr","locations":[{"start":{"line":2,"column":762},"end":{"line":2,"column":772}},{"start":{"line":2,"column":774},"end":{"line":2,"column":778}},{"start":{"line":2,"column":780},"end":{"line":2,"column":795}}],"line":2},"8":{"loc":{"start":{"line":2,"column":3168},"end":{"line":2,"column":3259}},"type":"binary-expr","locations":[{"start":{"line":2,"column":3168},"end":{"line":2,"column":3169}},{"start":{"line":2,"column":3172},"end":{"line":2,"column":3258}}],"line":2}},"s":{"0":1,"1":1,"2":1,"3":1,"4":1,"5":1,"6":1,"7":1,"8":1,"9":1,"10":7,"11":1,"12":2,"13":2,"14":9,"15":9,"16":20,"17":2,"18":1,"19":1,"20":1,"21":1,"22":1,"23":1,"24":2,"25":1,"26":2,"27":2,"28":2,"29":2,"30":2,"31":1,"32":1,"33":1,"34":1,"35":2,"36":2,"37":1,"38":1,"39":2,"40":2,"41":1,"42":1,"43":2,"44":2,"45":1,"46":1,"47":1,"48":1,"49":1,"50":2,"51":2,"52":1,"53":1,"54":2,"55":2,"56":1,"57":1,"58":2,"59":2,"60":1,"61":1},"f":{"0":1,"1":1,"2":2,"3":20,"4":1,"5":1,"6":2,"7":1,"8":2,"9":2,"10":2,"11":2,"12":2,"13":2,"14":2,"15":2,"16":1,"17":2,"18":2,"19":2},"b":{"0":[2,0],"1":[2,2,0],"2":[9,0],"3":[9,9],"4":[9,9],"5":[1,0],"6":[0,1],"7":[1,1,1],"8":[1,0]},"inputSourceMap":{"version":3,"mappings":";g7BAAA,gSACA,wBAAyB,oDACzB,gBAA6B,0BAEtB,MAAM,YAAW,oBAAAA,SAAa,MAAO,IAAc,MAAkB,CAC1E,KAAM,CAAE,MAAO,SAAU,UAAW,QAAS,EAAI,IAAI,KAErD,MAAM,KAAO,MAAM,yBAAa,gBAAgB,CAC9C,MACA,SACA,UACA,QACF,CAAC,EAED,OAAO,IACJ,OAAO,GAAG,EACV,KAAK,CAAE,OAAQ,IAAK,QAAS,4BAA6B,IAAK,CAAC,CACrE,CAAC,EAEM,MAAM,SAAQ,oBAAAA,SAAa,MAAO,IAAc,MAAkB,CACvE,KAAM,CAAE,MAAO,QAAS,EAAI,IAAI,KAEhC,MAAM,KAAO,MAAM,yBAAa,aAAa,MAAO,QAAQ,EAE5D,OAAO,IACJ,OAAO,GAAG,EACV,KAAK,CAAE,OAAQ,IAAK,QAAS,2BAA4B,IAAK,CAAC,CACpE,CAAC,EAEM,MAAM,WAAU,oBAAAA,SAAa,MAAO,IAAc,MAAkB,CACzE,KAAM,CAAE,KAAM,EAAI,IAAI,KAEtB,MAAM,YAAc,MAAM,yBAAa,eAAe,KAAK,EAE3D,OAAO,IAAI,OAAO,GAAG,EAAE,KAAK,CAC1B,OAAQ,IACR,QAAS,+BACT,WACF,CAAC,CACH,CAAC,EAEM,MAAM,SAAQ,oBAAAA,SAAa,MAAO,IAAc,MAAkB,CACvE,MAAM,KAAO,IAAI,KACjB,OAAO,IACJ,OAAO,GAAG,EACV,KAAK,CAAE,OAAQ,IAAK,QAAS,8BAA+B,KAAM,IAAK,CAAC,CAC7E,CAAC,EAEM,MAAM,eAAc,oBAAAA,SAAa,MAAO,IAAc,MAAkB,CAC7E,KAAM,CAAE,MAAO,IAAK,EAAI,IAAI,KAE5B,MAAM,cAAgB,MAAM,yBAAa,mBAAmB,MAAO,IAAI,EAEvE,OAAO,IAAI,OAAO,GAAG,EAAE,KAAK,CAC1B,OAAQ,IACR,QAAS,8BACT,KAAM,aACR,CAAC,CACH,CAAC,EAEM,MAAM,kBAAiB,oBAAAA,SAC5B,MAAO,IAAc,MAAkB,CACrC,KAAM,CAAE,KAAM,EAAI,IAAI,KAEtB,MAAM,cAAgB,MAAM,yBAAa,sBAAsB,KAAK,EAEpE,OAAO,IAAI,OAAO,GAAG,EAAE,KAAK,CAC1B,OAAQ,IACR,QAAS,gCACT,KAAM,aACR,CAAC,CACH,CACF,EAEO,MAAM,iBAAgB,oBAAAA,SAC3B,MAAO,IAAc,MAAkB,CACrC,KAAM,CAAE,MAAO,KAAM,QAAS,EAAI,IAAI,KAEtC,MAAM,cAAgB,MAAM,yBAAa,qBACvC,MACA,KACA,QACF,EAEA,OAAO,IAAI,OAAO,GAAG,EAAE,KAAK,CAC1B,OAAQ,IACR,QAAS,gCACT,KAAM,aACR,CAAC,CACH,CACF","names":["asyncHandler"],"ignoreList":[],"sources":["D:\\projects\\Nestly\\backend\\src\\modules\\auth\\auth.controller.ts"],"sourcesContent":[null]},"_coverageSchema":"1a1c01bbd47fc00a2c39e90264f33305004495a9","hash":"c1ac903e05b7267e7f640391328e6b14f3c5fafd","contentHash":"7fb52e2e6e4e1e1a2453fcc96bcb91c96f78b89538d3b1d80d36a2371124abce"},"D:\\projects\\Nestly\\backend\\src\\modules\\bookings\\bookings.service.ts":{"path":"D:\\projects\\Nestly\\backend\\src\\modules\\bookings\\bookings.service.ts","statementMap":{"0":{"start":{"line":1,"column":0},"end":{"line":1,"column":88}},"1":{"start":{"line":1,"column":88},"end":{"line":3,"column":4}},"2":{"start":{"line":2,"column":26},"end":{"line":2,"column":39}},"3":{"start":{"line":2,"column":54},"end":{"line":2,"column":75}},"4":{"start":{"line":2,"column":97},"end":{"line":2,"column":128}},"5":{"start":{"line":2,"column":151},"end":{"line":2,"column":177}},"6":{"start":{"line":2,"column":195},"end":{"line":2,"column":216}},"7":{"start":{"line":2,"column":234},"end":{"line":2,"column":265}},"8":{"start":{"line":2,"column":277},"end":{"line":2,"column":343}},"9":{"start":{"line":2,"column":293},"end":{"line":2,"column":343}},"10":{"start":{"line":2,"column":357},"end":{"line":2,"column":447}},"11":{"start":{"line":2,"column":372},"end":{"line":2,"column":446}},"12":{"start":{"line":2,"column":392},"end":{"line":2,"column":446}},"13":{"start":{"line":2,"column":464},"end":{"line":2,"column":741}},"14":{"start":{"line":2,"column":488},"end":{"line":2,"column":731}},"15":{"start":{"line":2,"column":547},"end":{"line":2,"column":730}},"16":{"start":{"line":2,"column":586},"end":{"line":2,"column":730}},"17":{"start":{"line":2,"column":630},"end":{"line":2,"column":730}},"18":{"start":{"line":2,"column":656},"end":{"line":2,"column":665}},"19":{"start":{"line":2,"column":731},"end":{"line":2,"column":740}},"20":{"start":{"line":2,"column":754},"end":{"line":2,"column":942}},"21":{"start":{"line":2,"column":780},"end":{"line":2,"column":941}},"22":{"start":{"line":2,"column":960},"end":{"line":2,"column":1021}},"23":{"start":{"line":2,"column":965},"end":{"line":2,"column":1021}},"24":{"start":{"line":2,"column":1051},"end":{"line":2,"column":1053}},"25":{"start":{"line":2,"column":1054},"end":{"line":2,"column":1536}},"26":{"start":{"line":2,"column":1120},"end":{"line":2,"column":1163}},"27":{"start":{"line":2,"column":1184},"end":{"line":2,"column":1199}},"28":{"start":{"line":2,"column":1225},"end":{"line":2,"column":1245}},"29":{"start":{"line":2,"column":1272},"end":{"line":2,"column":1293}},"30":{"start":{"line":2,"column":1319},"end":{"line":2,"column":1339}},"31":{"start":{"line":2,"column":1368},"end":{"line":2,"column":1391}},"32":{"start":{"line":2,"column":1419},"end":{"line":2,"column":1441}},"33":{"start":{"line":2,"column":1467},"end":{"line":2,"column":1487}},"34":{"start":{"line":2,"column":1513},"end":{"line":2,"column":1533}},"35":{"start":{"line":2,"column":1536},"end":{"line":2,"column":1590}},"36":{"start":{"line":2,"column":1610},"end":{"line":2,"column":1657}},"37":{"start":{"line":2,"column":1678},"end":{"line":2,"column":1725}},"38":{"start":{"line":2,"column":1747},"end":{"line":2,"column":1794}},"39":{"start":{"line":2,"column":1808},"end":{"line":2,"column":1857}},"40":{"start":{"line":2,"column":1899},"end":{"line":2,"column":2051}},"41":{"start":{"line":2,"column":1988},"end":{"line":2,"column":2050}},"42":{"start":{"line":2,"column":2052},"end":{"line":2,"column":2090}},"43":{"start":{"line":2,"column":2183},"end":{"line":2,"column":2356}},"44":{"start":{"line":2,"column":2357},"end":{"line":2,"column":2374}},"45":{"start":{"line":2,"column":2375},"end":{"line":2,"column":2417}},"46":{"start":{"line":2,"column":2472},"end":{"line":2,"column":2504}},"47":{"start":{"line":2,"column":2515},"end":{"line":2,"column":2564}},"48":{"start":{"line":2,"column":2565},"end":{"line":2,"column":2635}},"49":{"start":{"line":2,"column":2575},"end":{"line":2,"column":2634}},"50":{"start":{"line":2,"column":2656},"end":{"line":2,"column":2709}},"51":{"start":{"line":2,"column":2710},"end":{"line":2,"column":2758}},"52":{"start":{"line":2,"column":2759},"end":{"line":2,"column":2799}},"53":{"start":{"line":2,"column":2863},"end":{"line":2,"column":2937}},"54":{"start":{"line":2,"column":2938},"end":{"line":2,"column":3010}},"55":{"start":{"line":2,"column":2951},"end":{"line":2,"column":3009}},"56":{"start":{"line":2,"column":3010},"end":{"line":2,"column":3129}},"57":{"start":{"line":2,"column":3044},"end":{"line":2,"column":3128}},"58":{"start":{"line":2,"column":3150},"end":{"line":2,"column":3215}},"59":{"start":{"line":2,"column":3216},"end":{"line":2,"column":3237}},"60":{"start":{"line":2,"column":3238},"end":{"line":2,"column":3268}},"61":{"start":{"line":2,"column":3337},"end":{"line":2,"column":3369}},"62":{"start":{"line":2,"column":3386},"end":{"line":2,"column":3431}},"63":{"start":{"line":2,"column":3432},"end":{"line":2,"column":3549}},"64":{"start":{"line":2,"column":3469},"end":{"line":2,"column":3548}},"65":{"start":{"line":2,"column":3549},"end":{"line":2,"column":4038}},"66":{"start":{"line":2,"column":3605},"end":{"line":2,"column":3678}},"67":{"start":{"line":2,"column":3679},"end":{"line":2,"column":3753}},"68":{"start":{"line":2,"column":3697},"end":{"line":2,"column":3752}},"69":{"start":{"line":2,"column":3771},"end":{"line":2,"column":3820}},"70":{"start":{"line":2,"column":3821},"end":{"line":2,"column":3914}},"71":{"start":{"line":2,"column":3838},"end":{"line":2,"column":3913}},"72":{"start":{"line":2,"column":3928},"end":{"line":2,"column":4021}},"73":{"start":{"line":2,"column":4022},"end":{"line":2,"column":4036}},"74":{"start":{"line":2,"column":4039},"end":{"line":2,"column":4091}},"75":{"start":{"line":2,"column":4169},"end":{"line":2,"column":4180}},"76":{"start":{"line":2,"column":4196},"end":{"line":2,"column":4207}},"77":{"start":{"line":2,"column":4208},"end":{"line":2,"column":4295}},"78":{"start":{"line":2,"column":4232},"end":{"line":2,"column":4294}},"79":{"start":{"line":2,"column":4295},"end":{"line":2,"column":4327}},"80":{"start":{"line":2,"column":4349},"end":{"line":2,"column":4411}},"81":{"start":{"line":2,"column":4412},"end":{"line":2,"column":4492}},"82":{"start":{"line":2,"column":4433},"end":{"line":2,"column":4491}},"83":{"start":{"line":2,"column":4492},"end":{"line":2,"column":4608}},"84":{"start":{"line":2,"column":4531},"end":{"line":2,"column":4607}},"85":{"start":{"line":2,"column":4622},"end":{"line":2,"column":4637}},"86":{"start":{"line":2,"column":4655},"end":{"line":2,"column":4700}},"87":{"start":{"line":2,"column":4701},"end":{"line":2,"column":4818}},"88":{"start":{"line":2,"column":4738},"end":{"line":2,"column":4817}},"89":{"start":{"line":2,"column":4818},"end":{"line":2,"column":5328}},"90":{"start":{"line":2,"column":4874},"end":{"line":2,"column":4947}},"91":{"start":{"line":2,"column":4948},"end":{"line":2,"column":5022}},"92":{"start":{"line":2,"column":4966},"end":{"line":2,"column":5021}},"93":{"start":{"line":2,"column":5040},"end":{"line":2,"column":5099}},"94":{"start":{"line":2,"column":5100},"end":{"line":2,"column":5193}},"95":{"start":{"line":2,"column":5117},"end":{"line":2,"column":5192}},"96":{"start":{"line":2,"column":5214},"end":{"line":2,"column":5304}},"97":{"start":{"line":2,"column":5305},"end":{"line":2,"column":5326}},"98":{"start":{"line":2,"column":5329},"end":{"line":2,"column":5381}},"99":{"start":{"line":2,"column":5450},"end":{"line":2,"column":5504}},"100":{"start":{"line":2,"column":5505},"end":{"line":2,"column":5595}},"101":{"start":{"line":2,"column":5518},"end":{"line":2,"column":5594}},"102":{"start":{"line":2,"column":5595},"end":{"line":2,"column":5719}},"103":{"start":{"line":2,"column":5625},"end":{"line":2,"column":5718}},"104":{"start":{"line":2,"column":5719},"end":{"line":2,"column":5829}},"105":{"start":{"line":2,"column":5750},"end":{"line":2,"column":5828}},"106":{"start":{"line":2,"column":5851},"end":{"line":2,"column":5928}},"107":{"start":{"line":2,"column":5929},"end":{"line":2,"column":5951}},"108":{"start":{"line":2,"column":5952},"end":{"line":2,"column":6004}},"109":{"start":{"line":2,"column":6059},"end":{"line":2,"column":6105}},"110":{"start":{"line":2,"column":6106},"end":{"line":2,"column":6160}},"111":{"start":{"line":2,"column":6214},"end":{"line":2,"column":6259}},"112":{"start":{"line":2,"column":6260},"end":{"line":2,"column":6312}},"113":{"start":{"line":2,"column":6360},"end":{"line":2,"column":6435}},"114":{"start":{"line":2,"column":6436},"end":{"line":2,"column":6494}},"115":{"start":{"line":2,"column":6540},"end":{"line":2,"column":6629}},"116":{"start":{"line":2,"column":6630},"end":{"line":2,"column":6686}},"117":{"start":{"line":2,"column":6708},"end":{"line":2,"column":6862}},"118":{"start":{"line":2,"column":6863},"end":{"line":2,"column":7081}}},"fnMap":{"0":{"name":"(anonymous_0)","decl":{"start":{"line":1,"column":89},"end":{"line":1,"column":90}},"loc":{"start":{"line":1,"column":93},"end":{"line":3,"column":1}},"line":1},"1":{"name":"(anonymous_1)","decl":{"start":{"line":2,"column":277},"end":{"line":2,"column":278}},"loc":{"start":{"line":2,"column":293},"end":{"line":2,"column":343}},"line":2},"2":{"name":"(anonymous_2)","decl":{"start":{"line":2,"column":357},"end":{"line":2,"column":358}},"loc":{"start":{"line":2,"column":371},"end":{"line":2,"column":447}},"line":2},"3":{"name":"(anonymous_3)","decl":{"start":{"line":2,"column":464},"end":{"line":2,"column":465}},"loc":{"start":{"line":2,"column":487},"end":{"line":2,"column":741}},"line":2},"4":{"name":"(anonymous_4)","decl":{"start":{"line":2,"column":652},"end":{"line":2,"column":653}},"loc":{"start":{"line":2,"column":656},"end":{"line":2,"column":665}},"line":2},"5":{"name":"(anonymous_5)","decl":{"start":{"line":2,"column":754},"end":{"line":2,"column":755}},"loc":{"start":{"line":2,"column":780},"end":{"line":2,"column":941}},"line":2},"6":{"name":"(anonymous_6)","decl":{"start":{"line":2,"column":960},"end":{"line":2,"column":961}},"loc":{"start":{"line":2,"column":965},"end":{"line":2,"column":1021}},"line":2},"7":{"name":"(anonymous_7)","decl":{"start":{"line":2,"column":1116},"end":{"line":2,"column":1117}},"loc":{"start":{"line":2,"column":1120},"end":{"line":2,"column":1163}},"line":2},"8":{"name":"(anonymous_8)","decl":{"start":{"line":2,"column":1180},"end":{"line":2,"column":1181}},"loc":{"start":{"line":2,"column":1184},"end":{"line":2,"column":1199}},"line":2},"9":{"name":"(anonymous_9)","decl":{"start":{"line":2,"column":1221},"end":{"line":2,"column":1222}},"loc":{"start":{"line":2,"column":1225},"end":{"line":2,"column":1245}},"line":2},"10":{"name":"(anonymous_10)","decl":{"start":{"line":2,"column":1268},"end":{"line":2,"column":1269}},"loc":{"start":{"line":2,"column":1272},"end":{"line":2,"column":1293}},"line":2},"11":{"name":"(anonymous_11)","decl":{"start":{"line":2,"column":1315},"end":{"line":2,"column":1316}},"loc":{"start":{"line":2,"column":1319},"end":{"line":2,"column":1339}},"line":2},"12":{"name":"(anonymous_12)","decl":{"start":{"line":2,"column":1364},"end":{"line":2,"column":1365}},"loc":{"start":{"line":2,"column":1368},"end":{"line":2,"column":1391}},"line":2},"13":{"name":"(anonymous_13)","decl":{"start":{"line":2,"column":1415},"end":{"line":2,"column":1416}},"loc":{"start":{"line":2,"column":1419},"end":{"line":2,"column":1441}},"line":2},"14":{"name":"(anonymous_14)","decl":{"start":{"line":2,"column":1463},"end":{"line":2,"column":1464}},"loc":{"start":{"line":2,"column":1467},"end":{"line":2,"column":1487}},"line":2},"15":{"name":"(anonymous_15)","decl":{"start":{"line":2,"column":1509},"end":{"line":2,"column":1510}},"loc":{"start":{"line":2,"column":1513},"end":{"line":2,"column":1533}},"line":2},"16":{"name":"validateDates","decl":{"start":{"line":2,"column":1867},"end":{"line":2,"column":1880}},"loc":{"start":{"line":2,"column":1898},"end":{"line":2,"column":2052}},"line":2},"17":{"name":"isUnitAvailable","decl":{"start":{"line":2,"column":2105},"end":{"line":2,"column":2120}},"loc":{"start":{"line":2,"column":2165},"end":{"line":2,"column":2375}},"line":2},"18":{"name":"calculatePrice","decl":{"start":{"line":2,"column":2432},"end":{"line":2,"column":2446}},"loc":{"start":{"line":2,"column":2471},"end":{"line":2,"column":2759}},"line":2},"19":{"name":"checkHost","decl":{"start":{"line":2,"column":2814},"end":{"line":2,"column":2823}},"loc":{"start":{"line":2,"column":2848},"end":{"line":2,"column":3238}},"line":2},"20":{"name":"createBookingService","decl":{"start":{"line":2,"column":3283},"end":{"line":2,"column":3303}},"loc":{"start":{"line":2,"column":3336},"end":{"line":2,"column":4039}},"line":2},"21":{"name":"(anonymous_21)","decl":{"start":{"line":2,"column":3582},"end":{"line":2,"column":3583}},"loc":{"start":{"line":2,"column":3592},"end":{"line":2,"column":4037}},"line":2},"22":{"name":"updateBookingService","decl":{"start":{"line":2,"column":4106},"end":{"line":2,"column":4126}},"loc":{"start":{"line":2,"column":4154},"end":{"line":2,"column":5329}},"line":2},"23":{"name":"(anonymous_23)","decl":{"start":{"line":2,"column":4851},"end":{"line":2,"column":4852}},"loc":{"start":{"line":2,"column":4861},"end":{"line":2,"column":5327}},"line":2},"24":{"name":"cancelBookingService","decl":{"start":{"line":2,"column":5396},"end":{"line":2,"column":5416}},"loc":{"start":{"line":2,"column":5435},"end":{"line":2,"column":5952}},"line":2},"25":{"name":"confirmBookingService","decl":{"start":{"line":2,"column":6019},"end":{"line":2,"column":6040}},"loc":{"start":{"line":2,"column":6058},"end":{"line":2,"column":6106}},"line":2},"26":{"name":"rejectBookingService","decl":{"start":{"line":2,"column":6175},"end":{"line":2,"column":6195}},"loc":{"start":{"line":2,"column":6213},"end":{"line":2,"column":6260}},"line":2},"27":{"name":"getGuestBookingsService","decl":{"start":{"line":2,"column":6327},"end":{"line":2,"column":6350}},"loc":{"start":{"line":2,"column":6359},"end":{"line":2,"column":6436}},"line":2},"28":{"name":"getHostBookingsService","decl":{"start":{"line":2,"column":6509},"end":{"line":2,"column":6531}},"loc":{"start":{"line":2,"column":6539},"end":{"line":2,"column":6630}},"line":2}},"branchMap":{"0":{"loc":{"start":{"line":2,"column":488},"end":{"line":2,"column":731}},"type":"if","locations":[{"start":{"line":2,"column":488},"end":{"line":2,"column":731}},{"start":{},"end":{}}],"line":2},"1":{"loc":{"start":{"line":2,"column":491},"end":{"line":2,"column":545}},"type":"binary-expr","locations":[{"start":{"line":2,"column":491},"end":{"line":2,"column":495}},{"start":{"line":2,"column":497},"end":{"line":2,"column":519}},{"start":{"line":2,"column":521},"end":{"line":2,"column":545}}],"line":2},"2":{"loc":{"start":{"line":2,"column":586},"end":{"line":2,"column":730}},"type":"if","locations":[{"start":{"line":2,"column":586},"end":{"line":2,"column":730}},{"start":{},"end":{}}],"line":2},"3":{"loc":{"start":{"line":2,"column":589},"end":{"line":2,"column":629}},"type":"binary-expr","locations":[{"start":{"line":2,"column":589},"end":{"line":2,"column":615}},{"start":{"line":2,"column":617},"end":{"line":2,"column":629}}],"line":2},"4":{"loc":{"start":{"line":2,"column":677},"end":{"line":2,"column":728}},"type":"binary-expr","locations":[{"start":{"line":2,"column":677},"end":{"line":2,"column":711}},{"start":{"line":2,"column":713},"end":{"line":2,"column":728}}],"line":2},"5":{"loc":{"start":{"line":2,"column":787},"end":{"line":2,"column":827}},"type":"cond-expr","locations":[{"start":{"line":2,"column":797},"end":{"line":2,"column":824}},{"start":{"line":2,"column":825},"end":{"line":2,"column":827}}],"line":2},"6":{"loc":{"start":{"line":2,"column":840},"end":{"line":2,"column":936}},"type":"cond-expr","locations":[{"start":{"line":2,"column":874},"end":{"line":2,"column":929}},{"start":{"line":2,"column":930},"end":{"line":2,"column":936}}],"line":2},"7":{"loc":{"start":{"line":2,"column":840},"end":{"line":2,"column":873}},"type":"binary-expr","locations":[{"start":{"line":2,"column":840},"end":{"line":2,"column":850}},{"start":{"line":2,"column":852},"end":{"line":2,"column":856}},{"start":{"line":2,"column":858},"end":{"line":2,"column":873}}],"line":2},"8":{"loc":{"start":{"line":2,"column":1899},"end":{"line":2,"column":2051}},"type":"if","locations":[{"start":{"line":2,"column":1899},"end":{"line":2,"column":2051}},{"start":{},"end":{}}],"line":2},"9":{"loc":{"start":{"line":2,"column":1902},"end":{"line":2,"column":1986}},"type":"binary-expr","locations":[{"start":{"line":2,"column":1902},"end":{"line":2,"column":1933}},{"start":{"line":2,"column":1935},"end":{"line":2,"column":1967}},{"start":{"line":2,"column":1969},"end":{"line":2,"column":1986}}],"line":2},"10":{"loc":{"start":{"line":2,"column":2221},"end":{"line":2,"column":2266}},"type":"binary-expr","locations":[{"start":{"line":2,"column":2221},"end":{"line":2,"column":2237}},{"start":{"line":2,"column":2239},"end":{"line":2,"column":2266}}],"line":2},"11":{"loc":{"start":{"line":2,"column":2565},"end":{"line":2,"column":2635}},"type":"if","locations":[{"start":{"line":2,"column":2565},"end":{"line":2,"column":2635}},{"start":{},"end":{}}],"line":2},"12":{"loc":{"start":{"line":2,"column":2938},"end":{"line":2,"column":3010}},"type":"if","locations":[{"start":{"line":2,"column":2938},"end":{"line":2,"column":3010}},{"start":{},"end":{}}],"line":2},"13":{"loc":{"start":{"line":2,"column":3010},"end":{"line":2,"column":3129}},"type":"if","locations":[{"start":{"line":2,"column":3010},"end":{"line":2,"column":3129}},{"start":{},"end":{}}],"line":2},"14":{"loc":{"start":{"line":2,"column":3432},"end":{"line":2,"column":3549}},"type":"if","locations":[{"start":{"line":2,"column":3432},"end":{"line":2,"column":3549}},{"start":{},"end":{}}],"line":2},"15":{"loc":{"start":{"line":2,"column":3435},"end":{"line":2,"column":3467}},"type":"binary-expr","locations":[{"start":{"line":2,"column":3435},"end":{"line":2,"column":3452}},{"start":{"line":2,"column":3454},"end":{"line":2,"column":3467}}],"line":2},"16":{"loc":{"start":{"line":2,"column":3679},"end":{"line":2,"column":3753}},"type":"if","locations":[{"start":{"line":2,"column":3679},"end":{"line":2,"column":3753}},{"start":{},"end":{}}],"line":2},"17":{"loc":{"start":{"line":2,"column":3821},"end":{"line":2,"column":3914}},"type":"if","locations":[{"start":{"line":2,"column":3821},"end":{"line":2,"column":3914}},{"start":{},"end":{}}],"line":2},"18":{"loc":{"start":{"line":2,"column":4208},"end":{"line":2,"column":4295}},"type":"if","locations":[{"start":{"line":2,"column":4208},"end":{"line":2,"column":4295}},{"start":{},"end":{}}],"line":2},"19":{"loc":{"start":{"line":2,"column":4211},"end":{"line":2,"column":4230}},"type":"binary-expr","locations":[{"start":{"line":2,"column":4211},"end":{"line":2,"column":4219}},{"start":{"line":2,"column":4221},"end":{"line":2,"column":4230}}],"line":2},"20":{"loc":{"start":{"line":2,"column":4412},"end":{"line":2,"column":4492}},"type":"if","locations":[{"start":{"line":2,"column":4412},"end":{"line":2,"column":4492}},{"start":{},"end":{}}],"line":2},"21":{"loc":{"start":{"line":2,"column":4492},"end":{"line":2,"column":4608}},"type":"if","locations":[{"start":{"line":2,"column":4492},"end":{"line":2,"column":4608}},{"start":{},"end":{}}],"line":2},"22":{"loc":{"start":{"line":2,"column":4701},"end":{"line":2,"column":4818}},"type":"if","locations":[{"start":{"line":2,"column":4701},"end":{"line":2,"column":4818}},{"start":{},"end":{}}],"line":2},"23":{"loc":{"start":{"line":2,"column":4704},"end":{"line":2,"column":4736}},"type":"binary-expr","locations":[{"start":{"line":2,"column":4704},"end":{"line":2,"column":4721}},{"start":{"line":2,"column":4723},"end":{"line":2,"column":4736}}],"line":2},"24":{"loc":{"start":{"line":2,"column":4948},"end":{"line":2,"column":5022}},"type":"if","locations":[{"start":{"line":2,"column":4948},"end":{"line":2,"column":5022}},{"start":{},"end":{}}],"line":2},"25":{"loc":{"start":{"line":2,"column":5100},"end":{"line":2,"column":5193}},"type":"if","locations":[{"start":{"line":2,"column":5100},"end":{"line":2,"column":5193}},{"start":{},"end":{}}],"line":2},"26":{"loc":{"start":{"line":2,"column":5505},"end":{"line":2,"column":5595}},"type":"if","locations":[{"start":{"line":2,"column":5505},"end":{"line":2,"column":5595}},{"start":{},"end":{}}],"line":2},"27":{"loc":{"start":{"line":2,"column":5595},"end":{"line":2,"column":5719}},"type":"if","locations":[{"start":{"line":2,"column":5595},"end":{"line":2,"column":5719}},{"start":{},"end":{}}],"line":2},"28":{"loc":{"start":{"line":2,"column":5719},"end":{"line":2,"column":5829}},"type":"if","locations":[{"start":{"line":2,"column":5719},"end":{"line":2,"column":5829}},{"start":{},"end":{}}],"line":2},"29":{"loc":{"start":{"line":2,"column":6863},"end":{"line":2,"column":7080}},"type":"binary-expr","locations":[{"start":{"line":2,"column":6863},"end":{"line":2,"column":6864}},{"start":{"line":2,"column":6867},"end":{"line":2,"column":7079}}],"line":2}},"s":{"0":1,"1":1,"2":1,"3":1,"4":1,"5":1,"6":1,"7":1,"8":1,"9":11,"10":1,"11":1,"12":9,"13":1,"14":2,"15":2,"16":11,"17":11,"18":46,"19":2,"20":1,"21":1,"22":1,"23":1,"24":1,"25":1,"26":1,"27":16,"28":3,"29":1,"30":11,"31":0,"32":0,"33":1,"34":2,"35":1,"36":1,"37":1,"38":1,"39":1,"40":22,"41":3,"42":1,"43":7,"44":7,"45":1,"46":9,"47":9,"48":9,"49":1,"50":8,"51":8,"52":1,"53":4,"54":4,"55":0,"56":4,"57":2,"58":2,"59":2,"60":1,"61":11,"62":8,"63":7,"64":0,"65":7,"66":6,"67":6,"68":0,"69":6,"70":6,"71":2,"72":4,"73":4,"74":1,"75":2,"76":2,"77":2,"78":0,"79":2,"80":2,"81":2,"82":0,"83":2,"84":1,"85":1,"86":1,"87":1,"88":0,"89":1,"90":1,"91":1,"92":0,"93":1,"94":1,"95":0,"96":1,"97":1,"98":1,"99":3,"100":3,"101":0,"102":3,"103":1,"104":2,"105":1,"106":1,"107":1,"108":1,"109":2,"110":1,"111":2,"112":1,"113":0,"114":1,"115":0,"116":1,"117":1,"118":1},"f":{"0":1,"1":11,"2":1,"3":2,"4":46,"5":1,"6":1,"7":1,"8":16,"9":3,"10":1,"11":11,"12":0,"13":0,"14":1,"15":2,"16":22,"17":7,"18":9,"19":4,"20":11,"21":6,"22":2,"23":1,"24":3,"25":2,"26":2,"27":0,"28":0},"b":{"0":[2,0],"1":[2,2,0],"2":[11,0],"3":[11,11],"4":[11,11],"5":[1,0],"6":[0,1],"7":[1,1,1],"8":[3,19],"9":[22,21,21],"10":[7,1],"11":[1,8],"12":[0,4],"13":[2,2],"14":[0,7],"15":[7,7],"16":[0,6],"17":[2,4],"18":[0,2],"19":[2,2],"20":[0,2],"21":[1,1],"22":[0,1],"23":[1,1],"24":[0,1],"25":[0,1],"26":[0,3],"27":[1,2],"28":[1,1],"29":[1,0]},"inputSourceMap":{"version":3,"mappings":";8/BAAA,4kBAAqB,gDAErB,oBAA2C,gDAG3C,IAAAA,iBAA2C,gDAE3C,MAAM,OAAS,2CAA2B,OAE1C,SAAS,cAAc,QAAe,SAAgB,CACpD,GACE,OAAO,MAAM,QAAQ,QAAQ,CAAC,GAC9B,OAAO,MAAM,SAAS,QAAQ,CAAC,GAC/B,UAAY,QACZ,CACA,MAAM,IAAI,gBAAAC,QAAS,IAAK,uBAAuB,CACjD,CACF,CARS,sCAUT,eAAe,gBACb,GACA,OACA,QACA,SACA,iBACA,CACA,MAAM,WAAa,MAAM,GAAG,QAAQ,UAAU,CAC5C,MAAO,CACL,GAAI,kBAAoB,CAAE,GAAI,CAAE,IAAK,gBAAiB,CAAE,EACxD,OACA,OAAQ,CAAE,GAAI,CAAC,UAAW,WAAW,CAAE,EACvC,QAAS,CAAE,GAAI,QAAS,EACxB,SAAU,CAAE,GAAI,OAAQ,CAC1B,CACF,CAAC,EAED,MAAO,CAAC,UACV,CAlBe,0CAoBf,eAAe,eAAe,OAAgB,QAAe,SAAgB,CAC3E,cAAc,QAAS,QAAQ,EAC/B,MAAM,KAAO,MAAM,OAAO,KAAK,WAAW,CAAE,MAAO,CAAE,GAAI,MAAO,CAAE,CAAC,EAEnE,GAAI,CAAC,KAAM,CACT,MAAM,IAAI,gBAAAA,QAAS,IAAK,oBAAoB,CAC9C,CAEA,MAAM,gBACH,SAAS,QAAQ,EAAI,QAAQ,QAAQ,IAAM,IAAO,GAAK,GAAK,IAE/D,OAAO,eAAiB,OAAO,KAAK,aAAa,CACnD,CAZe,wCAcf,eAAe,UACb,UACA,OACA,OACA,CACA,MAAM,QAAU,MAAM,OAAO,QAAQ,UAAU,CAC7C,MAAO,CAAE,GAAI,SAAU,EACvB,QAAS,CAAE,KAAM,IAAK,CACxB,CAAC,EAED,GAAI,CAAC,QAAS,CACZ,MAAM,IAAI,gBAAAA,QAAS,IAAK,mBAAmB,CAC7C,CAEA,GAAI,QAAQ,KAAK,UAAY,OAAQ,CACnC,MAAM,IAAI,gBAAAA,QAAS,IAAK,6CAA6C,CACvE,CAEA,MAAM,eAAiB,MAAM,OAAO,QAAQ,OAAO,CACjD,MAAO,CAAE,GAAI,SAAU,EACvB,KAAM,CAAE,MAAe,CACzB,CAAC,EAED,OAAO,cACT,CAxBe,8BA0Bf,eAAsB,qBACpB,QACA,OACA,QACA,SACA,CACA,cAAc,QAAS,QAAQ,EAC/B,MAAM,WAAa,MAAM,eAAe,OAAQ,QAAS,QAAQ,EACjE,GAAI,MAAM,UAAU,GAAK,YAAc,EAAG,CACxC,MAAM,IAAI,gBAAAA,QAAS,IAAK,wCAAwC,CAClE,CAEA,OAAO,MAAM,OAAO,aAAa,MAAO,IAAO,CAC7C,MAAM,MAAQ,MAAM,GAAG,6CAEc,MAAM,cAE3C,GAAI,CAAC,MAAM,OAAQ,CACjB,MAAM,IAAI,gBAAAA,QAAS,IAAK,gBAAgB,CAC1C,CAEA,MAAM,YAAc,MAAM,gBAAgB,GAAI,OAAQ,QAAS,QAAQ,EACvE,GAAI,CAAC,YAAa,CAChB,MAAM,IAAI,gBAAAA,QAAS,IAAK,oCAAoC,CAC9D,CAEA,MAAM,QAAU,MAAM,GAAG,QAAQ,OAAO,CACtC,KAAM,CACJ,OACA,QACA,QACA,SACA,WACA,OAAQ,SACV,CACF,CAAC,EAED,OAAO,OACT,CAAC,CACH,CAvCsB,oDAyCtB,eAAsB,qBACpB,UACA,QACA,SACA,CACA,MAAM,QAAU,SAAS,CAAC,EAC1B,MAAM,SAAW,SAAS,CAAC,EAC3B,GAAI,CAAC,SAAW,CAAC,SAAU,CACzB,MAAM,IAAI,gBAAAA,QAAS,IAAK,uBAAuB,CACjD,CACA,cAAc,QAAS,QAAQ,EAC/B,MAAM,gBAAkB,MAAM,OAAO,QAAQ,UAAU,CACrD,MAAO,CAAE,GAAI,UAAW,OAAiB,CAC3C,CAAC,EAED,GAAI,CAAC,gBAAiB,CACpB,MAAM,IAAI,gBAAAA,QAAS,IAAK,mBAAmB,CAC7C,CAEA,GAAI,gBAAgB,SAAW,UAAW,CACxC,MAAM,IAAI,gBAAAA,QAAS,IAAK,qCAAqC,CAC/D,CAEA,KAAM,CAAE,MAAO,EAAI,gBAEnB,MAAM,WAAa,MAAM,eAAe,OAAQ,QAAS,QAAQ,EACjE,GAAI,MAAM,UAAU,GAAK,YAAc,EAAG,CACxC,MAAM,IAAI,gBAAAA,QAAS,IAAK,wCAAwC,CAClE,CAEA,OAAO,MAAM,OAAO,aAAa,MAAO,IAAO,CAC7C,MAAM,MAAQ,MAAM,GAAG,6CAEc,MAAM,cAE3C,GAAI,CAAC,MAAM,OAAQ,CACjB,MAAM,IAAI,gBAAAA,QAAS,IAAK,gBAAgB,CAC1C,CAEA,MAAM,YAAc,MAAM,gBACxB,GACA,OACA,QACA,SACA,SACF,EACA,GAAI,CAAC,YAAa,CAChB,MAAM,IAAI,gBAAAA,QAAS,IAAK,oCAAoC,CAC9D,CAEA,MAAM,eAAiB,MAAM,GAAG,QAAQ,OAAO,CAC7C,MAAO,CAAE,GAAI,SAAU,EACvB,KAAM,CAAE,GAAG,gBAAiB,QAAS,QAAS,CAChD,CAAC,EAED,OAAO,cACT,CAAC,CACH,CAzDsB,oDA2DtB,eAAsB,qBAAqB,UAAmB,QAAiB,CAC7E,MAAM,QAAU,MAAM,OAAO,QAAQ,UAAU,CAAE,MAAO,CAAE,GAAI,SAAU,CAAE,CAAC,EAE3E,GAAI,CAAC,QAAS,CACZ,MAAM,IAAI,gBAAAA,QAAS,IAAK,qCAAqC,CAC/D,CAEA,GAAI,QAAQ,UAAY,QAAS,CAC/B,MAAM,IAAI,gBAAAA,QACR,IACA,sDACF,CACF,CAEA,GAAI,QAAQ,SAAW,UAAW,CAChC,MAAM,IAAI,gBAAAA,QAAS,IAAK,uCAAuC,CACjE,CAEA,MAAM,gBAAkB,MAAM,OAAO,QAAQ,OAAO,CAClD,MAAO,CAAE,GAAI,SAAU,EACvB,KAAM,CAAE,OAAQ,WAAY,CAC9B,CAAC,EAED,OAAO,eACT,CAxBsB,oDA0BtB,eAAsB,sBAAsB,UAAmB,OAAgB,CAC7E,OAAO,UAAU,UAAW,OAAQ,WAAW,CACjD,CAFsB,sDAItB,eAAsB,qBAAqB,UAAmB,OAAgB,CAC5E,OAAO,UAAU,UAAW,OAAQ,UAAU,CAChD,CAFsB,oDAItB,eAAsB,wBAAwB,QAAiB,CAC7D,OAAO,MAAM,OAAO,QAAQ,SAAS,CACnC,MAAO,CAAE,OAAQ,EACjB,QAAS,CAAE,KAAM,IAAK,CACxB,CAAC,CACH,CALsB,0DAOtB,eAAsB,uBAAuB,OAAgB,CAC3D,OAAO,MAAM,OAAO,QAAQ,SAAS,CACnC,MAAO,CAAE,KAAM,CAAE,QAAS,MAAO,CAAE,EACnC,QAAS,CAAE,KAAM,IAAK,CACxB,CAAC,CACH,CALsB,wDAOf,MAAM,gBAAkB,CAC7B,qBACA,qBACA,qBACA,sBACA,qBACA,wBACA,sBACF","names":["import_bookings","ApiError"],"ignoreList":[],"sources":["D:\\projects\\Nestly\\backend\\src\\modules\\bookings\\bookings.service.ts"],"sourcesContent":[null]},"_coverageSchema":"1a1c01bbd47fc00a2c39e90264f33305004495a9","hash":"956f2e12874139ed2c7a12cba566ce4251e35d35","contentHash":"1e84cb6887d963af32e59a9e78d42c1aa7e6bd7ecc7562dc261be4589f11d4f3"},"D:\\projects\\Nestly\\backend\\src\\modules\\bookings\\dependencies\\bookings.dependencies.ts":{"path":"D:\\projects\\Nestly\\backend\\src\\modules\\bookings\\dependencies\\bookings.dependencies.ts","statementMap":{"0":{"start":{"line":1,"column":0},"end":{"line":1,"column":107}},"1":{"start":{"line":1,"column":107},"end":{"line":3,"column":4}},"2":{"start":{"line":2,"column":26},"end":{"line":2,"column":39}},"3":{"start":{"line":2,"column":54},"end":{"line":2,"column":75}},"4":{"start":{"line":2,"column":97},"end":{"line":2,"column":128}},"5":{"start":{"line":2,"column":151},"end":{"line":2,"column":177}},"6":{"start":{"line":2,"column":195},"end":{"line":2,"column":216}},"7":{"start":{"line":2,"column":234},"end":{"line":2,"column":265}},"8":{"start":{"line":2,"column":277},"end":{"line":2,"column":343}},"9":{"start":{"line":2,"column":293},"end":{"line":2,"column":343}},"10":{"start":{"line":2,"column":357},"end":{"line":2,"column":447}},"11":{"start":{"line":2,"column":372},"end":{"line":2,"column":446}},"12":{"start":{"line":2,"column":392},"end":{"line":2,"column":446}},"13":{"start":{"line":2,"column":464},"end":{"line":2,"column":741}},"14":{"start":{"line":2,"column":488},"end":{"line":2,"column":731}},"15":{"start":{"line":2,"column":547},"end":{"line":2,"column":730}},"16":{"start":{"line":2,"column":586},"end":{"line":2,"column":730}},"17":{"start":{"line":2,"column":630},"end":{"line":2,"column":730}},"18":{"start":{"line":2,"column":656},"end":{"line":2,"column":665}},"19":{"start":{"line":2,"column":731},"end":{"line":2,"column":740}},"20":{"start":{"line":2,"column":754},"end":{"line":2,"column":942}},"21":{"start":{"line":2,"column":780},"end":{"line":2,"column":941}},"22":{"start":{"line":2,"column":960},"end":{"line":2,"column":1021}},"23":{"start":{"line":2,"column":965},"end":{"line":2,"column":1021}},"24":{"start":{"line":2,"column":1056},"end":{"line":2,"column":1058}},"25":{"start":{"line":2,"column":1059},"end":{"line":2,"column":1159}},"26":{"start":{"line":2,"column":1130},"end":{"line":2,"column":1156}},"27":{"start":{"line":2,"column":1159},"end":{"line":2,"column":1218}},"28":{"start":{"line":2,"column":1236},"end":{"line":2,"column":1274}},"29":{"start":{"line":2,"column":1295},"end":{"line":2,"column":1819}},"30":{"start":{"line":2,"column":1326},"end":{"line":2,"column":1369}},"31":{"start":{"line":2,"column":1417},"end":{"line":2,"column":1462}},"32":{"start":{"line":2,"column":1496},"end":{"line":2,"column":1538}},"33":{"start":{"line":2,"column":1569},"end":{"line":2,"column":1611}},"34":{"start":{"line":2,"column":1644},"end":{"line":2,"column":1688}},"35":{"start":{"line":2,"column":1732},"end":{"line":2,"column":1802}},"36":{"start":{"line":2,"column":1780},"end":{"line":2,"column":1801}},"37":{"start":{"line":2,"column":1853},"end":{"line":2,"column":1875}},"38":{"start":{"line":2,"column":1876},"end":{"line":2,"column":1925}}},"fnMap":{"0":{"name":"(anonymous_0)","decl":{"start":{"line":1,"column":108},"end":{"line":1,"column":109}},"loc":{"start":{"line":1,"column":112},"end":{"line":3,"column":1}},"line":1},"1":{"name":"(anonymous_1)","decl":{"start":{"line":2,"column":277},"end":{"line":2,"column":278}},"loc":{"start":{"line":2,"column":293},"end":{"line":2,"column":343}},"line":2},"2":{"name":"(anonymous_2)","decl":{"start":{"line":2,"column":357},"end":{"line":2,"column":358}},"loc":{"start":{"line":2,"column":371},"end":{"line":2,"column":447}},"line":2},"3":{"name":"(anonymous_3)","decl":{"start":{"line":2,"column":464},"end":{"line":2,"column":465}},"loc":{"start":{"line":2,"column":487},"end":{"line":2,"column":741}},"line":2},"4":{"name":"(anonymous_4)","decl":{"start":{"line":2,"column":652},"end":{"line":2,"column":653}},"loc":{"start":{"line":2,"column":656},"end":{"line":2,"column":665}},"line":2},"5":{"name":"(anonymous_5)","decl":{"start":{"line":2,"column":754},"end":{"line":2,"column":755}},"loc":{"start":{"line":2,"column":780},"end":{"line":2,"column":941}},"line":2},"6":{"name":"(anonymous_6)","decl":{"start":{"line":2,"column":960},"end":{"line":2,"column":961}},"loc":{"start":{"line":2,"column":965},"end":{"line":2,"column":1021}},"line":2},"7":{"name":"(anonymous_7)","decl":{"start":{"line":2,"column":1126},"end":{"line":2,"column":1127}},"loc":{"start":{"line":2,"column":1130},"end":{"line":2,"column":1156}},"line":2},"8":{"name":"(anonymous_8)","decl":{"start":{"line":2,"column":1320},"end":{"line":2,"column":1321}},"loc":{"start":{"line":2,"column":1326},"end":{"line":2,"column":1369}},"line":2},"9":{"name":"(anonymous_9)","decl":{"start":{"line":2,"column":1411},"end":{"line":2,"column":1412}},"loc":{"start":{"line":2,"column":1417},"end":{"line":2,"column":1462}},"line":2},"10":{"name":"(anonymous_10)","decl":{"start":{"line":2,"column":1490},"end":{"line":2,"column":1491}},"loc":{"start":{"line":2,"column":1496},"end":{"line":2,"column":1538}},"line":2},"11":{"name":"(anonymous_11)","decl":{"start":{"line":2,"column":1563},"end":{"line":2,"column":1564}},"loc":{"start":{"line":2,"column":1569},"end":{"line":2,"column":1611}},"line":2},"12":{"name":"(anonymous_12)","decl":{"start":{"line":2,"column":1638},"end":{"line":2,"column":1639}},"loc":{"start":{"line":2,"column":1644},"end":{"line":2,"column":1688}},"line":2},"13":{"name":"(anonymous_13)","decl":{"start":{"line":2,"column":1722},"end":{"line":2,"column":1723}},"loc":{"start":{"line":2,"column":1732},"end":{"line":2,"column":1802}},"line":2},"14":{"name":"(anonymous_14)","decl":{"start":{"line":2,"column":1767},"end":{"line":2,"column":1768}},"loc":{"start":{"line":2,"column":1780},"end":{"line":2,"column":1801}},"line":2}},"branchMap":{"0":{"loc":{"start":{"line":2,"column":488},"end":{"line":2,"column":731}},"type":"if","locations":[{"start":{"line":2,"column":488},"end":{"line":2,"column":731}},{"start":{},"end":{}}],"line":2},"1":{"loc":{"start":{"line":2,"column":491},"end":{"line":2,"column":545}},"type":"binary-expr","locations":[{"start":{"line":2,"column":491},"end":{"line":2,"column":495}},{"start":{"line":2,"column":497},"end":{"line":2,"column":519}},{"start":{"line":2,"column":521},"end":{"line":2,"column":545}}],"line":2},"2":{"loc":{"start":{"line":2,"column":586},"end":{"line":2,"column":730}},"type":"if","locations":[{"start":{"line":2,"column":586},"end":{"line":2,"column":730}},{"start":{},"end":{}}],"line":2},"3":{"loc":{"start":{"line":2,"column":589},"end":{"line":2,"column":629}},"type":"binary-expr","locations":[{"start":{"line":2,"column":589},"end":{"line":2,"column":615}},{"start":{"line":2,"column":617},"end":{"line":2,"column":629}}],"line":2},"4":{"loc":{"start":{"line":2,"column":677},"end":{"line":2,"column":728}},"type":"binary-expr","locations":[{"start":{"line":2,"column":677},"end":{"line":2,"column":711}},{"start":{"line":2,"column":713},"end":{"line":2,"column":728}}],"line":2},"5":{"loc":{"start":{"line":2,"column":787},"end":{"line":2,"column":827}},"type":"cond-expr","locations":[{"start":{"line":2,"column":797},"end":{"line":2,"column":824}},{"start":{"line":2,"column":825},"end":{"line":2,"column":827}}],"line":2},"6":{"loc":{"start":{"line":2,"column":840},"end":{"line":2,"column":936}},"type":"cond-expr","locations":[{"start":{"line":2,"column":874},"end":{"line":2,"column":929}},{"start":{"line":2,"column":930},"end":{"line":2,"column":936}}],"line":2},"7":{"loc":{"start":{"line":2,"column":840},"end":{"line":2,"column":873}},"type":"binary-expr","locations":[{"start":{"line":2,"column":840},"end":{"line":2,"column":850}},{"start":{"line":2,"column":852},"end":{"line":2,"column":856}},{"start":{"line":2,"column":858},"end":{"line":2,"column":873}}],"line":2},"8":{"loc":{"start":{"line":2,"column":1876},"end":{"line":2,"column":1924}},"type":"binary-expr","locations":[{"start":{"line":2,"column":1876},"end":{"line":2,"column":1877}},{"start":{"line":2,"column":1880},"end":{"line":2,"column":1923}}],"line":2}},"s":{"0":1,"1":1,"2":1,"3":1,"4":1,"5":1,"6":1,"7":1,"8":1,"9":6,"10":1,"11":1,"12":1,"13":1,"14":2,"15":2,"16":3,"17":3,"18":2,"19":2,"20":1,"21":1,"22":1,"23":1,"24":1,"25":1,"26":2,"27":1,"28":1,"29":1,"30":0,"31":0,"32":0,"33":0,"34":0,"35":0,"36":0,"37":1,"38":1},"f":{"0":1,"1":6,"2":1,"3":2,"4":2,"5":1,"6":1,"7":2,"8":0,"9":0,"10":0,"11":0,"12":0,"13":0,"14":0},"b":{"0":[2,0],"1":[2,2,0],"2":[3,0],"3":[3,3],"4":[3,3],"5":[1,0],"6":[0,1],"7":[1,1,1],"8":[1,0]},"inputSourceMap":{"version":3,"mappings":";8/BAAA,sNAAmB,uCAMnB,MAAM,cAA+B,CACnC,KAAM,CACJ,WAAY,OAAC,MAAS,cAAAA,QAAO,KAAK,WAAW,IAAI,EAArC,aACd,EACA,QAAS,CACP,UAAW,OAAC,MAAS,cAAAA,QAAO,QAAQ,UAAU,IAAI,EAAvC,aACX,OAAQ,OAAC,MAAS,cAAAA,QAAO,QAAQ,OAAO,IAAI,EAApC,UACR,OAAQ,OAAC,MAAS,cAAAA,QAAO,QAAQ,OAAO,IAAI,EAApC,UACR,SAAU,OAAC,MAAS,cAAAA,QAAO,QAAQ,SAAS,IAAI,EAAtC,WACZ,EACA,aAAc,OAAC,UACb,cAAAA,QAAO,aAAc,aACnB,SAAS,WAA4C,CACvD,EAHY,eAIhB,EAEO,MAAM,2BAA6B,CAAE,OAAQ,aAAc","names":["prisma"],"ignoreList":[],"sources":["D:\\projects\\Nestly\\backend\\src\\modules\\bookings\\dependencies\\bookings.dependencies.ts"],"sourcesContent":[null]},"_coverageSchema":"1a1c01bbd47fc00a2c39e90264f33305004495a9","hash":"25ed1897f7a3b6d967c6732cf40266a769110cee","contentHash":"60e3277c10dd68eeff0a8b35a745df99f83fb6b39b64b55cead0ef4b247e1625"},"D:\\projects\\Nestly\\backend\\src\\modules\\bookings\\bookings.controller.ts":{"path":"D:\\projects\\Nestly\\backend\\src\\modules\\bookings\\bookings.controller.ts","statementMap":{"0":{"start":{"line":1,"column":0},"end":{"line":1,"column":91}},"1":{"start":{"line":1,"column":91},"end":{"line":3,"column":4}},"2":{"start":{"line":2,"column":26},"end":{"line":2,"column":39}},"3":{"start":{"line":2,"column":54},"end":{"line":2,"column":75}},"4":{"start":{"line":2,"column":97},"end":{"line":2,"column":128}},"5":{"start":{"line":2,"column":151},"end":{"line":2,"column":177}},"6":{"start":{"line":2,"column":195},"end":{"line":2,"column":216}},"7":{"start":{"line":2,"column":234},"end":{"line":2,"column":265}},"8":{"start":{"line":2,"column":277},"end":{"line":2,"column":343}},"9":{"start":{"line":2,"column":293},"end":{"line":2,"column":343}},"10":{"start":{"line":2,"column":357},"end":{"line":2,"column":447}},"11":{"start":{"line":2,"column":372},"end":{"line":2,"column":446}},"12":{"start":{"line":2,"column":392},"end":{"line":2,"column":446}},"13":{"start":{"line":2,"column":464},"end":{"line":2,"column":741}},"14":{"start":{"line":2,"column":488},"end":{"line":2,"column":731}},"15":{"start":{"line":2,"column":547},"end":{"line":2,"column":730}},"16":{"start":{"line":2,"column":586},"end":{"line":2,"column":730}},"17":{"start":{"line":2,"column":630},"end":{"line":2,"column":730}},"18":{"start":{"line":2,"column":656},"end":{"line":2,"column":665}},"19":{"start":{"line":2,"column":731},"end":{"line":2,"column":740}},"20":{"start":{"line":2,"column":754},"end":{"line":2,"column":942}},"21":{"start":{"line":2,"column":780},"end":{"line":2,"column":941}},"22":{"start":{"line":2,"column":960},"end":{"line":2,"column":1021}},"23":{"start":{"line":2,"column":965},"end":{"line":2,"column":1021}},"24":{"start":{"line":2,"column":1054},"end":{"line":2,"column":1056}},"25":{"start":{"line":2,"column":1057},"end":{"line":2,"column":1333}},"26":{"start":{"line":2,"column":1113},"end":{"line":2,"column":1126}},"27":{"start":{"line":2,"column":1146},"end":{"line":2,"column":1160}},"28":{"start":{"line":2,"column":1179},"end":{"line":2,"column":1192}},"29":{"start":{"line":2,"column":1214},"end":{"line":2,"column":1230}},"30":{"start":{"line":2,"column":1251},"end":{"line":2,"column":1266}},"31":{"start":{"line":2,"column":1285},"end":{"line":2,"column":1298}},"32":{"start":{"line":2,"column":1317},"end":{"line":2,"column":1330}},"33":{"start":{"line":2,"column":1333},"end":{"line":2,"column":1390}},"34":{"start":{"line":2,"column":1414},"end":{"line":2,"column":1465}},"35":{"start":{"line":2,"column":1486},"end":{"line":2,"column":1533}},"36":{"start":{"line":2,"column":1554},"end":{"line":2,"column":1583}},"37":{"start":{"line":2,"column":1604},"end":{"line":2,"column":1731}},"38":{"start":{"line":2,"column":1617},"end":{"line":2,"column":1695}},"39":{"start":{"line":2,"column":1634},"end":{"line":2,"column":1695}},"40":{"start":{"line":2,"column":1695},"end":{"line":2,"column":1713}},"41":{"start":{"line":2,"column":1755},"end":{"line":2,"column":1914}},"42":{"start":{"line":2,"column":1777},"end":{"line":2,"column":1790}},"43":{"start":{"line":2,"column":1791},"end":{"line":2,"column":1884}},"44":{"start":{"line":2,"column":1820},"end":{"line":2,"column":1884}},"45":{"start":{"line":2,"column":1884},"end":{"line":2,"column":1893}},"46":{"start":{"line":2,"column":1935},"end":{"line":2,"column":2393}},"47":{"start":{"line":2,"column":2003},"end":{"line":2,"column":2021}},"48":{"start":{"line":2,"column":2053},"end":{"line":2,"column":2061}},"49":{"start":{"line":2,"column":2062},"end":{"line":2,"column":2179}},"50":{"start":{"line":2,"column":2095},"end":{"line":2,"column":2178}},"51":{"start":{"line":2,"column":2193},"end":{"line":2,"column":2304}},"52":{"start":{"line":2,"column":2305},"end":{"line":2,"column":2391}},"53":{"start":{"line":2,"column":2414},"end":{"line":2,"column":2890}},"54":{"start":{"line":2,"column":2482},"end":{"line":2,"column":2500}},"55":{"start":{"line":2,"column":2517},"end":{"line":2,"column":2538}},"56":{"start":{"line":2,"column":2563},"end":{"line":2,"column":2571}},"57":{"start":{"line":2,"column":2572},"end":{"line":2,"column":2671}},"58":{"start":{"line":2,"column":2596},"end":{"line":2,"column":2670}},"59":{"start":{"line":2,"column":2685},"end":{"line":2,"column":2801}},"60":{"start":{"line":2,"column":2802},"end":{"line":2,"column":2888}},"61":{"start":{"line":2,"column":2911},"end":{"line":2,"column":3217}},"62":{"start":{"line":2,"column":2979},"end":{"line":2,"column":2997}},"63":{"start":{"line":2,"column":3014},"end":{"line":2,"column":3035}},"64":{"start":{"line":2,"column":3050},"end":{"line":2,"column":3127}},"65":{"start":{"line":2,"column":3128},"end":{"line":2,"column":3215}},"66":{"start":{"line":2,"column":3239},"end":{"line":2,"column":3545}},"67":{"start":{"line":2,"column":3306},"end":{"line":2,"column":3324}},"68":{"start":{"line":2,"column":3341},"end":{"line":2,"column":3362}},"69":{"start":{"line":2,"column":3377},"end":{"line":2,"column":3454}},"70":{"start":{"line":2,"column":3455},"end":{"line":2,"column":3543}},"71":{"start":{"line":2,"column":3566},"end":{"line":2,"column":3870}},"72":{"start":{"line":2,"column":3633},"end":{"line":2,"column":3651}},"73":{"start":{"line":2,"column":3668},"end":{"line":2,"column":3689}},"74":{"start":{"line":2,"column":3704},"end":{"line":2,"column":3780}},"75":{"start":{"line":2,"column":3781},"end":{"line":2,"column":3868}},"76":{"start":{"line":2,"column":3894},"end":{"line":2,"column":4165}},"77":{"start":{"line":2,"column":3962},"end":{"line":2,"column":3980}},"78":{"start":{"line":2,"column":3996},"end":{"line":2,"column":4066}},"79":{"start":{"line":2,"column":4067},"end":{"line":2,"column":4163}},"80":{"start":{"line":2,"column":4188},"end":{"line":2,"column":4455}},"81":{"start":{"line":2,"column":4255},"end":{"line":2,"column":4273}},"82":{"start":{"line":2,"column":4289},"end":{"line":2,"column":4357}},"83":{"start":{"line":2,"column":4358},"end":{"line":2,"column":4453}},"84":{"start":{"line":2,"column":4456},"end":{"line":2,"column":4582}}},"fnMap":{"0":{"name":"(anonymous_0)","decl":{"start":{"line":1,"column":92},"end":{"line":1,"column":93}},"loc":{"start":{"line":1,"column":96},"end":{"line":3,"column":1}},"line":1},"1":{"name":"(anonymous_1)","decl":{"start":{"line":2,"column":277},"end":{"line":2,"column":278}},"loc":{"start":{"line":2,"column":293},"end":{"line":2,"column":343}},"line":2},"2":{"name":"(anonymous_2)","decl":{"start":{"line":2,"column":357},"end":{"line":2,"column":358}},"loc":{"start":{"line":2,"column":371},"end":{"
[...]
mn":652},"end":{"line":2,"column":653}},"loc":{"start":{"line":2,"column":656},"end":{"line":2,"column":665}},"line":2},"5":{"name":"(anonymous_5)","decl":{"start":{"line":2,"column":754},"end":{"line":2,"column":755}},"loc":{"start":{"line":2,"column":780},"end":{"line":2,"column":941}},"line":2},"6":{"name":"(anonymous_6)","decl":{"start":{"line":2,"column":960},"end":{"line":2,"column":961}},"loc":{"start":{"line":2,"column":965},"end":{"line":2,"column":1021}},"line":2},"7":{"name":"(anonymous_7)","decl":{"start":{"line":2,"column":1102},"end":{"line":2,"column":1103}},"loc":{"start":{"line":2,"column":1106},"end":{"line":2,"column":1118}},"line":2},"8":{"name":"(anonymous_8)","decl":{"start":{"line":2,"column":1130},"end":{"line":2,"column":1131}},"loc":{"start":{"line":2,"column":1134},"end":{"line":2,"column":1144}},"line":2},"9":{"name":"(anonymous_9)","decl":{"start":{"line":2,"column":1160},"end":{"line":2,"column":1161}},"loc":{"start":{"line":2,"column":1164},"end":{"line":2,"column":1178}},"line":2},"10":{"name":"(anonymous_10)","decl":{"start":{"line":2,"column":1191},"end":{"line":2,"column":1192}},"loc":{"start":{"line":2,"column":1195},"end":{"line":2,"column":1206}},"line":2},"11":{"name":"(anonymous_11)","decl":{"start":{"line":2,"column":1219},"end":{"line":2,"column":1220}},"loc":{"start":{"line":2,"column":1223},"end":{"line":2,"column":1234}},"line":2},"12":{"name":"(anonymous_12)","decl":{"start":{"line":2,"column":1245},"end":{"line":2,"column":1246}},"loc":{"start":{"line":2,"column":1249},"end":{"line":2,"column":1258}},"line":2},"13":{"name":"(anonymous_13)","decl":{"start":{"line":2,"column":1274},"end":{"line":2,"column":1275}},"loc":{"start":{"line":2,"column":1278},"end":{"line":2,"column":1292}},"line":2},"14":{"name":"(anonymous_14)","decl":{"start":{"line":2,"column":1304},"end":{"line":2,"column":1305}},"loc":{"start":{"line":2,"column":1308},"end":{"line":2,"column":1318}},"line":2},"15":{"name":"(anonymous_15)","decl":{"start":{"line":2,"column":1638},"end":{"line":2,"column":1639}},"loc":{"start":{"line":2,"column":1643},"end":{"line":2,"column":1885}},"line":2},"16":{"name":"(anonymous_16)","decl":{"start":{"line":2,"column":1952},"end":{"line":2,"column":1953}},"loc":{"start":{"line":2,"column":1973},"end":{"line":2,"column":2224}},"line":2},"17":{"name":"(anonymous_17)","decl":{"start":{"line":2,"column":2275},"end":{"line":2,"column":2276}},"loc":{"start":{"line":2,"column":2296},"end":{"line":2,"column":2678}},"line":2},"18":{"name":"(anonymous_18)","decl":{"start":{"line":2,"column":2728},"end":{"line":2,"column":2729}},"loc":{"start":{"line":2,"column":2749},"end":{"line":2,"column":3155}},"line":2},"19":{"name":"(anonymous_19)","decl":{"start":{"line":2,"column":3207},"end":{"line":2,"column":3208}},"loc":{"start":{"line":2,"column":3228},"end":{"line":2,"column":3496}},"line":2},"20":{"name":"(anonymous_20)","decl":{"start":{"line":2,"column":3548},"end":{"line":2,"column":3549}},"loc":{"start":{"line":2,"column":3569},"end":{"line":2,"column":3826}},"line":2},"21":{"name":"(anonymous_21)","decl":{"start":{"line":2,"column":3879},"end":{"line":2,"column":3880}},"loc":{"start":{"line":2,"column":3900},"end":{"line":2,"column":4107}},"line":2},"22":{"name":"(anonymous_22)","decl":{"start":{"line":2,"column":4162},"end":{"line":2,"column":4163}},"loc":{"start":{"line":2,"column":4183},"end":{"line":2,"column":4392}},"line":2},"23":{"name":"(anonymous_23)","decl":{"start":{"line":2,"column":4447},"end":{"line":2,"column":4448}},"loc":{"start":{"line":2,"column":4468},"end":{"line":2,"column":4677}},"line":2}},"branchMap":{"0":{"loc":{"start":{"line":2,"column":488},"end":{"line":2,"column":731}},"type":"if","locations":[{"start":{"line":2,"column":488},"end":{"line":2,"column":731}},{"start":{},"end":{}}],"line":2},"1":{"loc":{"start":{"line":2,"column":491},"end":{"line":2,"column":545}},"type":"binary-expr","locations":[{"start":{"line":2,"column":491},"end":{"line":2,"column":495}},{"start":{"line":2,"column":497},"end":{"line":2,"column":519}},{"start":{"line":2,"column":521},"end":{"line":2,"column":545}}],"line":2},"2":{"loc":{"start":{"line":2,"column":586},"end":{"line":2,"column":730}},"type":"if","locations":[{"start":{"line":2,"column":586},"end":{"line":2,"column":730}},{"start":{},"end":{}}],"line":2},"3":{"loc":{"start":{"line":2,"column":589},"end":{"line":2,"column":629}},"type":"binary-expr","locations":[{"start":{"line":2,"column":589},"end":{"line":2,"column":615}},{"start":{"line":2,"column":617},"end":{"line":2,"column":629}}],"line":2},"4":{"loc":{"start":{"line":2,"column":677},"end":{"line":2,"column":728}},"type":"binary-expr","locations":[{"start":{"line":2,"column":677},"end":{"line":2,"column":711}},{"start":{"line":2,"column":713},"end":{"line":2,"column":728}}],"line":2},"5":{"loc":{"start":{"line":2,"column":787},"end":{"line":2,"column":827}},"type":"cond-expr","locations":[{"start":{"line":2,"column":797},"end":{"line":2,"column":824}},{"start":{"line":2,"column":825},"end":{"line":2,"column":827}}],"line":2},"6":{"loc":{"start":{"line":2,"column":840},"end":{"line":2,"column":936}},"type":"cond-expr","locations":[{"start":{"line":2,"column":874},"end":{"line":2,"column":929}},{"start":{"line":2,"column":930},"end":{"line":2,"column":936}}],"line":2},"7":{"loc":{"start":{"line":2,"column":840},"end":{"line":2,"column":873}},"type":"binary-expr","locations":[{"start":{"line":2,"column":840},"end":{"line":2,"column":850}},{"start":{"line":2,"column":852},"end":{"line":2,"column":856}},{"start":{"line":2,"column":858},"end":{"line":2,"column":873}}],"line":2},"8":{"loc":{"start":{"line":2,"column":1698},"end":{"line":2,"column":1771}},"type":"if","locations":[{"start":{"line":2,"column":1698},"end":{"line":2,"column":1771}},{"start":{},"end":{}}],"line":2},"9":{"loc":{"start":{"line":2,"column":1771},"end":{"line":2,"column":1863}},"type":"if","locations":[{"start":{"line":2,"column":1771},"end":{"line":2,"column":1863}},{"start":{},"end":{}}],"line":2},"10":{"loc":{"start":{"line":2,"column":1774},"end":{"line":2,"column":1804}},"type":"binary-expr","locations":[{"start":{"line":2,"column":1774},"end":{"line":2,"column":1781}},{"start":{"line":2,"column":1783},"end":{"line":2,"column":1804}}],"line":2},"11":{"loc":{"start":{"line":2,"column":1974},"end":{"line":2,"column":2053}},"type":"if","locations":[{"start":{"line":2,"column":1974},"end":{"line":2,"column":2053}},{"start":{},"end":{}}],"line":2},"12":{"loc":{"start":{"line":2,"column":2325},"end":{"line":2,"column":2421}},"type":"if","locations":[{"start":{"line":2,"column":2325},"end":{"line":2,"column":2421}},{"start":{},"end":{}}],"line":2},"13":{"loc":{"start":{"line":2,"column":2328},"end":{"line":2,"column":2358}},"type":"binary-expr","locations":[{"start":{"line":2,"column":2328},"end":{"line":2,"column":2335}},{"start":{"line":2,"column":2337},"end":{"line":2,"column":2358}}],"line":2},"14":{"loc":{"start":{"line":2,"column":2421},"end":{"line":2,"column":2500}},"type":"if","locations":[{"start":{"line":2,"column":2421},"end":{"line":2,"column":2500}},{"start":{},"end":{}}],"line":2},"15":{"loc":{"start":{"line":2,"column":2819},"end":{"line":2,"column":2970}},"type":"if","locations":[{"start":{"line":2,"column":2819},"end":{"line":2,"column":2970}},{"start":{},"end":{}}],"line":2},"16":{"loc":{"start":{"line":2,"column":2858},"end":{"line":2,"column":2917}},"type":"binary-expr","locations":[{"start":{"line":2,"column":2858},"end":{"line":2,"column":2889}},{"start":{"line":2,"column":2891},"end":{"line":2,"column":2917}}],"line":2},"17":{"loc":{"start":{"line":2,"column":3253},"end":{"line":2,"column":3341}},"type":"if","locations":[{"start":{"line":2,"column":3253},"end":{"line":2,"column":3341}},{"start":{},"end":{}}],"line":2},"18":{"loc":{"start":{"line":2,"column":3256},"end":{"line":2,"column":3278}},"type":"binary-expr","locations":[{"start":{"line":2,"column":3256},"end":{"line":2,"column":3259}},{"start":{"line":2,"column":3261},"end":{"line":2,"column":3278}}],"line":2},"19":{"loc":{"start":{"line":2,"column":3570},"end":{"line":2,"column":3649}},"type":"if","locations":[{"start":{"line":2,"column":3570},"end":{"line":2,"column":3649}},{"start":{},"end":{}}],"line":2},"20":{"loc":{"start":{"line":2,"column":4679},"end":{"line":2,"column":4799}},"type":"binary-expr","locations":[{"start":{"line":2,"column":4679},"end":{"line":2,"column":4680}},{"start":{"line":2,"column":4683},"end":{"line":2,"column":4798}}],"line":2}},"s":{"0":1,"1":1,"2":1,"3":1,"4":1,"5":1,"6":1,"7":1,"8":1,"9":1,"10":1,"11":1,"12":8,"13":1,"14":3,"15":3,"16":12,"17":12,"18":19,"19":3,"20":1,"21":2,"22":1,"23":1,"24":1,"25":1,"26":1,"27":1,"28":1,"29":2,"30":1,"31":2,"32":1,"33":1,"34":1,"35":1,"36":1,"37":1,"38":1,"39":1,"40":3,"41":3,"42":3,"43":0,"44":3,"45":0,"46":3,"47":1,"48":1,"49":0,"50":1,"51":1,"52":1,"53":1,"54":1,"55":0,"56":1,"57":0,"58":1,"59":1,"60":1,"61":2,"62":2,"63":1,"64":1,"65":1,"66":1,"67":1,"68":1,"69":2,"70":2,"71":0,"72":2,"73":1,"74":1,"75":1,"76":0,"77":1,"78":1,"79":1,"80":1,"81":1,"82":1,"83":1,"84":1,"85":1,"86":1,"87":1,"88":1,"89":1,"90":1,"91":1},"f":{"0":1,"1":1,"2":1,"3":3,"4":19,"5":2,"6":1,"7":1,"8":1,"9":1,"10":2,"11":1,"12":2,"13":1,"14":1,"15":3,"16":1,"17":1,"18":2,"19":2,"20":1,"21":1,"22":1,"23":1},"b":{"0":[3,0],"1":[3,3,0],"2":[12,0],"3":[12,12],"4":[12,12],"5":[2,0],"6":[0,2],"7":[2,2,2],"8":[0,3],"9":[0,3],"10":[3,3],"11":[0,1],"12":[0,1],"13":[1,1],"14":[0,1],"15":[1,1],"16":[1,0],"17":[0,2],"18":[2,2],"19":[0,1],"20":[1,0]},"inputSourceMap":{"version":3,"mappings":";8/BAAA,iWACA,wBAAyB,oDACzB,oBAAqB,gDACrB,iBAA6B,2BAC7B,IAAAA,cAAqC,8BAErC,MAAM,cAAgB,OAAC,KAAiB,CACtC,MAAM,OAAS,IAAI,MAAM,GACzB,MAAM,OAAS,IAAI,QAAQ,GAE3B,GAAI,CAAC,OAAQ,CACX,MAAM,IAAI,gBAAAC,QAAS,IAAK,qBAAqB,CAC/C,CAEA,GAAI,CAAC,QAAU,MAAM,QAAQ,MAAM,EAAG,CACpC,MAAM,IAAI,gBAAAA,QAAS,IAAK,iBAAiB,CAC3C,CAEA,MAAO,CAAE,OAAQ,MAAO,CAC1B,EAbsB,iBAef,MAAM,cAAa,oBAAAC,SACxB,MAAO,IAAc,IAAe,OAAuB,CACzD,GAAI,CAAC,IAAI,MAAM,GAAI,CACjB,MAAM,IAAI,gBAAAD,QAAS,IAAK,qBAAqB,CAC/C,CAEA,MAAM,KAAO,MAAM,0BAAa,kBAAkB,IAAI,KAAK,GAAI,IAAI,IAAI,EAEvE,OAAO,IAAI,OAAO,GAAG,EAAE,KAAK,CAC1B,OAAQ,IACR,QAAS,4BACT,KAAM,IACR,CAAC,CACH,CACF,EAEO,MAAM,cAAa,oBAAAC,SACxB,MAAO,IAAc,IAAe,OAAuB,CACzD,MAAM,OAAS,IAAI,QAAQ,GAE3B,GAAI,CAAC,QAAU,MAAM,QAAQ,MAAM,EAAG,CACpC,MAAM,IAAI,gBAAAD,QAAS,IAAK,qBAAqB,CAC/C,CAEA,GAAI,CAAC,IAAI,MAAM,GAAI,CACjB,MAAM,IAAI,gBAAAA,QAAS,IAAK,qBAAqB,CAC/C,CAEA,MAAM,KAAO,MAAM,0BAAa,kBAC9B,OACA,IAAI,KAAK,GACT,IAAI,IACN,EAEA,OAAO,IAAI,OAAO,GAAG,EAAE,KAAK,CAC1B,OAAQ,IACR,QAAS,4BACT,KAAM,IACR,CAAC,CACH,CACF,EAEO,MAAM,aAAY,oBAAAC,SACvB,MAAO,IAAc,IAAe,OAAuB,CACzD,MAAM,OAAS,mCAAqB,UAAU,IAAI,KAAK,EACvD,GAAI,CAAC,OAAO,QAAS,CACnB,MAAM,aACJ,OAAO,MAAM,OAAO,CAAC,GAAG,SAAW,2BACrC,MAAM,IAAI,gBAAAD,QAAS,IAAK,YAAY,CACtC,CAEA,MAAM,QAAU,OAAO,KAEvB,MAAM,MAAQ,MAAM,0BAAa,iBAAiB,OAAO,EAEzD,OAAO,IAAI,OAAO,GAAG,EAAE,KAAK,CAC1B,OAAQ,IACR,QAAS,4BACT,KAAM,KACR,CAAC,CACH,CACF,EAEO,MAAM,eAAc,oBAAAC,SACzB,MAAO,IAAc,IAAe,OAAuB,CACzD,MAAM,GAAK,IAAI,QAAQ,GACvB,GAAI,CAAC,IAAM,MAAM,QAAQ,EAAE,EAAG,CAC5B,MAAM,IAAI,gBAAAD,QAAS,IAAK,qBAAqB,CAC/C,CAEA,MAAM,KAAO,MAAM,0BAAa,mBAAmB,EAAE,EAErD,OAAO,IAAI,OAAO,GAAG,EAAE,KAAK,CAC1B,OAAQ,IACR,QAAS,6BACT,KAAM,IACR,CAAC,CACH,CACF,EAEO,MAAM,eAAc,oBAAAC,SACzB,MAAO,IAAc,IAAe,OAAuB,CACzD,GAAI,CAAC,IAAI,MAAM,GAAI,CACjB,MAAM,IAAI,gBAAAD,QAAS,IAAK,qBAAqB,CAC/C,CAEA,MAAM,YAAc,MAAM,0BAAa,mBAAmB,IAAI,KAAK,EAAE,EAErE,OAAO,IAAI,OAAO,GAAG,EAAE,KAAK,CAC1B,OAAQ,IACR,QAAS,4BACT,KAAM,WACR,CAAC,CACH,CACF,EAEO,MAAM,gBAAe,oBAAAC,SAC1B,MAAO,IAAc,IAAe,OAAuB,CACzD,KAAM,CAAE,OAAQ,MAAO,EAAI,cAAc,GAAG,EAE5C,MAAM,KAAO,MAAM,0BAAa,oBAAoB,OAAQ,MAAM,EAElE,OAAO,IAAI,OAAO,GAAG,EAAE,KAAK,CAC1B,OAAQ,IACR,QAAS,4BACT,KAAM,IACR,CAAC,CACH,CACF,EAEO,MAAM,kBAAiB,oBAAAA,SAC5B,MAAO,IAAc,IAAe,OAAuB,CACzD,KAAM,CAAE,OAAQ,MAAO,EAAI,cAAc,GAAG,EAE5C,MAAM,KAAO,MAAM,0BAAa,sBAAsB,OAAQ,MAAM,EAEpE,OAAO,IAAI,OAAO,GAAG,EAAE,KAAK,CAC1B,OAAQ,IACR,QAAS,4BACT,KAAM,IACR,CAAC,CACH,CACF,EAEO,MAAM,kBAAiB,oBAAAA,SAC5B,MAAO,IAAc,IAAe,OAAuB,CACzD,KAAM,CAAE,OAAQ,MAAO,EAAI,cAAc,GAAG,EAE5C,MAAM,KAAO,MAAM,0BAAa,sBAAsB,OAAQ,MAAM,EAEpE,OAAO,IAAI,OAAO,GAAG,EAAE,KAAK,CAC1B,OAAQ,IACR,QAAS,4BACT,KAAM,IACR,CAAC,CACH,CACF","names":["import_units","ApiError","asyncHandler"],"ignoreList":[],"sources":["D:\\projects\\Nestly\\backend\\src\\modules\\units\\units.controller.ts"],"sourcesContent":[null]},"_coverageSchema":"1a1c01bbd47fc00a2c39e90264f33305004495a9","hash":"c92fb9da981c5cc0b0d220db2a59e92eeea2fbd1","contentHash":"fc2d4ed8d92956c07b818b20e176a430eb96d000c4dc11a160b905acaf1d011d"},"D:\\projects\\Nestly\\backend\\src\\modules\\units\\units.validation.ts":{"path":"D:\\projects\\Nestly\\backend\\src\\modules\\units\\units.validation.ts","statementMap":{"0":{"start":{"line":1,"column":0},"end":{"line":1,"column":85}},"1":{"start":{"line":1,"column":85},"end":{"line":3,"column":4}},"2":{"start":{"line":2,"column":26},"end":{"line":2,"column":39}},"3":{"start":{"line":2,"column":54},"end":{"line":2,"column":75}},"4":{"start":{"line":2,"column":97},"end":{"line":2,"column":128}},"5":{"start":{"line":2,"column":151},"end":{"line":2,"column":177}},"6":{"start":{"line":2,"column":195},"end":{"line":2,"column":216}},"7":{"start":{"line":2,"column":234},"end":{"line":2,"column":265}},"8":{"start":{"line":2,"column":279},"end":{"line":2,"column":369}},"9":{"start":{"line":2,"column":294},"end":{"line":2,"column":368}},"10":{"start":{"line":2,"column":314},"end":{"line":2,"column":368}},"11":{"start":{"line":2,"column":386},"end":{"line":2,"column":663}},"12":{"start":{"line":2,"column":410},"end":{"line":2,"column":653}},"13":{"start":{"line":2,"column":469},"end":{"line":2,"column":652}},"14":{"start":{"line":2,"column":508},"end":{"line":2,"column":652}},"15":{"start":{"line":2,"column":552},"end":{"line":2,"column":652}},"16":{"start":{"line":2,"column":578},"end":{"line":2,"column":587}},"17":{"start":{"line":2,"column":653},"end":{"line":2,"column":662}},"18":{"start":{"line":2,"column":676},"end":{"line":2,"column":864}},"19":{"start":{"line":2,"column":702},"end":{"line":2,"column":863}},"20":{"start":{"line":2,"column":882},"end":{"line":2,"column":943}},"21":{"start":{"line":2,"column":887},"end":{"line":2,"column":943}},"22":{"start":{"line":2,"column":973},"end":{"line":2,"column":975}},"23":{"start":{"line":2,"column":976},"end":{"line":2,"column":1087}},"24":{"start":{"line":2,"column":1036},"end":{"line":2,"column":1056}},"25":{"start":{"line":2,"column":1073},"end":{"line":2,"column":1084}},"26":{"start":{"line":2,"column":1087},"end":{"line":2,"column":1141}},"27":{"start":{"line":2,"column":1156},"end":{"line":2,"column":1179}},"28":{"start":{"line":2,"column":1198},"end":{"line":2,"column":1567}},"29":{"start":{"line":2,"column":1595},"end":{"line":2,"column":1999}},"30":{"start":{"line":2,"column":2000},"end":{"line":2,"column":2055}}},"fnMap":{"0":{"name":"(anonymous_0)","decl":{"start":{"line":1,"column":86},"end":{"line":1,"column":87}},"loc":{"start":{"line":1,"column":90},"end":{"line":3,"column":1}},"line":1},"1":{"name":"(anonymous_1)","decl":{"start":{"line":2,"column":279},"end":{"line":2,"column":280}},"loc":{"start":{"line":2,"column":293},"end":{"line":2,"column":369}},"line":2},"2":{"name":"(anonymous_2)","decl":{"start":{"line":2,"column":386},"end":{"line":2,"column":387}},"loc":{"start":{"line":2,"column":409},"end":{"line":2,"column":663}},"line":2},"3":{"name":"(anonymous_3)","decl":{"start":{"line":2,"column":574},"end":{"line":2,"column":575}},"loc":{"start":{"line":2,"column":578},"end":{"line":2,"column":587}},"line":2},"4":{"name":"(anonymous_4)","decl":{"start":{"line":2,"column":676},"end":{"line":2,"column":677}},"loc":{"start":{"line":2,"column":702},"end":{"line":2,"column":863}},"line":2},"5":{"name":"(anonymous_5)","decl":{"start":{"line":2,"column":882},"end":{"line":2,"column":883}},"loc":{"start":{"line":2,"column":887},"end":{"line":2,"column":943}},"line":2},"6":{"name":"(anonymous_6)","decl":{"start":{"line":2,"column":1032},"end":{"line":2,"column":1033}},"loc":{"start":{"line":2,"column":1036},"end":{"line":2,"column":1056}},"line":2},"7":{"name":"(anonymous_7)","decl":{"start":{"line":2,"column":1069},"end":{"line":2,"column":1070}},"loc":{"start":{"line":2,"column":1073},"end":{"line":2,"column":1084}},"line":2}},"branchMap":{"0":{"loc":{"start":{"line":2,"column":410},"end":{"line":2,"column":653}},"type":"if","locations":[{"start":{"line":2,"column":410},"end":{"line":2,"column":653}},{"start":{},"end":{}}],"line":2},"1":{"loc":{"start":{"line":2,"column":413},"end":{"line":2,"column":467}},"type":"binary-expr","locations":[{"start":{"line":2,"column":413},"end":{"line":2,"column":417}},{"start":{"line":2,"column":419},"end":{"line":2,"column":441}},{"start":{"line":2,"column":443},"end":{"line":2,"column":467}}],"line":2},"2":{"loc":{"start":{"line":2,"column":508},"end":{"line":2,"column":652}},"type":"if","locations":[{"start":{"line":2,"column":508},"end":{"line":2,"column":652}},{"start":{},"end":{}}],"line":2},"3":{"loc":{"start":{"line":2,"column":511},"end":{"line":2,"column":551}},"type":"binary-expr","locations":[{"start":{"line":2,"column":511},"end":{"line":2,"column":537}},{"start":{"line":2,"column":539},"end":{"line":2,"column":551}}],"line":2},"4":{"loc":{"start":{"line":2,"column":599},"end":{"line":2,"column":650}},"type":"binary-expr","locations":[{"start":{"line":2,"column":599},"end":{"line":2,"column":633}},{"start":{"line":2,"column":635},"end":{"line":2,"column":650}}],"line":2},"5":{"loc":{"start":{"line":2,"column":709},"end":{"line":2,"column":749}},"type":"cond-expr","locations":[{"start":{"line":2,"column":719},"end":{"line":2,"column":746}},{"start":{"line":2,"column":747},"end":{"line":2,"column":749}}],"line":2},"6":{"loc":{"start":{"line":2,"column":762},"end":{"line":2,"column":858}},"type":"cond-expr","locations":[{"start":{"line":2,"column":796},"end":{"line":2,"column":851}},{"start":{"line":2,"column":852},"end":{"line":2,"column":858}}],"line":2},"7":{"loc":{"start":{"line":2,"column":762},"end":{"line":2,"column":795}},"type":"binary-expr","locations":[{"start":{"line":2,"column":762},"end":{"line":2,"column":772}},{"start":{"line":2,"column":774},"end":{"line":2,"column":778}},{"start":{"line":2,"column":780},"end":{"line":2,"column":795}}],"line":2},"8":{"loc":{"start":{"line":2,"column":2000},"end":{"line":2,"column":2054}},"type":"binary-expr","locations":[{"start":{"line":2,"column":2000},"end":{"line":2,"column":2001}},{"start":{"line":2,"column":2004},"end":{"line":2,"column":2053}}],"line":2}},"s":{"0":1,"1":1,"2":1,"3":1,"4":1,"5":1,"6":1,"7":1,"8":1,"9":1,"10":2,"11":1,"12":2,"13":2,"14":243,"15":243,"16":17,"17":2,"18":1,"19":1,"20":1,"21":1,"22":1,"23":1,"24":2,"25":0,"26":1,"27":1,"28":1,"29":1,"30":1},"f":{"0":1,"1":1,"2":2,"3":17,"4":1,"5":1,"6":2,"7":0},"b":{"0":[2,0],"1":[2,2,0],"2":[243,0],"3":[243,243],"4":[243,243],"5":[1,0],"6":[0,1],"7":[1,1,1],"8":[1,0]},"inputSourceMap":{"version":3,"mappings":";g7BAAA,oNAAc,wBAEP,MAAM,YAAc,WAAAA,QAAE,OAAO,CAClC,MAAO,WAAAA,QAAE,OAAO,EAChB,YAAa,WAAAA,QACV,OAAO,EACP,IAAI,EAAG,kDAAkD,EAC5D,cAAe,WAAAA,QAAE,OAAO,EAAE,SAAS,EACnC,UAAW,WAAAA,QAAE,OAAO,EAAE,SAAS,EAC/B,OAAQ,WAAAA,QAAE,KAAK,EACf,WAAY,WAAAA,QAAE,KAAK,EACnB,WAAY,WAAAA,QAAE,KAAK,CACrB,CAAC,EAKM,MAAM,qBAAuB,WAAAA,QAAE,OAAO,CAC3C,OAAQ,WAAAA,QAAE,KAAK,EAAE,SAAS,EAC1B,WAAY,WAAAA,QAAE,KAAK,EAAE,SAAS,EAC9B,SAAU,WAAAA,QAAE,OAAO,OAAO,EAAE,YAAY,EAAE,SAAS,EACnD,SAAU,WAAAA,QAAE,OAAO,OAAO,EAAE,YAAY,EAAE,SAAS,EACnD,KAAM,WAAAA,QAAE,OAAO,OAAO,EAAE,IAAI,EAAE,SAAS,EAAE,QAAQ,CAAC,EAClD,MAAO,WAAAA,QAAE,OAAO,OAAO,EAAE,IAAI,EAAE,SAAS,EAAE,IAAI,EAAE,EAAE,QAAQ,EAAE,CAC9D,CAAC","names":["z"],"ignoreList":[],"sources":["D:\\projects\\Nestly\\backend\\src\\modules\\units\\units.validation.ts"],"sourcesContent":[null]},"_coverageSchema":"1a1c01bbd47fc00a2c39e90264f33305004495a9","hash":"c1757ea5423aec1aa666ae28687416dc11d06863","contentHash":"13e83631a8c021be3ada8705c5afcc7546eb0967ac80002f17c8d20ce3251a68"}}